#
# A fatal error has been detected by the Java Runtime Environment:
#
#  SIGSEGV (0xb) at pc=0x00007f39e35bf508, pid=15413, tid=139884834264832
#
# JRE version: OpenJDK Runtime Environment (8.0_45-b14) (build 1.8.0_45-internal-b14)
# Java VM: OpenJDK 64-Bit Server VM (25.45-b02 mixed mode linux-amd64 compressed oops)
# Problematic frame:
# C  [_jpype.so+0x2a508]  JPMethod::findOverload(std::vector<HostRef*, std::allocator<HostRef*> >&, bool)+0x68
#
# Failed to write core dump. Core dumps have been disabled. To enable core dumping, try "ulimit -c unlimited" before starting Java again
#
# If you would like to submit a bug report, please visit:
#   http://bugreport.java.com/bugreport/crash.jsp
# The crash happened outside the Java Virtual Machine in native code.
# See problematic frame for where to report the bug.
#

---------------  T H R E A D  ---------------

Current thread (0x00007f3964001000):  JavaThread "Thread-4" [_thread_in_native, id=15438, stack(0x00007f39795b1000,0x00007f3979db2000)]

siginfo: si_signo: 11 (SIGSEGV), si_code: 1 (SEGV_MAPERR), si_addr: 0x0000000000000030

Registers:
RAX=0x0000000000000000, RBX=0x00007f3979daeed0, RCX=0x00007f396401bd48, RDX=0x00007f39e334b5a1
RSP=0x00007f3979daede0, RBP=0x0000000000000000, RSI=0x00007f39e35fc433, RDI=0x00007f39e35fc433
R8 =0x0000000000000000, R9 =0x00007f396401bd20, R10=0x00007f39e35f4080, R11=0x0000000000936400
R12=0x0000000000000000, R13=0x0000000000000000, R14=0x00007f3979daee10, R15=0x00007f397b5bfe10
RIP=0x00007f39e35bf508, EFLAGS=0x0000000000010283, CSGSFS=0x0000000000000033, ERR=0x0000000000000004
  TRAPNO=0x000000000000000e

Top of Stack: (sp=0x00007f3979daede0)
0x00007f3979daede0:   0000000000000008 00007f3979daeed0
0x00007f3979daedf0:   00007f3979daeef0 00007f3979daee20
0x00007f3979daee00:   0000000000000008 0000000000000000
0x00007f3979daee10:   00007f3979daeef0 0000000000000000
0x00007f3979daee20:   00007f39e3813ef0 00007f396401bd48
0x00007f3979daee30:   0000000000000008 ee2a3cc8b6f60800
0x00007f3979daee40:   00007f3979daeed0 00007f3979daeed0
0x00007f3979daee50:   0000000000000000 00007f3964002850
0x00007f3979daee60:   00007f3979daeef0 0000000000000001
0x00007f3979daee70:   00007f397b5bfe10 00007f39e35bf7f3
0x00007f3979daee80:   00007f3964002850 00007f397b5f0650
0x00007f3979daee90:   0000000000000001 00007f39e35f4196
0x00007f3979daeea0:   00007f3979daeeb0 00007f3979daeec8
0x00007f3979daeeb0:   00007f3979daeed0 00007f397b5e5c78
0x00007f3979daeec0:   00007f39e4fa3ba0 00007f3964002850
0x00007f3979daeed0:   00007f396400dea0 00007f396400dea8
0x00007f3979daeee0:   00007f396400dea8 000000000055bc0a
0x00007f3979daeef0:   00007f39e38145b0 0000000000000000
0x00007f3979daef00:   0000000000000000 0000000000000000
0x00007f3979daef10:   0000000000000000 0000000000000000
0x00007f3979daef20:   0000000000000000 00007f396400e510
0x00007f3979daef30:   00007f396400e518 00007f396400e518
0x00007f3979daef40:   00007f397b5e5c78 ee2a3cc8b6f60800
0x00007f3979daef50:   00000000009396c0 00007f397b5db320
0x00007f3979daef60:   00007f397b5bfd90 0000000000000000
0x00007f3979daef70:   00007f39e4fe1fc0 00007f397b5bfe10
0x00007f3979daef80:   00000000026ff840 00000000004d083b
0x00007f3979daef90:   0000000000000000 00007f397b5ca9b0
0x00007f3979daefa0:   00007f39e4fe1f54 00007f397b5cab28
0x00007f3979daefb0:   00000000026ff840 00007f39e4f3b9e0
0x00007f3979daefc0:   00007f3900000000 00007f39e4f19640
0x00007f3979daefd0:   0000000000000000 0000000000000000 

Instructions: (pc=0x00007f39e35bf508)
0x00007f39e35bf4e8:   48 89 44 24 40 48 8d 44 24 40 48 89 44 24 18 e8
0x00007f39e35bf4f8:   04 56 ff ff 48 8d 3d 30 cf 03 00 e8 48 6f 00 00
0x00007f39e35bf508:   49 8b 5c 24 30 48 8d 44 24 2f 49 83 c4 20 45 31
0x00007f39e35bf518:   ff c6 44 24 50 00 48 c7 04 24 00 00 00 00 48 89 

Register to memory mapping:

RAX=0x0000000000000000 is an unknown value
RBX=0x00007f3979daeed0 is pointing into the stack for thread: 0x00007f3964001000
RCX=0x00007f396401bd48 is an unknown value
RDX=0x00007f39e334b5a1: _ZNSsC2EPKcRKSaIcE+0x21 in /usr/lib/x86_64-linux-gnu/libstdc++.so.6 at 0x00007f39e3286000
RSP=0x00007f3979daede0 is pointing into the stack for thread: 0x00007f3964001000
RBP=0x0000000000000000 is an unknown value
RSI=0x00007f39e35fc433: <offset 0x67433> in /usr/local/lib/python2.7/dist-packages/JPype1-0.6.0-py2.7-linux-x86_64.egg/_jpype.so at 0x00007f39e3595000
RDI=0x00007f39e35fc433: <offset 0x67433> in /usr/local/lib/python2.7/dist-packages/JPype1-0.6.0-py2.7-linux-x86_64.egg/_jpype.so at 0x00007f39e3595000
R8 =0x0000000000000000 is an unknown value
R9 =0x00007f396401bd20 is an unknown value
R10=0x00007f39e35f4080: _ZN9PyJPClass16newClassInstanceEP7_objectS1_+0 in /usr/local/lib/python2.7/dist-packages/JPype1-0.6.0-py2.7-linux-x86_64.egg/_jpype.so at 0x00007f39e3595000
R11=0x0000000000936400: PyCFunction_Type+0 in python at 0x0000000000400000
R12=0x0000000000000000 is an unknown value
R13=0x0000000000000000 is an unknown value
R14=0x00007f3979daee10 is pointing into the stack for thread: 0x00007f3964001000
R15=0x00007f397b5bfe10 is an unknown value


Stack: [0x00007f39795b1000,0x00007f3979db2000],  sp=0x00007f3979daede0,  free space=8183k
Native frames: (J=compiled Java code, j=interpreted, Vv=VM code, C=native code)
C  [_jpype.so+0x2a508]  JPMethod::findOverload(std::vector<HostRef*, std::allocator<HostRef*> >&, bool)+0x68


---------------  P R O C E S S  ---------------

Java Threads: ( => current thread )
  0x00007f3950001000 JavaThread "Thread-8" [_thread_in_native, id=15442, stack(0x00007f3962ffe000,0x00007f39637ff000)]
  0x00007f3958001000 JavaThread "Thread-7" [_thread_in_Java, id=15441, stack(0x00007f39637ff000,0x00007f3964000000)]
  0x00007f395c001000 JavaThread "Thread-6" [_thread_in_native, id=15440, stack(0x00007f39785af000,0x00007f3978db0000)]
  0x00007f3968001000 JavaThread "Thread-5" [_thread_in_native, id=15439, stack(0x00007f3978db0000,0x00007f39795b1000)]
=>0x00007f3964001000 JavaThread "Thread-4" [_thread_in_native, id=15438, stack(0x00007f39795b1000,0x00007f3979db2000)]
  0x00007f3970001000 JavaThread "Thread-3" [_thread_in_native, id=15437, stack(0x00007f3979db2000,0x00007f397a5b3000)]
  0x00007f396c001000 JavaThread "Thread-2" [_thread_in_native, id=15436, stack(0x00007f397a5b3000,0x00007f397adb4000)]
  0x00007f3974001000 JavaThread "Thread-1" [_thread_in_native, id=15435, stack(0x00007f397adb4000,0x00007f397b5b5000)]
  0x00000000026fc000 JavaThread "Thread-0" [_thread_blocked, id=15432, stack(0x00007f39c0b7a000,0x00007f39c0c7b000)]
  0x00000000026dd000 JavaThread "Service Thread" daemon [_thread_blocked, id=15430, stack(0x00007f39c0d7c000,0x00007f39c0e7d000)]
  0x00000000026d0000 JavaThread "C1 CompilerThread3" daemon [_thread_in_native, id=15429, stack(0x00007f39c0e7d000,0x00007f39c0f7e000)]
  0x00000000026cd800 JavaThread "C2 CompilerThread2" daemon [_thread_in_native, id=15428, stack(0x00007f39c0f7e000,0x00007f39c107f000)]
  0x00000000026cb800 JavaThread "C2 CompilerThread1" daemon [_thread_in_native, id=15427, stack(0x00007f39c107f000,0x00007f39c1180000)]
  0x00000000026be000 JavaThread "C2 CompilerThread0" daemon [_thread_in_native, id=15426, stack(0x00007f39c1180000,0x00007f39c1281000)]
  0x0000000002631000 JavaThread "Signal Dispatcher" daemon [_thread_blocked, id=15425, stack(0x00007f39c1de6000,0x00007f39c1ee7000)]
  0x0000000002607000 JavaThread "Finalizer" daemon [_thread_blocked, id=15424, stack(0x00007f39c1ee7000,0x00007f39c1fe8000)]
  0x0000000002605000 JavaThread "Reference Handler" daemon [_thread_blocked, id=15423, stack(0x00007f39c1fe8000,0x00007f39c20e9000)]
  0x0000000002440800 JavaThread "main" [_thread_in_native, id=15413, stack(0x00007ffd6e3a3000,0x00007ffd6e4a3000)]

Other Threads:
  0x0000000002600000 VMThread [stack: 0x00007f39c20e9000,0x00007f39c21ea000] [id=15422]
  0x00000000026df800 WatcherThread [stack: 0x00007f39c0c7b000,0x00007f39c0d7c000] [id=15431]

VM state:not at safepoint (normal execution)

VM Mutex/Monitor currently owned by a thread: None

Heap:
 PSYoungGen      total 228864K, used 45187K [0x00000000d7000000, 0x00000000f5d80000, 0x0000000100000000)
  eden space 139776K, 24% used [0x00000000d7000000,0x00000000d912dbd0,0x00000000df880000)
  from space 89088K, 12% used [0x00000000df880000,0x00000000e03732a0,0x00000000e4f80000)
  to   space 148480K, 0% used [0x00000000ecc80000,0x00000000ecc80000,0x00000000f5d80000)
 ParOldGen       total 493056K, used 303825K [0x0000000085000000, 0x00000000a3180000, 0x00000000d7000000)
  object space 493056K, 61% used [0x0000000085000000,0x00000000978b45d8,0x00000000a3180000)
 Metaspace       used 5044K, capacity 5564K, committed 5760K, reserved 1056768K
  class space    used 544K, capacity 592K, committed 640K, reserved 1048576K

Card table byte_map: [0x00007f39d14a5000,0x00007f39d187e000] byte_map_base: 0x00007f39d107d000

Marking Bits: (ParMarkBitMap*) 0x00007f39e3054e80
 Begin Bits: [0x00007f39c8280000, 0x00007f39ca140000)
 End Bits:   [0x00007f39ca140000, 0x00007f39cc000000)

Polling page: 0x00007f39e5070000

CodeCache: size=245760Kb used=2804Kb max_used=2804Kb free=242955Kb
 bounds [0x00007f39d1c3e000, 0x00007f39d1efe000, 0x00007f39e0c3e000]
 total_blobs=915 nmethods=647 adapters=183
 compilation: enabled

Compilation events (10 events):
Event: 2.490 Thread 0x00000000026d0000 nmethod 645 0x00007f39d1ef2fd0 code [0x00007f39d1ef3120, 0x00007f39d1ef3270]
Event: 2.490 Thread 0x00000000026d0000  642       3       java.util.Date::getCalendarSystem (15 bytes)
Event: 2.490 Thread 0x00000000026d0000 nmethod 642 0x00007f39d1ef7150 code [0x00007f39d1ef72e0, 0x00007f39d1ef77e8]
Event: 2.490 Thread 0x00000000026d0000  643       1       sun.util.calendar.CalendarDate::isStandardTime (5 bytes)
Event: 2.490 Thread 0x00000000026d0000 nmethod 643 0x00007f39d1ef2c90 code [0x00007f39d1ef2de0, 0x00007f39d1ef2ef0]
Event: 2.490 Thread 0x00000000026d0000  644       1       sun.util.calendar.BaseCalendar$Date::getCachedYear (5 bytes)
Event: 2.490 Thread 0x00000000026d0000 nmethod 644 0x00007f39d1ef6e90 code [0x00007f39d1ef6fe0, 0x00007f39d1ef70f0]
Event: 2.492 Thread 0x00000000026d0000  646       3       java.util.regex.Pattern::has (15 bytes)
Event: 2.492 Thread 0x00000000026d0000 nmethod 646 0x00007f39d1ef6910 code [0x00007f39d1ef6a80, 0x00007f39d1ef6c30]
Event: 2.492 Thread 0x00000000026d0000  647 %     3       edu.stanford.nlp.parser.lexparser.ExhaustivePCFGParser::<init> @ 212 (251 bytes)

GC Heap History (10 events):
Event: 0.846 GC heap before
{Heap before GC invocations=6 (full 1):
 PSYoungGen      total 101888K, used 101856K [0x00000000d7000000, 0x00000000df600000, 0x0000000100000000)
  eden space 96768K, 100% used [0x00000000d7000000,0x00000000dce80000,0x00000000dce80000)
  from space 5120K, 99% used [0x00000000df100000,0x00000000df5f8040,0x00000000df600000)
  to   space 5120K, 0% used [0x00000000dec00000,0x00000000dec00000,0x00000000df100000)
 ParOldGen       total 189440K, used 118491K [0x0000000085000000, 0x0000000090900000, 0x00000000d7000000)
  object space 189440K, 62% used [0x0000000085000000,0x000000008c3b6dd8,0x0000000090900000)
 Metaspace       used 4706K, capacity 5342K, committed 5504K, reserved 1056768K
  class space    used 503K, capacity 539K, committed 640K, reserved 1048576K
Event: 0.931 GC heap after
Heap after GC invocations=6 (full 1):
 PSYoungGen      total 132096K, used 5088K [0x00000000d7000000, 0x00000000e9900000, 0x0000000100000000)
  eden space 126976K, 0% used [0x00000000d7000000,0x00000000d7000000,0x00000000dec00000)
  from space 5120K, 99% used [0x00000000dec00000,0x00000000df0f8020,0x00000000df100000)
  to   space 75264K, 0% used [0x00000000e4f80000,0x00000000e4f80000,0x00000000e9900000)
 ParOldGen       total 189440K, used 177003K [0x0000000085000000, 0x0000000090900000, 0x00000000d7000000)
  object space 189440K, 93% used [0x0000000085000000,0x000000008fcdaf38,0x0000000090900000)
 Metaspace       used 4706K, capacity 5342K, committed 5504K, reserved 1056768K
  class space    used 503K, capacity 539K, committed 640K, reserved 1048576K
}
Event: 0.931 GC heap before
{Heap before GC invocations=7 (full 2):
 PSYoungGen      total 132096K, used 5088K [0x00000000d7000000, 0x00000000e9900000, 0x0000000100000000)
  eden space 126976K, 0% used [0x00000000d7000000,0x00000000d7000000,0x00000000dec00000)
  from space 5120K, 99% used [0x00000000dec00000,0x00000000df0f8020,0x00000000df100000)
  to   space 75264K, 0% used [0x00000000e4f80000,0x00000000e4f80000,0x00000000e9900000)
 ParOldGen       total 189440K, used 177003K [0x0000000085000000, 0x0000000090900000, 0x00000000d7000000)
  object space 189440K, 93% used [0x0000000085000000,0x000000008fcdaf38,0x0000000090900000)
 Metaspace       used 4706K, capacity 5342K, committed 5504K, reserved 1056768K
  class space    used 503K, capacity 539K, committed 640K, reserved 1048576K
Event: 1.278 GC heap after
Heap after GC invocations=7 (full 2):
 PSYoungGen      total 132096K, used 0K [0x00000000d7000000, 0x00000000e9900000, 0x0000000100000000)
  eden space 126976K, 0% used [0x00000000d7000000,0x00000000d7000000,0x00000000dec00000)
  from space 5120K, 0% used [0x00000000dec00000,0x00000000dec00000,0x00000000df100000)
  to   space 75264K, 0% used [0x00000000e4f80000,0x00000000e4f80000,0x00000000e9900000)
 ParOldGen       total 304128K, used 163982K [0x0000000085000000, 0x0000000097900000, 0x00000000d7000000)
  object space 304128K, 53% used [0x0000000085000000,0x000000008f023a28,0x0000000097900000)
 Metaspace       used 4706K, capacity 5342K, committed 5504K, reserved 1056768K
  class space    used 503K, capacity 539K, committed 640K, reserved 1048576K
}
Event: 1.381 GC heap before
{Heap before GC invocations=8 (full 2):
 PSYoungGen      total 132096K, used 125314K [0x00000000d7000000, 0x00000000e9900000, 0x0000000100000000)
  eden space 126976K, 98% used [0x00000000d7000000,0x00000000dea60a28,0x00000000dec00000)
  from space 5120K, 0% used [0x00000000dec00000,0x00000000dec00000,0x00000000df100000)
  to   space 75264K, 0% used [0x00000000e4f80000,0x00000000e4f80000,0x00000000e9900000)
 ParOldGen       total 304128K, used 163982K [0x0000000085000000, 0x0000000097900000, 0x00000000d7000000)
  object space 304128K, 53% used [0x0000000085000000,0x000000008f023a28,0x0000000097900000)
 Metaspace       used 4795K, capacity 5422K, committed 5504K, reserved 1056768K
  class space    used 512K, capacity 579K, committed 640K, reserved 1048576K
Event: 1.467 GC heap after
Heap after GC invocations=8 (full 2):
 PSYoungGen      total 215040K, used 74816K [0x00000000d7000000, 0x00000000ed080000, 0x0000000100000000)
  eden space 139776K, 0% used [0x00000000d7000000,0x00000000d7000000,0x00000000df880000)
  from space 75264K, 99% used [0x00000000e4f80000,0x00000000e9890160,0x00000000e9900000)
  to   space 89088K, 0% used [0x00000000df880000,0x00000000df880000,0x00000000e4f80000)
 ParOldGen       total 304128K, used 163990K [0x0000000085000000, 0x0000000097900000, 0x00000000d7000000)
  object space 304128K, 53% used [0x0000000085000000,0x000000008f025a28,0x0000000097900000)
 Metaspace       used 4795K, capacity 5422K, committed 5504K, reserved 1056768K
  class space    used 512K, capacity 579K, committed 640K, reserved 1048576K
}
Event: 1.567 GC heap before
{Heap before GC invocations=9 (full 2):
 PSYoungGen      total 215040K, used 214592K [0x00000000d7000000, 0x00000000ed080000, 0x0000000100000000)
  eden space 139776K, 100% used [0x00000000d7000000,0x00000000df880000,0x00000000df880000)
  from space 75264K, 99% used [0x00000000e4f80000,0x00000000e9890160,0x00000000e9900000)
  to   space 89088K, 0% used [0x00000000df880000,0x00000000df880000,0x00000000e4f80000)
 ParOldGen       total 304128K, used 163990K [0x0000000085000000, 0x0000000097900000, 0x00000000d7000000)
  object space 304128K, 53% used [0x0000000085000000,0x000000008f025a28,0x0000000097900000)
 Metaspace       used 4884K, capacity 5506K, committed 5760K, reserved 1056768K
  class space    used 524K, capacity 593K, committed 640K, reserved 1048576K
Event: 1.751 GC heap after
Heap after GC invocations=9 (full 2):
 PSYoungGen      total 228864K, used 89056K [0x00000000d7000000, 0x00000000f5d80000, 0x0000000100000000)
  eden space 139776K, 0% used [0x00000000d7000000,0x00000000d7000000,0x00000000df880000)
  from space 89088K, 99% used [0x00000000df880000,0x00000000e4f781f0,0x00000000e4f80000)
  to   space 148480K, 0% used [0x00000000ecc80000,0x00000000ecc80000,0x00000000f5d80000)
 ParOldGen       total 304128K, used 251602K [0x0000000085000000, 0x0000000097900000, 0x00000000d7000000)
  object space 304128K, 82% used [0x0000000085000000,0x00000000945b4bc8,0x0000000097900000)
 Metaspace       used 4884K, capacity 5506K, committed 5760K, reserved 1056768K
  class space    used 524K, capacity 593K, committed 640K, reserved 1048576K
}
Event: 1.751 GC heap before
{Heap before GC invocations=10 (full 3):
 PSYoungGen      total 228864K, used 89056K [0x00000000d7000000, 0x00000000f5d80000, 0x0000000100000000)
  eden space 139776K, 0% used [0x00000000d7000000,0x00000000d7000000,0x00000000df880000)
  from space 89088K, 99% used [0x00000000df880000,0x00000000e4f781f0,0x00000000e4f80000)
  to   space 148480K, 0% used [0x00000000ecc80000,0x00000000ecc80000,0x00000000f5d80000)
 ParOldGen       total 304128K, used 251602K [0x0000000085000000, 0x0000000097900000, 0x00000000d7000000)
  object space 304128K, 82% used [0x0000000085000000,0x00000000945b4bc8,0x0000000097900000)
 Metaspace       used 4884K, capacity 5506K, committed 5760K, reserved 1056768K
  class space    used 524K, capacity 593K, committed 640K, reserved 1048576K
Event: 2.342 GC heap after
Heap after GC invocations=10 (full 3):
 PSYoungGen      total 228864K, used 11212K [0x00000000d7000000, 0x00000000f5d80000, 0x0000000100000000)
  eden space 139776K, 0% used [0x00000000d7000000,0x00000000d7000000,0x00000000df880000)
  from space 89088K, 12% used [0x00000000df880000,0x00000000e03732a0,0x00000000e4f80000)
  to   space 148480K, 0% used [0x00000000ecc80000,0x00000000ecc80000,0x00000000f5d80000)
 ParOldGen       total 493056K, used 303825K [0x0000000085000000, 0x00000000a3180000, 0x00000000d7000000)
  object space 493056K, 61% used [0x0000000085000000,0x00000000978b45d8,0x00000000a3180000)
 Metaspace       used 4880K, capacity 5500K, committed 5760K, reserved 1056768K
  class space    used 524K, capacity 592K, committed 640K, reserved 1048576K
}

Deoptimization events (10 events):
Event: 2.432 Thread 0x00007f3974001000 Uncommon trap: reason=array_check action=maybe_recompile pc=0x00007f39d1ec77f0 method=java.util.Arrays.fill([Ljava/lang/Object;IILjava/lang/Object;)V @ 20
Event: 2.432 Thread 0x00007f3950001000 Uncommon trap: reason=array_check action=maybe_recompile pc=0x00007f39d1ec77f0 method=java.util.Arrays.fill([Ljava/lang/Object;IILjava/lang/Object;)V @ 20
Event: 2.432 Thread 0x00007f3974001000 Uncommon trap: reason=array_check action=maybe_recompile pc=0x00007f39d1ec77f0 method=java.util.Arrays.fill([Ljava/lang/Object;IILjava/lang/Object;)V @ 20
Event: 2.432 Thread 0x00007f3950001000 Uncommon trap: reason=array_check action=maybe_recompile pc=0x00007f39d1ec77f0 method=java.util.Arrays.fill([Ljava/lang/Object;IILjava/lang/Object;)V @ 20
Event: 2.432 Thread 0x00007f3950001000 Uncommon trap: reason=array_check action=maybe_recompile pc=0x00007f39d1ec77f0 method=java.util.Arrays.fill([Ljava/lang/Object;IILjava/lang/Object;)V @ 20
Event: 2.432 Thread 0x00007f3974001000 Uncommon trap: reason=array_check action=maybe_recompile pc=0x00007f39d1ec77f0 method=java.util.Arrays.fill([Ljava/lang/Object;IILjava/lang/Object;)V @ 20
Event: 2.445 Thread 0x00007f3970001000 Uncommon trap: reason=array_check action=maybe_recompile pc=0x00007f39d1ed5428 method=java.util.Arrays.fill([Ljava/lang/Object;IILjava/lang/Object;)V @ 20
Event: 2.447 Thread 0x00007f396c001000 Uncommon trap: reason=unstable_if action=reinterpret pc=0x00007f39d1ec4b0c method=java.util.HashMap.getNode(ILjava/lang/Object;)Ljava/util/HashMap$Node; @ 116
Event: 2.447 Thread 0x00007f3970001000 Uncommon trap: reason=unstable_if action=reinterpret pc=0x00007f39d1ec4b0c method=java.util.HashMap.getNode(ILjava/lang/Object;)Ljava/util/HashMap$Node; @ 116
Event: 2.447 Thread 0x00007f3974001000 Uncommon trap: reason=unstable_if action=reinterpret pc=0x00007f39d1ec3c24 method=java.util.HashMap.getNode(ILjava/lang/Object;)Ljava/util/HashMap$Node; @ 116

Internal exceptions (10 events):
Event: 0.370 Thread 0x00007f3958001000 Implicit null exception at 0x00007f39d1dd88b8 to 0x00007f39d1dd8d8d
Event: 0.372 Thread 0x00007f3958001000 Implicit null exception at 0x00007f39d1dd2126 to 0x00007f39d1dd2225
Event: 1.295 Thread 0x00007f3968001000 Implicit null exception at 0x00007f39d1e219c8 to 0x00007f39d1e21cb1
Event: 1.301 Thread 0x00007f3958001000 Implicit null exception at 0x00007f39d1e049d2 to 0x00007f39d1e04cc1
Event: 1.518 Thread 0x00007f3970001000 Implicit null exception at 0x00007f39d1e1a543 to 0x00007f39d1e1ac75
Event: 2.483 Thread 0x00007f3950001000 Exception <a 'java/lang/NoClassDefFoundError': Ledu/stanford/nlp/process;> (0x00000000d8f9d138) thrown at [/build/buildd/openjdk-8-8u45-b14/src/hotspot/src/share/vm/classfile/systemDictionary.cpp, line 199]
Event: 2.492 Thread 0x00007f3964001000 Exception <a 'java/lang/NoClassDefFoundError': Ledu/stanford/nlp/process;> (0x00000000d9043838) thrown at [/build/buildd/openjdk-8-8u45-b14/src/hotspot/src/share/vm/classfile/systemDictionary.cpp, line 199]
Event: 2.492 Thread 0x00007f3968001000 Exception <a 'java/lang/NoClassDefFoundError': Ledu/stanford/nlp/process;> (0x00000000d9077ce8) thrown at [/build/buildd/openjdk-8-8u45-b14/src/hotspot/src/share/vm/classfile/systemDictionary.cpp, line 199]
Event: 2.492 Thread 0x00007f3974001000 Exception <a 'java/lang/NoClassDefFoundError': Ledu/stanford/nlp/process;> (0x00000000d8dc14d0) thrown at [/build/buildd/openjdk-8-8u45-b14/src/hotspot/src/share/vm/classfile/systemDictionary.cpp, line 199]
Event: 2.492 Thread 0x00007f3970001000 Exception <a 'java/lang/NoClassDefFoundError': Ledu/stanford/nlp/process;> (0x00000000d8cec848) thrown at [/build/buildd/openjdk-8-8u45-b14/src/hotspot/src/share/vm/classfile/systemDictionary.cpp, line 199]

Events (10 events):
Event: 2.492 loading class java/util/regex/Pattern$TreeInfo
Event: 2.492 loading class java/util/regex/Pattern$TreeInfo done
Event: 2.492 loading class edu/stanford/nlp/process
Event: 2.492 loading class edu/stanford/nlp/process done
Event: 2.492 loading class edu/stanford/nlp/process
Event: 2.492 loading class edu/stanford/nlp/process done
Event: 2.492 loading class edu/stanford/nlp/process
Event: 2.492 loading class edu/stanford/nlp/process done
Event: 2.492 loading class edu/stanford/nlp/process
Event: 2.492 loading class edu/stanford/nlp/process done


Dynamic libraries:
00400000-0071c000 r-xp 00000000 08:01 3409744                            /usr/bin/python2.7
0091b000-0091c000 r--p 0031b000 08:01 3409744                            /usr/bin/python2.7
0091c000-00999000 rw-p 0031c000 08:01 3409744                            /usr/bin/python2.7
00999000-009ab000 rw-p 00000000 00:00 0 
02342000-028c2000 rw-p 00000000 00:00 0                                  [heap]
85000000-a3180000 rw-p 00000000 00:00 0 
a3180000-d7000000 ---p 00000000 00:00 0 
d7000000-f5d80000 rw-p 00000000 00:00 0 
f5d80000-100000000 ---p 00000000 00:00 0 
100000000-1000a0000 rw-p 00000000 00:00 0 
1000a0000-140000000 ---p 00000000 00:00 0 
7f3950000000-7f3950021000 rw-p 00000000 00:00 0 
7f3950021000-7f3954000000 ---p 00000000 00:00 0 
7f3958000000-7f3958023000 rw-p 00000000 00:00 0 
7f3958023000-7f395c000000 ---p 00000000 00:00 0 
7f395c000000-7f395c023000 rw-p 00000000 00:00 0 
7f395c023000-7f3960000000 ---p 00000000 00:00 0 
7f3962ffe000-7f3963001000 ---p 00000000 00:00 0 
7f3963001000-7f39637ff000 rw-p 00000000 00:00 0                          [stack:15442]
7f39637ff000-7f3963802000 ---p 00000000 00:00 0 
7f3963802000-7f3964000000 rw-p 00000000 00:00 0                          [stack:15441]
7f3964000000-7f3964021000 rw-p 00000000 00:00 0 
7f3964021000-7f3968000000 ---p 00000000 00:00 0 
7f3968000000-7f3968025000 rw-p 00000000 00:00 0 
7f3968025000-7f396c000000 ---p 00000000 00:00 0 
7f396c000000-7f396c045000 rw-p 00000000 00:00 0 
7f396c045000-7f3970000000 ---p 00000000 00:00 0 
7f3970000000-7f3970026000 rw-p 00000000 00:00 0 
7f3970026000-7f3974000000 ---p 00000000 00:00 0 
7f3974000000-7f39742d9000 rw-p 00000000 00:00 0 
7f39742d9000-7f3978000000 ---p 00000000 00:00 0 
7f39785af000-7f39785b2000 ---p 00000000 00:00 0 
7f39785b2000-7f3978db0000 rw-p 00000000 00:00 0                          [stack:15440]
7f3978db0000-7f3978db3000 ---p 00000000 00:00 0 
7f3978db3000-7f39795b1000 rw-p 00000000 00:00 0                          [stack:15439]
7f39795b1000-7f39795b4000 ---p 00000000 00:00 0 
7f39795b4000-7f3979db2000 rw-p 00000000 00:00 0                          [stack:15438]
7f3979db2000-7f3979db5000 ---p 00000000 00:00 0 
7f3979db5000-7f397a5b3000 rw-p 00000000 00:00 0                          [stack:15437]
7f397a5b3000-7f397a5b6000 ---p 00000000 00:00 0 
7f397a5b6000-7f397adb4000 rw-p 00000000 00:00 0                          [stack:15436]
7f397adb4000-7f397adb7000 ---p 00000000 00:00 0 
7f397adb7000-7f397b5f5000 rw-p 00000000 00:00 0                          [stack:15435]
7f397b5f5000-7f397b601000 r-xp 00000000 08:01 3544337                    /usr/lib/python2.7/lib-dynload/_json.x86_64-linux-gnu.so
7f397b601000-7f397b800000 ---p 0000c000 08:01 3544337                    /usr/lib/python2.7/lib-dynload/_json.x86_64-linux-gnu.so
7f397b800000-7f397b801000 r--p 0000b000 08:01 3544337                    /usr/lib/python2.7/lib-dynload/_json.x86_64-linux-gnu.so
7f397b801000-7f397b802000 rw-p 0000c000 08:01 3544337                    /usr/lib/python2.7/lib-dynload/_json.x86_64-linux-gnu.so
7f397b802000-7f397b942000 rw-p 00000000 00:00 0 
7f397b942000-7f397b997000 r-xp 00000000 08:01 3145898                    /lib/x86_64-linux-gnu/libssl.so.1.0.0
7f397b997000-7f397bb97000 ---p 00055000 08:01 3145898                    /lib/x86_64-linux-gnu/libssl.so.1.0.0
7f397bb97000-7f397bb9b000 r--p 00055000 08:01 3145898                    /lib/x86_64-linux-gnu/libssl.so.1.0.0
7f397bb9b000-7f397bba2000 rw-p 00059000 08:01 3145898                    /lib/x86_64-linux-gnu/libssl.so.1.0.0
7f397bba2000-7f397bbb6000 r-xp 00000000 08:01 3544342                    /usr/lib/python2.7/lib-dynload/_ssl.x86_64-linux-gnu.so
7f397bbb6000-7f397bdb6000 ---p 00014000 08:01 3544342                    /usr/lib/python2.7/lib-dynload/_ssl.x86_64-linux-gnu.so
7f397bdb6000-7f397bdb7000 r--p 00014000 08:01 3544342                    /usr/lib/python2.7/lib-dynload/_ssl.x86_64-linux-gnu.so
7f397bdb7000-7f397bdbb000 rw-p 00015000 08:01 3544342                    /usr/lib/python2.7/lib-dynload/_ssl.x86_64-linux-gnu.so
7f397bdbb000-7f397bdfb000 rw-p 00000000 00:00 0 
7f397bdfb000-7f397bdff000 r-xp 00000000 08:01 3150119                    /lib/x86_64-linux-gnu/libuuid.so.1.3.0
7f397bdff000-7f397bffe000 ---p 00004000 08:01 3150119                    /lib/x86_64-linux-gnu/libuuid.so.1.3.0
7f397bffe000-7f397bfff000 r--p 00003000 08:01 3150119                    /lib/x86_64-linux-gnu/libuuid.so.1.3.0
7f397bfff000-7f397c000000 rw-p 00004000 08:01 3150119                    /lib/x86_64-linux-gnu/libuuid.so.1.3.0
7f397c000000-7f397c021000 rw-p 00000000 00:00 0 
7f397c021000-7f3980000000 ---p 00000000 00:00 0 
7f3980000000-7f3980021000 rw-p 00000000 00:00 0 
7f3980021000-7f3984000000 ---p 00000000 00:00 0 
7f3984000000-7f398422e000 rw-p 00000000 00:00 0 
7f398422e000-7f3988000000 ---p 00000000 00:00 0 
7f3988000000-7f3988021000 rw-p 00000000 00:00 0 
7f3988021000-7f398c000000 ---p 00000000 00:00 0 
7f398c000000-7f398c49e000 rw-p 00000000 00:00 0 
7f398c49e000-7f3990000000 ---p 00000000 00:00 0 
7f3990000000-7f3990417000 rw-p 00000000 00:00 0 
7f3990417000-7f3994000000 ---p 00000000 00:00 0 
7f3994000000-7f3994021000 rw-p 00000000 00:00 0 
7f3994021000-7f3998000000 ---p 00000000 00:00 0 
7f3998000000-7f39985c3000 rw-p 00000000 00:00 0 
7f39985c3000-7f399c000000 ---p 00000000 00:00 0 
7f399c000000-7f399c021000 rw-p 00000000 00:00 0 
7f399c021000-7f39a0000000 ---p 00000000 00:00 0 
7f39a0000000-7f39a0021000 rw-p 00000000 00:00 0 
7f39a0021000-7f39a4000000 ---p 00000000 00:00 0 
7f39a4000000-7f39a4021000 rw-p 00000000 00:00 0 
7f39a4021000-7f39a8000000 ---p 00000000 00:00 0 
7f39a8000000-7f39a8021000 rw-p 00000000 00:00 0 
7f39a8021000-7f39ac000000 ---p 00000000 00:00 0 
7f39ac000000-7f39ac021000 rw-p 00000000 00:00 0 
7f39ac021000-7f39b0000000 ---p 00000000 00:00 0 
7f39b0000000-7f39b0021000 rw-p 00000000 00:00 0 
7f39b0021000-7f39b4000000 ---p 00000000 00:00 0 
7f39b4000000-7f39b4021000 rw-p 00000000 00:00 0 
7f39b4021000-7f39b8000000 ---p 00000000 00:00 0 
7f39b8000000-7f39b8021000 rw-p 00000000 00:00 0 
7f39b8021000-7f39bc000000 ---p 00000000 00:00 0 
7f39bc000000-7f39bc021000 rw-p 00000000 00:00 0 
7f39bc021000-7f39c0000000 ---p 00000000 00:00 0 
7f39c0023000-7f39c01db000 r-xp 00000000 08:01 3145897                    /lib/x86_64-linux-gnu/libcrypto.so.1.0.0
7f39c01db000-7f39c03da000 ---p 001b8000 08:01 3145897                    /lib/x86_64-linux-gnu/libcrypto.so.1.0.0
7f39c03da000-7f39c03f7000 r--p 001b7000 08:01 3145897                    /lib/x86_64-linux-gnu/libcrypto.so.1.0.0
7f39c03f7000-7f39c0403000 rw-p 001d4000 08:01 3145897                    /lib/x86_64-linux-gnu/libcrypto.so.1.0.0
7f39c0403000-7f39c0407000 rw-p 00000000 00:00 0 
7f39c0407000-7f39c040d000 r-xp 00000000 08:01 3544335                    /usr/lib/python2.7/lib-dynload/_hashlib.x86_64-linux-gnu.so
7f39c040d000-7f39c060c000 ---p 00006000 08:01 3544335                    /usr/lib/python2.7/lib-dynload/_hashlib.x86_64-linux-gnu.so
7f39c060c000-7f39c060d000 r--p 00005000 08:01 3544335                    /usr/lib/python2.7/lib-dynload/_hashlib.x86_64-linux-gnu.so
7f39c060d000-7f39c060e000 rw-p 00006000 08:01 3544335                    /usr/lib/python2.7/lib-dynload/_hashlib.x86_64-linux-gnu.so
7f39c060e000-7f39c064e000 rw-p 00000000 00:00 0 
7f39c064e000-7f39c0655000 r-xp 00000000 08:01 3416049                    /usr/lib/x86_64-linux-gnu/libffi.so.6.0.4
7f39c0655000-7f39c0854000 ---p 00007000 08:01 3416049                    /usr/lib/x86_64-linux-gnu/libffi.so.6.0.4
7f39c0854000-7f39c0855000 r--p 00006000 08:01 3416049                    /usr/lib/x86_64-linux-gnu/libffi.so.6.0.4
7f39c0855000-7f39c0856000 rw-p 00007000 08:01 3416049                    /usr/lib/x86_64-linux-gnu/libffi.so.6.0.4
7f39c0856000-7f39c0874000 r-xp 00000000 08:01 3544330                    /usr/lib/python2.7/lib-dynload/_ctypes.x86_64-linux-gnu.so
7f39c0874000-7f39c0a73000 ---p 0001e000 08:01 3544330                    /usr/lib/python2.7/lib-dynload/_ctypes.x86_64-linux-gnu.so
7f39c0a73000-7f39c0a74000 r--p 0001d000 08:01 3544330                    /usr/lib/python2.7/lib-dynload/_ctypes.x86_64-linux-gnu.so
7f39c0a74000-7f39c0a78000 rw-p 0001e000 08:01 3544330                    /usr/lib/python2.7/lib-dynload/_ctypes.x86_64-linux-gnu.so
7f39c0a78000-7f39c0b7a000 rw-p 00000000 00:00 0 
7f39c0b7a000-7f39c0b7d000 ---p 00000000 00:00 0 
7f39c0b7d000-7f39c0c7b000 rw-p 00000000 00:00 0                          [stack:15432]
7f39c0c7b000-7f39c0c7c000 ---p 00000000 00:00 0 
7f39c0c7c000-7f39c0d7c000 rw-p 00000000 00:00 0                          [stack:15431]
7f39c0d7c000-7f39c0d7f000 ---p 00000000 00:00 0 
7f39c0d7f000-7f39c0e7d000 rw-p 00000000 00:00 0                          [stack:15430]
7f39c0e7d000-7f39c0e80000 ---p 00000000 00:00 0 
7f39c0e80000-7f39c0f7e000 rw-p 00000000 00:00 0                          [stack:15429]
7f39c0f7e000-7f39c0f81000 ---p 00000000 00:00 0 
7f39c0f81000-7f39c107f000 rw-p 00000000 00:00 0                          [stack:15428]
7f39c107f000-7f39c1082000 ---p 00000000 00:00 0 
7f39c1082000-7f39c1180000 rw-p 00000000 00:00 0                          [stack:15427]
7f39c1180000-7f39c1183000 ---p 00000000 00:00 0 
7f39c1183000-7f39c1281000 rw-p 00000000 00:00 0                          [stack:15426]
7f39c1281000-7f39c1286000 r-xp 00000000 08:01 3415741                    /usr/lib/x86_64-linux-gnu/libXdmcp.so.6.0.0
7f39c1286000-7f39c1485000 ---p 00005000 08:01 3415741                    /usr/lib/x86_64-linux-gnu/libXdmcp.so.6.0.0
7f39c1485000-7f39c1486000 r--p 00004000 08:01 3415741                    /usr/lib/x86_64-linux-gnu/libXdmcp.so.6.0.0
7f39c1486000-7f39c1487000 rw-p 00005000 08:01 3415741                    /usr/lib/x86_64-linux-gnu/libXdmcp.so.6.0.0
7f39c1487000-7f39c1489000 r-xp 00000000 08:01 3415730                    /usr/lib/x86_64-linux-gnu/libXau.so.6.0.0
7f39c1489000-7f39c1689000 ---p 00002000 08:01 3415730                    /usr/lib/x86_64-linux-gnu/libXau.so.6.0.0
7f39c1689000-7f39c168a000 r--p 00002000 08:01 3415730                    /usr/lib/x86_64-linux-gnu/libXau.so.6.0.0
7f39c168a000-7f39c168b000 rw-p 00003000 08:01 3415730                    /usr/lib/x86_64-linux-gnu/libXau.so.6.0.0
7f39c168b000-7f39c16a8000 r-xp 00000000 08:01 3416928                    /usr/lib/x86_64-linux-gnu/libxcb.so.1.1.0
7f39c16a8000-7f39c18a8000 ---p 0001d000 08:01 3416928                    /usr/lib/x86_64-linux-gnu/libxcb.so.1.1.0
7f39c18a8000-7f39c18a9000 r--p 0001d000 08:01 3416928                    /usr/lib/x86_64-linux-gnu/libxcb.so.1.1.0
7f39c18a9000-7f39c18aa000 rw-p 0001e000 08:01 3416928                    /usr/lib/x86_64-linux-gnu/libxcb.so.1.1.0
7f39c18aa000-7f39c19dd000 r-xp 00000000 08:01 3415726                    /usr/lib/x86_64-linux-gnu/libX11.so.6.3.0
7f39c19dd000-7f39c1bdd000 ---p 00133000 08:01 3415726                    /usr/lib/x86_64-linux-gnu/libX11.so.6.3.0
7f39c1bdd000-7f39c1bde000 r--p 00133000 08:01 3415726                    /usr/lib/x86_64-linux-gnu/libX11.so.6.3.0
7f39c1bde000-7f39c1be2000 rw-p 00134000 08:01 3415726                    /usr/lib/x86_64-linux-gnu/libX11.so.6.3.0
7f39c1be2000-7f39c1be3000 rw-p 00000000 00:00 0 
7f39c1be3000-7f39c1be5000 r-xp 00000000 08:01 3414223                    /usr/lib/jayatana/libjayatanaag.so
7f39c1be5000-7f39c1de4000 ---p 00002000 08:01 3414223                    /usr/lib/jayatana/libjayatanaag.so
7f39c1de4000-7f39c1de5000 r--p 00001000 08:01 3414223                    /usr/lib/jayatana/libjayatanaag.so
7f39c1de5000-7f39c1de6000 rw-p 00002000 08:01 3414223                    /usr/lib/jayatana/libjayatanaag.so
7f39c1de6000-7f39c1de9000 ---p 00000000 00:00 0 
7f39c1de9000-7f39c1ee7000 rw-p 00000000 00:00 0                          [stack:15425]
7f39c1ee7000-7f39c1eea000 ---p 00000000 00:00 0 
7f39c1eea000-7f39c1fe8000 rw-p 00000000 00:00 0                          [stack:15424]
7f39c1fe8000-7f39c1feb000 ---p 00000000 00:00 0 
7f39c1feb000-7f39c20e9000 rw-p 00000000 00:00 0                          [stack:15423]
7f39c20e9000-7f39c20ea000 ---p 00000000 00:00 0 
7f39c20ea000-7f39c3d00000 rw-p 00000000 00:00 0                          [stack:15422]
7f39c3d00000-7f39c4000000 ---p 00000000 00:00 0 
7f39c4000000-7f39c4021000 rw-p 00000000 00:00 0 
7f39c4021000-7f39c8000000 ---p 00000000 00:00 0 
7f39c8021000-7f39c8061000 rw-p 00000000 00:00 0 
7f39c8061000-7f39c807e000 r--s 0019b000 08:01 25954974                   /home/louner/working/lib/stanford-parser-python-r22186/3rdParty/stanford-parser/stanford-parser-2010-08-20/stanford-parser.jar
7f39c807e000-7f39cc000000 rw-p 00000000 00:00 0 
7f39cc000000-7f39cc021000 rw-p 00000000 00:00 0 
7f39cc021000-7f39d0000000 ---p 00000000 00:00 0 
7f39d0006000-7f39d0011000 r--s 00116000 08:01 8261399                    /usr/lib/jvm/java-8-openjdk-amd64/jre/lib/ext/localedata.jar
7f39d0011000-7f39d002b000 r--s 001d3000 08:01 8261397                    /usr/lib/jvm/java-8-openjdk-amd64/jre/lib/ext/nashorn.jar
7f39d002b000-7f39d0047000 r--s 00393000 08:01 8261396                    /usr/lib/jvm/java-8-openjdk-amd64/jre/lib/ext/cldrdata.jar
7f39d0047000-7f39d0397000 rw-p 00000000 00:00 0 
7f39d0397000-7f39d0564000 r--s 03bd3000 08:01 8261422                    /usr/lib/jvm/java-8-openjdk-amd64/jre/lib/rt.jar
7f39d0564000-7f39d0a0d000 rw-p 00000000 00:00 0 
7f39d0a0d000-7f39d0a0e000 ---p 00000000 00:00 0 
7f39d0a0e000-7f39d0b0e000 rw-p 00000000 00:00 0                          [stack:15421]
7f39d0b0e000-7f39d0b0f000 ---p 00000000 00:00 0 
7f39d0b0f000-7f39d0c0f000 rw-p 00000000 00:00 0                          [stack:15420]
7f39d0c0f000-7f39d0c10000 ---p 00000000 00:00 0 
7f39d0c10000-7f39d0d10000 rw-p 00000000 00:00 0                          [stack:15419]
7f39d0d10000-7f39d0d11000 ---p 00000000 00:00 0 
7f39d0d11000-7f39d0e11000 rw-p 00000000 00:00 0                          [stack:15418]
7f39d0e11000-7f39d0e12000 ---p 00000000 00:00 0 
7f39d0e12000-7f39d0f12000 rw-p 00000000 00:00 0                          [stack:15417]
7f39d0f12000-7f39d0f13000 ---p 00000000 00:00 0 
7f39d0f13000-7f39d1013000 rw-p 00000000 00:00 0                          [stack:15416]
7f39d1013000-7f39d1014000 ---p 00000000 00:00 0 
7f39d1014000-7f39d1114000 rw-p 00000000 00:00 0                          [stack:15415]
7f39d1114000-7f39d1115000 ---p 00000000 00:00 0 
7f39d1115000-7f39d1306000 rw-p 00000000 00:00 0                          [stack:15414]
7f39d1306000-7f39d14a5000 ---p 00000000 00:00 0 
7f39d14a5000-7f39d1596000 rw-p 00000000 00:00 0 
7f39d1596000-7f39d1735000 ---p 00000000 00:00 0 
7f39d1735000-7f39d182c000 rw-p 00000000 00:00 0 
7f39d182c000-7f39d187d000 ---p 00000000 00:00 0 
7f39d187d000-7f39d188a000 rw-p 00000000 00:00 0 
7f39d188a000-7f39d1c3e000 ---p 00000000 00:00 0 
7f39d1c3e000-7f39d1f0e000 rwxp 00000000 00:00 0 
7f39d1f0e000-7f39e0c3e000 ---p 00000000 00:00 0 
7f39e0c3e000-7f39e0c46000 r-xp 00000000 08:01 8261353                    /usr/lib/jvm/java-8-openjdk-amd64/jre/lib/amd64/libzip.so
7f39e0c46000-7f39e0e45000 ---p 00008000 08:01 8261353                    /usr/lib/jvm/java-8-openjdk-amd64/jre/lib/amd64/libzip.so
7f39e0e45000-7f39e0e46000 r--p 00007000 08:01 8261353                    /usr/lib/jvm/java-8-openjdk-amd64/jre/lib/amd64/libzip.so
7f39e0e46000-7f39e0e47000 rw-p 00008000 08:01 8261353                    /usr/lib/jvm/java-8-openjdk-amd64/jre/lib/amd64/libzip.so
7f39e0e47000-7f39e0e53000 r-xp 00000000 08:01 3150036                    /lib/x86_64-linux-gnu/libnss_files-2.21.so
7f39e0e53000-7f39e1052000 ---p 0000c000 08:01 3150036                    /lib/x86_64-linux-gnu/libnss_files-2.21.so
7f39e1052000-7f39e1053000 r--p 0000b000 08:01 3150036                    /lib/x86_64-linux-gnu/libnss_files-2.21.so
7f39e1053000-7f39e1054000 rw-p 0000c000 08:01 3150036                    /lib/x86_64-linux-gnu/libnss_files-2.21.so
7f39e1054000-7f39e105f000 r-xp 00000000 08:01 3150046                    /lib/x86_64-linux-gnu/libnss_nis-2.21.so
7f39e105f000-7f39e125e000 ---p 0000b000 08:01 3150046                    /lib/x86_64-linux-gnu/libnss_nis-2.21.so
7f39e125e000-7f39e125f000 r--p 0000a000 08:01 3150046                    /lib/x86_64-linux-gnu/libnss_nis-2.21.so
7f39e125f000-7f39e1260000 rw-p 0000b000 08:01 3150046                    /lib/x86_64-linux-gnu/libnss_nis-2.21.so
7f39e1260000-7f39e1277000 r-xp 00000000 08:01 3150030                    /lib/x86_64-linux-gnu/libnsl-2.21.so
7f39e1277000-7f39e1476000 ---p 00017000 08:01 3150030                    /lib/x86_64-linux-gnu/libnsl-2.21.so
7f39e1476000-7f39e1477000 r--p 00016000 08:01 3150030                    /lib/x86_64-linux-gnu/libnsl-2.21.so
7f39e1477000-7f39e1478000 rw-p 00017000 08:01 3150030                    /lib/x86_64-linux-gnu/libnsl-2.21.so
7f39e1478000-7f39e147a000 rw-p 00000000 00:00 0 
7f39e147a000-7f39e1482000 r-xp 00000000 08:01 3150032                    /lib/x86_64-linux-gnu/libnss_compat-2.21.so
7f39e1482000-7f39e1681000 ---p 00008000 08:01 3150032                    /lib/x86_64-linux-gnu/libnss_compat-2.21.so
7f39e1681000-7f39e1682000 r--p 00007000 08:01 3150032                    /lib/x86_64-linux-gnu/libnss_compat-2.21.so
7f39e1682000-7f39e1683000 rw-p 00008000 08:01 3150032                    /lib/x86_64-linux-gnu/libnss_compat-2.21.so
7f39e1683000-7f39e1691000 r-xp 00000000 08:01 8261384                    /usr/lib/jvm/java-8-openjdk-amd64/jre/lib/amd64/jli/libjli.so
7f39e1691000-7f39e1890000 ---p 0000e000 08:01 8261384                    /usr/lib/jvm/java-8-openjdk-amd64/jre/lib/amd64/jli/libjli.so
7f39e1890000-7f39e1891000 r--p 0000d000 08:01 8261384                    /usr/lib/jvm/java-8-openjdk-amd64/jre/lib/amd64/jli/libjli.so
7f39e1891000-7f39e1892000 rw-p 0000e000 08:01 8261384                    /usr/lib/jvm/java-8-openjdk-amd64/jre/lib/amd64/jli/libjli.so
7f39e1892000-7f39e189c000 r-xp 00000000 08:01 8261372                    /usr/lib/jvm/java-8-openjdk-amd64/jre/lib/amd64/libinstrument.so
7f39e189c000-7f39e1a9b000 ---p 0000a000 08:01 8261372                    /usr/lib/jvm/java-8-openjdk-amd64/jre/lib/amd64/libinstrument.so
7f39e1a9b000-7f39e1a9c000 r--p 00009000 08:01 8261372                    /usr/lib/jvm/java-8-openjdk-amd64/jre/lib/amd64/libinstrument.so
7f39e1a9c000-7f39e1a9d000 rw-p 0000a000 08:01 8261372                    /usr/lib/jvm/java-8-openjdk-amd64/jre/lib/amd64/libinstrument.so
7f39e1a9d000-7f39e1acb000 r-xp 00000000 08:01 8261350                    /usr/lib/jvm/java-8-openjdk-amd64/jre/lib/amd64/libjava.so
7f39e1acb000-7f39e1cca000 ---p 0002e000 08:01 8261350                    /usr/lib/jvm/java-8-openjdk-amd64/jre/lib/amd64/libjava.so
7f39e1cca000-7f39e1ccb000 r--p 0002d000 08:01 8261350                    /usr/lib/jvm/java-8-openjdk-amd64/jre/lib/amd64/libjava.so
7f39e1ccb000-7f39e1ccd000 rw-p 0002e000 08:01 8261350                    /usr/lib/jvm/java-8-openjdk-amd64/jre/lib/amd64/libjava.so
7f39e1ccd000-7f39e1cdc000 r-xp 00000000 08:01 8261365                    /usr/lib/jvm/java-8-openjdk-amd64/jre/lib/amd64/libverify.so
7f39e1cdc000-7f39e1edc000 ---p 0000f000 08:01 8261365                    /usr/lib/jvm/java-8-openjdk-amd64/jre/lib/amd64/libverify.so
7f39e1edc000-7f39e1edf000 r--p 0000f000 08:01 8261365                    /usr/lib/jvm/java-8-openjdk-amd64/jre/lib/amd64/libverify.so
7f39e1edf000-7f39e1ee0000 rw-p 00012000 08:01 8261365                    /usr/lib/jvm/java-8-openjdk-amd64/jre/lib/amd64/libverify.so
7f39e1ee0000-7f39e1ee7000 r-xp 00000000 08:01 3150091                    /lib/x86_64-linux-gnu/librt-2.21.so
7f39e1ee7000-7f39e20e6000 ---p 00007000 08:01 3150091                    /lib/x86_64-linux-gnu/librt-2.21.so
7f39e20e6000-7f39e20e7000 r--p 00006000 08:01 3150091                    /lib/x86_64-linux-gnu/librt-2.21.so
7f39e20e7000-7f39e20e8000 rw-p 00007000 08:01 3150091                    /lib/x86_64-linux-gnu/librt-2.21.so
7f39e20e8000-7f39e2d75000 r-xp 00000000 08:01 8261377                    /usr/lib/jvm/java-8-openjdk-amd64/jre/lib/amd64/server/libjvm.so
7f39e2d75000-7f39e2f75000 ---p 00c8d000 08:01 8261377                    /usr/lib/jvm/java-8-openjdk-amd64/jre/lib/amd64/server/libjvm.so
7f39e2f75000-7f39e3018000 r--p 00c8d000 08:01 8261377                    /usr/lib/jvm/java-8-openjdk-amd64/jre/lib/amd64/server/libjvm.so
7f39e3018000-7f39e3041000 rw-p 00d30000 08:01 8261377                    /usr/lib/jvm/java-8-openjdk-amd64/jre/lib/amd64/server/libjvm.so
7f39e3041000-7f39e3070000 rw-p 00000000 00:00 0 
7f39e3070000-7f39e3086000 r-xp 00000000 08:01 3149979                    /lib/x86_64-linux-gnu/libgcc_s.so.1
7f39e3086000-7f39e3285000 ---p 00016000 08:01 3149979                    /lib/x86_64-linux-gnu/libgcc_s.so.1
7f39e3285000-7f39e3286000 rw-p 00015000 08:01 3149979                    /lib/x86_64-linux-gnu/libgcc_s.so.1
7f39e3286000-7f39e3376000 r-xp 00000000 08:01 3416722                    /usr/lib/x86_64-linux-gnu/libstdc++.so.6.0.20
7f39e3376000-7f39e3576000 ---p 000f0000 08:01 3416722                    /usr/lib/x86_64-linux-gnu/libstdc++.so.6.0.20
7f39e3576000-7f39e357e000 r--p 000f0000 08:01 3416722                    /usr/lib/x86_64-linux-gnu/libstdc++.so.6.0.20
7f39e357e000-7f39e3580000 rw-p 000f8000 08:01 3416722                    /usr/lib/x86_64-linux-gnu/libstdc++.so.6.0.20
7f39e3580000-7f39e3595000 rw-p 00000000 00:00 0 
7f39e3595000-7f39e3614000 r-xp 00000000 08:01 8261924                    /usr/local/lib/python2.7/dist-packages/JPype1-0.6.0-py2.7-linux-x86_64.egg/_jpype.so
7f39e3614000-7f39e3813000 ---p 0007f000 08:01 8261924                    /usr/local/lib/python2.7/dist-packages/JPype1-0.6.0-py2.7-linux-x86_64.egg/_jpype.so
7f39e3813000-7f39e3817000 r--p 0007e000 08:01 8261924                    /usr/local/lib/python2.7/dist-packages/JPype1-0.6.0-py2.7-linux-x86_64.egg/_jpype.so
7f39e3817000-7f39e381a000 rw-p 00082000 08:01 8261924                    /usr/local/lib/python2.7/dist-packages/JPype1-0.6.0-py2.7-linux-x86_64.egg/_jpype.so
7f39e381a000-7f39e385a000 rw-p 00000000 00:00 0 
7f39e385a000-7f39e3f3e000 r--p 00000000 08:01 3414901                    /usr/lib/locale/locale-archive
7f39e3f3e000-7f39e4045000 r-xp 00000000 08:01 3150009                    /lib/x86_64-linux-gnu/libm-2.21.so
7f39e4045000-7f39e4244000 ---p 00107000 08:01 3150009                    /lib/x86_64-linux-gnu/libm-2.21.so
7f39e4244000-7f39e4245000 r--p 00106000 08:01 3150009                    /lib/x86_64-linux-gnu/libm-2.21.so
7f39e4245000-7f39e4246000 rw-p 00107000 08:01 3150009                    /lib/x86_64-linux-gnu/libm-2.21.so
7f39e4246000-7f39e425f000 r-xp 00000000 08:01 3150124                    /lib/x86_64-linux-gnu/libz.so.1.2.8
7f39e425f000-7f39e445f000 ---p 00019000 08:01 3150124                    /lib/x86_64-linux-gnu/libz.so.1.2.8
7f39e445f000-7f39e4460000 r--p 00019000 08:01 3150124                    /lib/x86_64-linux-gnu/libz.so.1.2.8
7f39e4460000-7f39e4461000 rw-p 0001a000 08:01 3150124                    /lib/x86_64-linux-gnu/libz.so.1.2.8
7f39e4461000-7f39e4463000 r-xp 00000000 08:01 3150116                    /lib/x86_64-linux-gnu/libutil-2.21.so
7f39e4463000-7f39e4662000 ---p 00002000 08:01 3150116                    /lib/x86_64-linux-gnu/libutil-2.21.so
7f39e4662000-7f39e4663000 r--p 00001000 08:01 3150116                    /lib/x86_64-linux-gnu/libutil-2.21.so
7f39e4663000-7f39e4664000 rw-p 00002000 08:01 3150116                    /lib/x86_64-linux-gnu/libutil-2.21.so
7f39e4664000-7f39e4667000 r-xp 00000000 08:01 3149967                    /lib/x86_64-linux-gnu/libdl-2.21.so
7f39e4667000-7f39e4866000 ---p 00003000 08:01 3149967                    /lib/x86_64-linux-gnu/libdl-2.21.so
7f39e4866000-7f39e4867000 r--p 00002000 08:01 3149967                    /lib/x86_64-linux-gnu/libdl-2.21.so
7f39e4867000-7f39e4868000 rw-p 00003000 08:01 3149967                    /lib/x86_64-linux-gnu/libdl-2.21.so
7f39e4868000-7f39e4a28000 r-xp 00000000 08:01 3149950                    /lib/x86_64-linux-gnu/libc-2.21.so
7f39e4a28000-7f39e4c28000 ---p 001c0000 08:01 3149950                    /lib/x86_64-linux-gnu/libc-2.21.so
7f39e4c28000-7f39e4c2c000 r--p 001c0000 08:01 3149950                    /lib/x86_64-linux-gnu/libc-2.21.so
7f39e4c2c000-7f39e4c2e000 rw-p 001c4000 08:01 3149950                    /lib/x86_64-linux-gnu/libc-2.21.so
7f39e4c2e000-7f39e4c32000 rw-p 00000000 00:00 0 
7f39e4c32000-7f39e4c4a000 r-xp 00000000 08:01 3150083                    /lib/x86_64-linux-gnu/libpthread-2.21.so
7f39e4c4a000-7f39e4e4a000 ---p 00018000 08:01 3150083                    /lib/x86_64-linux-gnu/libpthread-2.21.so
7f39e4e4a000-7f39e4e4b000 r--p 00018000 08:01 3150083                    /lib/x86_64-linux-gnu/libpthread-2.21.so
7f39e4e4b000-7f39e4e4c000 rw-p 00019000 08:01 3150083                    /lib/x86_64-linux-gnu/libpthread-2.21.so
7f39e4e4c000-7f39e4e50000 rw-p 00000000 00:00 0 
7f39e4e50000-7f39e4e74000 r-xp 00000000 08:01 3149922                    /lib/x86_64-linux-gnu/ld-2.21.so
7f39e4e77000-7f39e4e78000 r--s 00000000 08:01 3934920                    /usr/share/java/jayatanaag.jar
7f39e4e78000-7f39e4e7b000 r--s 00037000 08:01 8261404                    /usr/lib/jvm/java-8-openjdk-amd64/jre/lib/ext/sunpkcs11.jar
7f39e4e7b000-7f39e4f62000 rw-p 00000000 00:00 0 
7f39e4f90000-7f39e4f92000 r--s 00006000 08:01 3934919                    /usr/share/java/jayatana.jar
7f39e4f92000-7f39e4f93000 rwxp 00000000 00:00 0 
7f39e4f93000-7f39e5058000 rw-p 00000000 00:00 0 
7f39e5058000-7f39e505a000 r--s 00006000 08:01 3933957                    /usr/share/java/java-atk-wrapper.jar
7f39e505a000-7f39e505b000 r--s 00010000 08:01 8261400                    /usr/lib/jvm/java-8-openjdk-amd64/jre/lib/ext/zipfs.jar
7f39e505b000-7f39e505d000 r--s 00001000 08:01 8261402                    /usr/lib/jvm/java-8-openjdk-amd64/jre/lib/ext/dnsns.jar
7f39e505d000-7f39e5063000 r--s 0003a000 08:01 8261401                    /usr/lib/jvm/java-8-openjdk-amd64/jre/lib/ext/sunjce_provider.jar
7f39e5063000-7f39e5064000 r--s 00008000 08:01 8261398                    /usr/lib/jvm/java-8-openjdk-amd64/jre/lib/ext/sunec.jar
7f39e5064000-7f39e5067000 r--s 0000f000 08:01 8261403                    /usr/lib/jvm/java-8-openjdk-amd64/jre/lib/ext/icedtea-sound.jar
7f39e5067000-7f39e506f000 rw-s 00000000 08:01 26345483                   /tmp/hsperfdata_louner/15413
7f39e506f000-7f39e5070000 rw-p 00000000 00:00 0 
7f39e5070000-7f39e5071000 r--p 00000000 00:00 0 
7f39e5071000-7f39e5073000 rw-p 00000000 00:00 0 
7f39e5073000-7f39e5074000 r--p 00023000 08:01 3149922                    /lib/x86_64-linux-gnu/ld-2.21.so
7f39e5074000-7f39e5075000 rw-p 00024000 08:01 3149922                    /lib/x86_64-linux-gnu/ld-2.21.so
7f39e5075000-7f39e5076000 rw-p 00000000 00:00 0 
7ffd6e3a3000-7ffd6e3a6000 ---p 00000000 00:00 0 
7ffd6e3a7000-7ffd6e4a3000 rw-p 00000000 00:00 0                          [stack]
7ffd6e53e000-7ffd6e540000 r--p 00000000 00:00 0                          [vvar]
7ffd6e540000-7ffd6e542000 r-xp 00000000 00:00 0                          [vdso]
ffffffffff600000-ffffffffff601000 r-xp 00000000 00:00 0                  [vsyscall]

VM Arguments:
jvm_args: -javaagent:/usr/share/java/jayatanaag.jar -ea 
java_command: <unknown>
java_class_path (initial): /home/louner/working/lib/stanford-parser-python-r22186/3rdParty/stanford-parser/stanford-parser-2010-08-20/stanford-parser.jar:/usr/share/java/jayatanaag.jar
Launcher Type: generic

Environment Variables:
JAVA_TOOL_OPTIONS=-javaagent:/usr/share/java/jayatanaag.jar 
PATH=/usr/local/sbin:/usr/local/bin:/usr/sbin:/usr/bin:/sbin:/bin:/usr/games:/usr/local/games
SHELL=/bin/bash
DISPLAY=:0

Signal Handlers:
SIGSEGV: [libjvm.so+0xa90d80], sa_mask[0]=11111111011111111101111111111110, sa_flags=SA_RESTART|SA_SIGINFO
SIGBUS: [libjvm.so+0xa90d80], sa_mask[0]=11111111011111111101111111111110, sa_flags=SA_RESTART|SA_SIGINFO
SIGFPE: [libjvm.so+0x8dbc70], sa_mask[0]=11111111011111111101111111111110, sa_flags=SA_RESTART|SA_SIGINFO
SIGPIPE: [libjvm.so+0x8dbc70], sa_mask[0]=11111111011111111101111111111110, sa_flags=SA_RESTART|SA_SIGINFO
SIGXFSZ: [libjvm.so+0x8dbc70], sa_mask[0]=11111111011111111101111111111110, sa_flags=SA_RESTART|SA_SIGINFO
SIGILL: [libjvm.so+0x8dbc70], sa_mask[0]=11111111011111111101111111111110, sa_flags=SA_RESTART|SA_SIGINFO
SIGUSR1: SIG_DFL, sa_mask[0]=00000000000000000000000000000000, sa_flags=none
SIGUSR2: [libjvm.so+0x8dbb20], sa_mask[0]=00000000000000000000000000000000, sa_flags=SA_RESTART|SA_SIGINFO
SIGHUP: [libjvm.so+0x8dbd40], sa_mask[0]=11111111011111111101111111111110, sa_flags=SA_RESTART|SA_SIGINFO
SIGINT: [libjvm.so+0x8dbd40], sa_mask[0]=11111111011111111101111111111110, sa_flags=SA_RESTART|SA_SIGINFO
SIGTERM: [libjvm.so+0x8dbd40], sa_mask[0]=11111111011111111101111111111110, sa_flags=SA_RESTART|SA_SIGINFO
SIGQUIT: [libjvm.so+0x8dbd40], sa_mask[0]=11111111011111111101111111111110, sa_flags=SA_RESTART|SA_SIGINFO


---------------  S Y S T E M  ---------------

OS:DISTRIB_ID=Ubuntu
DISTRIB_RELEASE=15.04
DISTRIB_CODENAME=vivid
DISTRIB_DESCRIPTION="Ubuntu 15.04"

uname:Linux 3.19.0-16-generic #16-Ubuntu SMP Thu Apr 30 16:09:58 UTC 2015 x86_64
libc:glibc 2.21 NPTL 2.21 
rlimit: STACK 8192k, CORE 0k, NPROC 31392, NOFILE 65536, AS infinity
load average:0.67 0.44 0.42

/proc/meminfo:
MemTotal:        8058760 kB
MemFree:         3155224 kB
MemAvailable:    4951416 kB
Buffers:          272976 kB
Cached:          2406672 kB
SwapCached:          384 kB
Active:          2828060 kB
Inactive:        1799976 kB
Active(anon):    1696612 kB
Inactive(anon):  1021120 kB
Active(file):    1131448 kB
Inactive(file):   778856 kB
Unevictable:         108 kB
Mlocked:             108 kB
SwapTotal:       8270844 kB
SwapFree:        8261880 kB
Dirty:                76 kB
Writeback:             0 kB
AnonPages:       1948304 kB
Mapped:           596456 kB
Shmem:            769348 kB
Slab:             154028 kB
SReclaimable:     109664 kB
SUnreclaim:        44364 kB
KernelStack:        9856 kB
PageTables:        54024 kB
NFS_Unstable:          0 kB
Bounce:                0 kB
WritebackTmp:          0 kB
CommitLimit:    12300224 kB
Committed_AS:    7750376 kB
VmallocTotal:   34359738367 kB
VmallocUsed:      362008 kB
VmallocChunk:   34359269824 kB
HardwareCorrupted:     0 kB
AnonHugePages:    960512 kB
CmaTotal:              0 kB
CmaFree:               0 kB
HugePages_Total:       0
HugePages_Free:        0
HugePages_Rsvd:        0
HugePages_Surp:        0
Hugepagesize:       2048 kB
DirectMap4k:      196712 kB
DirectMap2M:     7026688 kB
DirectMap1G:     2097152 kB


CPU:total 8 (4 cores per cpu, 2 threads per core) family 6 model 60 stepping 3, cmov, cx8, fxsr, mmx, sse, sse2, sse3, ssse3, sse4.1, sse4.2, popcnt, avx, avx2, aes, clmul, erms, lzcnt, ht, tsc, tscinvbit, bmi1, bmi2

/proc/cpuinfo:
processor	: 0
vendor_id	: GenuineIntel
cpu family	: 6
model		: 60
model name	: Intel(R) Core(TM) i7-4790 CPU @ 3.60GHz
stepping	: 3
microcode	: 0x1c
cpu MHz		: 3799.968
cache size	: 8192 KB
physical id	: 0
siblings	: 8
core id		: 0
cpu cores	: 4
apicid		: 0
initial apicid	: 0
fpu		: yes
fpu_exception	: yes
cpuid level	: 13
wp		: yes
flags		: fpu vme de pse tsc msr pae mce cx8 apic sep mtrr pge mca cmov pat pse36 clflush dts acpi mmx fxsr sse sse2 ss ht tm pbe syscall nx pdpe1gb rdtscp lm constant_tsc arch_perfmon pebs bts rep_good nopl xtopology nonstop_tsc aperfmperf eagerfpu pni pclmulqdq dtes64 monitor ds_cpl vmx smx est tm2 ssse3 fma cx16 xtpr pdcm pcid sse4_1 sse4_2 x2apic movbe popcnt tsc_deadline_timer aes xsave avx f16c rdrand lahf_lm abm ida arat pln pts dtherm tpr_shadow vnmi flexpriority ept vpid fsgsbase tsc_adjust bmi1 avx2 smep bmi2 erms invpcid xsaveopt
bugs		:
bogomips	: 7200.07
clflush size	: 64
cache_alignment	: 64
address sizes	: 39 bits physical, 48 bits virtual
power management:

processor	: 1
vendor_id	: GenuineIntel
cpu family	: 6
model		: 60
model name	: Intel(R) Core(TM) i7-4790 CPU @ 3.60GHz
stepping	: 3
microcode	: 0x1c
cpu MHz		: 3799.968
cache size	: 8192 KB
physical id	: 0
siblings	: 8
core id		: 1
cpu cores	: 4
apicid		: 2
initial apicid	: 2
fpu		: yes
fpu_exception	: yes
cpuid level	: 13
wp		: yes
flags		: fpu vme de pse tsc msr pae mce cx8 apic sep mtrr pge mca cmov pat pse36 clflush dts acpi mmx fxsr sse sse2 ss ht tm pbe syscall nx pdpe1gb rdtscp lm constant_tsc arch_perfmon pebs bts rep_good nopl xtopology nonstop_tsc aperfmperf eagerfpu pni pclmulqdq dtes64 monitor ds_cpl vmx smx est tm2 ssse3 fma cx16 xtpr pdcm pcid sse4_1 sse4_2 x2apic movbe popcnt tsc_deadline_timer aes xsave avx f16c rdrand lahf_lm abm ida arat pln pts dtherm tpr_shadow vnmi flexpriority ept vpid fsgsbase tsc_adjust bmi1 avx2 smep bmi2 erms invpcid xsaveopt
bugs		:
bogomips	: 7200.07
clflush size	: 64
cache_alignment	: 64
address sizes	: 39 bits physical, 48 bits virtual
power management:

processor	: 2
vendor_id	: GenuineIntel
cpu family	: 6
model		: 60
model name	: Intel(R) Core(TM) i7-4790 CPU @ 3.60GHz
stepping	: 3
microcode	: 0x1c
cpu MHz		: 3799.968
cache size	: 8192 KB
physical id	: 0
siblings	: 8
core id		: 2
cpu cores	: 4
apicid		: 4
initial apicid	: 4
fpu		: yes
fpu_exception	: yes
cpuid level	: 13
wp		: yes
flags		: fpu vme de pse tsc msr pae mce cx8 apic sep mtrr pge mca cmov pat pse36 clflush dts acpi mmx fxsr sse sse2 ss ht tm pbe syscall nx pdpe1gb rdtscp lm constant_tsc arch_perfmon pebs bts rep_good nopl xtopology nonstop_tsc aperfmperf eagerfpu pni pclmulqdq dtes64 monitor ds_cpl vmx smx est tm2 ssse3 fma cx16 xtpr pdcm pcid sse4_1 sse4_2 x2apic movbe popcnt tsc_deadline_timer aes xsave avx f16c rdrand lahf_lm abm ida arat pln pts dtherm tpr_shadow vnmi flexpriority ept vpid fsgsbase tsc_adjust bmi1 avx2 smep bmi2 erms invpcid xsaveopt
bugs		:
bogomips	: 7200.07
clflush size	: 64
cache_alignment	: 64
address sizes	: 39 bits physical, 48 bits virtual
power management:

processor	: 3
vendor_id	: GenuineIntel
cpu family	: 6
model		: 60
model name	: Intel(R) Core(TM) i7-4790 CPU @ 3.60GHz
stepping	: 3
microcode	: 0x1c
cpu MHz		: 3799.968
cache size	: 8192 KB
physical id	: 0
siblings	: 8
core id		: 3
cpu cores	: 4
apicid		: 6
initial apicid	: 6
fpu		: yes
fpu_exception	: yes
cpuid level	: 13
wp		: yes
flags		: fpu vme de pse tsc msr pae mce cx8 apic sep mtrr pge mca cmov pat pse36 clflush dts acpi mmx fxsr sse sse2 ss ht tm pbe syscall nx pdpe1gb rdtscp lm constant_tsc arch_perfmon pebs bts rep_good nopl xtopology nonstop_tsc aperfmperf eagerfpu pni pclmulqdq dtes64 monitor ds_cpl vmx smx est tm2 ssse3 fma cx16 xtpr pdcm pcid sse4_1 sse4_2 x2apic movbe popcnt tsc_deadline_timer aes xsave avx f16c rdrand lahf_lm abm ida arat pln pts dtherm tpr_shadow vnmi flexpriority ept vpid fsgsbase tsc_adjust bmi1 avx2 smep bmi2 erms invpcid xsaveopt
bugs		:
bogomips	: 7200.07
clflush size	: 64
cache_alignment	: 64
address sizes	: 39 bits physical, 48 bits virtual
power management:

processor	: 4
vendor_id	: GenuineIntel
cpu family	: 6
model		: 60
model name	: Intel(R) Core(TM) i7-4790 CPU @ 3.60GHz
stepping	: 3
microcode	: 0x1c
cpu MHz		: 3799.968
cache size	: 8192 KB
physical id	: 0
siblings	: 8
core id		: 0
cpu cores	: 4
apicid		: 1
initial apicid	: 1
fpu		: yes
fpu_exception	: yes
cpuid level	: 13
wp		: yes
flags		: fpu vme de pse tsc msr pae mce cx8 apic sep mtrr pge mca cmov pat pse36 clflush dts acpi mmx fxsr sse sse2 ss ht tm pbe syscall nx pdpe1gb rdtscp lm constant_tsc arch_perfmon pebs bts rep_good nopl xtopology nonstop_tsc aperfmperf eagerfpu pni pclmulqdq dtes64 monitor ds_cpl vmx smx est tm2 ssse3 fma cx16 xtpr pdcm pcid sse4_1 sse4_2 x2apic movbe popcnt tsc_deadline_timer aes xsave avx f16c rdrand lahf_lm abm ida arat pln pts dtherm tpr_shadow vnmi flexpriority ept vpid fsgsbase tsc_adjust bmi1 avx2 smep bmi2 erms invpcid xsaveopt
bugs		:
bogomips	: 7200.07
clflush size	: 64
cache_alignment	: 64
address sizes	: 39 bits physical, 48 bits virtual
power management:

processor	: 5
vendor_id	: GenuineIntel
cpu family	: 6
model		: 60
model name	: Intel(R) Core(TM) i7-4790 CPU @ 3.60GHz
stepping	: 3
microcode	: 0x1c
cpu MHz		: 3799.968
cache size	: 8192 KB
physical id	: 0
siblings	: 8
core id		: 1
cpu cores	: 4
apicid		: 3
initial apicid	: 3
fpu		: yes
fpu_exception	: yes
cpuid level	: 13
wp		: yes
flags		: fpu vme de pse tsc msr pae mce cx8 apic sep mtrr pge mca cmov pat pse36 clflush dts acpi mmx fxsr sse sse2 ss ht tm pbe syscall nx pdpe1gb rdtscp lm constant_tsc arch_perfmon pebs bts rep_good nopl xtopology nonstop_tsc aperfmperf eagerfpu pni pclmulqdq dtes64 monitor ds_cpl vmx smx est tm2 ssse3 fma cx16 xtpr pdcm pcid sse4_1 sse4_2 x2apic movbe popcnt tsc_deadline_timer aes xsave avx f16c rdrand lahf_lm abm ida arat pln pts dtherm tpr_shadow vnmi flexpriority ept vpid fsgsbase tsc_adjust bmi1 avx2 smep bmi2 erms invpcid xsaveopt
bugs		:
bogomips	: 7200.07
clflush size	: 64
cache_alignment	: 64
address sizes	: 39 bits physical, 48 bits virtual
power management:

processor	: 6
vendor_id	: GenuineIntel
cpu family	: 6
model		: 60
model name	: Intel(R) Core(TM) i7-4790 CPU @ 3.60GHz
stepping	: 3
microcode	: 0x1c
cpu MHz		: 3799.968
cache size	: 8192 KB
physical id	: 0
siblings	: 8
core id		: 2
cpu cores	: 4
apicid		: 5
initial apicid	: 5
fpu		: yes
fpu_exception	: yes
cpuid level	: 13
wp		: yes
flags		: fpu vme de pse tsc msr pae mce cx8 apic sep mtrr pge mca cmov pat pse36 clflush dts acpi mmx fxsr sse sse2 ss ht tm pbe syscall nx pdpe1gb rdtscp lm constant_tsc arch_perfmon pebs bts rep_good nopl xtopology nonstop_tsc aperfmperf eagerfpu pni pclmulqdq dtes64 monitor ds_cpl vmx smx est tm2 ssse3 fma cx16 xtpr pdcm pcid sse4_1 sse4_2 x2apic movbe popcnt tsc_deadline_timer aes xsave avx f16c rdrand lahf_lm abm ida arat pln pts dtherm tpr_shadow vnmi flexpriority ept vpid fsgsbase tsc_adjust bmi1 avx2 smep bmi2 erms invpcid xsaveopt
bugs		:
bogomips	: 7200.07
clflush size	: 64
cache_alignment	: 64
address sizes	: 39 bits physical, 48 bits virtual
power management:

processor	: 7
vendor_id	: GenuineIntel
cpu family	: 6
model		: 60
model name	: Intel(R) Core(TM) i7-4790 CPU @ 3.60GHz
stepping	: 3
microcode	: 0x1c
cpu MHz		: 3799.968
cache size	: 8192 KB
physical id	: 0
siblings	: 8
core id		: 3
cpu cores	: 4
apicid		: 7
initial apicid	: 7
fpu		: yes
fpu_exception	: yes
cpuid level	: 13
wp		: yes
flags		: fpu vme de pse tsc msr pae mce cx8 apic sep mtrr pge mca cmov pat pse36 clflush dts acpi mmx fxsr sse sse2 ss ht tm pbe syscall nx pdpe1gb rdtscp lm constant_tsc arch_perfmon pebs bts rep_good nopl xtopology nonstop_tsc aperfmperf eagerfpu pni pclmulqdq dtes64 monitor ds_cpl vmx smx est tm2 ssse3 fma cx16 xtpr pdcm pcid sse4_1 sse4_2 x2apic movbe popcnt tsc_deadline_timer aes xsave avx f16c rdrand lahf_lm abm ida arat pln pts dtherm tpr_shadow vnmi flexpriority ept vpid fsgsbase tsc_adjust bmi1 avx2 smep bmi2 erms invpcid xsaveopt
bugs		:
bogomips	: 7200.07
clflush size	: 64
cache_alignment	: 64
address sizes	: 39 bits physical, 48 bits virtual
power management:



Memory: 4k page, physical 8058760k(3155224k free), swap 8270844k(8261880k free)

vm_info: OpenJDK 64-Bit Server VM (25.45-b02) for linux-amd64 JRE (1.8.0_45-internal-b14), built on Apr 20 2015 00:35:04 by "buildd" with gcc 4.9.2

time: Sat Jun 13 18:44:25 2015
elapsed time: 2 seconds (0d 0h 0m 2s)

