#
# A fatal error has been detected by the Java Runtime Environment:
#
#  SIGSEGV (0xb) at pc=0x00007f5999380a20, pid=14475, tid=140021926643456
#
# JRE version: OpenJDK Runtime Environment (8.0_45-b14) (build 1.8.0_45-internal-b14)
# Java VM: OpenJDK 64-Bit Server VM (25.45-b02 mixed mode linux-amd64 compressed oops)
# Problematic frame:
# C  [_jpype.so+0x4aa20]  JPJavaEnv::FindClass(char const*)+0x20
#
# Failed to write core dump. Core dumps have been disabled. To enable core dumping, try "ulimit -c unlimited" before starting Java again
#
# If you would like to submit a bug report, please visit:
#   http://bugreport.java.com/bugreport/crash.jsp
#

---------------  T H R E A D  ---------------

Current thread is native thread

siginfo: si_signo: 11 (SIGSEGV), si_code: 1 (SEGV_MAPERR), si_addr: 0x0000000000000000

Registers:
RAX=0x0000000002e4b870, RBX=0x0000000000000000, RCX=0x00007f599a9e24ec, RDX=0x0000000000000001
RSP=0x00007f5965329d60, RBP=0x0000000002e4b870, RSI=0x0000000000000081, RDI=0x0000000002a02400
R8 =0x0000000000000000, R9 =0x00007f59280000a8, R10=0x0000000000000000, R11=0x0000000000000286
R12=0x00007f5928000fc8, R13=0x00007f5928000f68, R14=0x00007f5965329eb0, R15=0x00007f5965329de0
RIP=0x00007f5999380a20, EFLAGS=0x0000000000010246, CSGSFS=0x0000000000000033, ERR=0x0000000000000004
  TRAPNO=0x000000000000000e

Top of Stack: (sp=0x00007f5965329d60)
0x00007f5965329d60:   00007f5928000fc8 0000000000000033
0x00007f5965329d70:   0000000000000005 00007f5999359ce6
0x00007f5965329d80:   00007f5965329eb0 00007f5965329de0
0x00007f5965329d90:   00007f5965338210 00007f5965329dc0
0x00007f5965329da0:   0000003000000018 00007f5965329e80
0x00007f5965329db0:   00007f5965329dc0 3eff6e82bf978f00
0x00007f5965329dc0:   00007f59995b4ef0 00007f5928001028
0x00007f5965329dd0:   00007f5965329e00 00007f5928000b48
0x00007f5965329de0:   00007f59995b55b0 0000000000000000
0x00007f5965329df0:   0000000000000000 0000000000000000
0x00007f5965329e00:   0000000000000000 0000000000000000
0x00007f5965329e10:   0000000000000000 0000000000000000
0x00007f5965329e20:   0000000000000000 0000000000000000
0x00007f5965329e30:   00007f599939f612 3eff6e82bf978f00
0x00007f5965329e40:   00007f5965329eb0 00007f5965329eb0
0x00007f5965329e50:   00007f5965329e90 00007f5965338210
0x00007f5965329e60:   00007f59995b4ee0 0000000000000000
0x00007f5965329e70:   00007f5965338210 00007f59993978a8
0x00007f5965329e80:   0000000000000000 00007f59655b76dc
0x00007f5965329e90:   00007f59995b4ef0 00007f5928000b48
0x00007f5965329ea0:   00007f59995c8d00 00007f599acb25c8
0x00007f5965329eb0:   00007f5928000f68 00007f5928000fc8
0x00007f5965329ec0:   00007f590000000a 3eff6e82bf978f00
0x00007f5965329ed0:   00007f59655b76b8 00007f599acb7440
0x00007f5965329ee0:   0000000002e4b870 00007f596533a5a8
0x00007f5965329ef0:   00007f599acb913f 0000000000000000
0x00007f5965329f00:   00007f5965338210 00000000004ccd05
0x00007f5965329f10:   00007f59653383d0 00007f596533a410
0x00007f5965329f20:   00007f599acb9104 00007f596533a588
0x00007f5965329f30:   0000000002e4b870 00007f599ad639d0
0x00007f5965329f40:   0000000000000000 00007f599ac8aef0
0x00007f5965329f50:   0000000000000000 00007f59655b76b8 

Instructions: (pc=0x00007f5999380a20)
0x00007f5999380a00:   41 54 55 49 89 f4 53 e8 e4 18 00 00 48 89 c3 e8
0x00007f5999380a10:   6c 69 fe ff 48 8b 10 48 89 c7 ff 52 30 48 89 c5
0x00007f5999380a20:   48 8b 03 48 89 df 4c 89 e6 ff 50 30 48 89 c3 e8
0x00007f5999380a30:   4c 69 fe ff 48 8b 10 48 89 c7 48 89 ee ff 52 38 

Register to memory mapping:

RAX=0x0000000002e4b870 is an unknown value
RBX=0x0000000000000000 is an unknown value
RCX=0x00007f599a9e24ec: sem_post+0x4c in /lib/x86_64-linux-gnu/libpthread.so.0 at 0x00007f599a9d3000
RDX=0x0000000000000001 is an unknown value
RSP=0x00007f5965329d60 is an unknown value
RBP=0x0000000002e4b870 is an unknown value
RSI=0x0000000000000081 is an unknown value
RDI=0x0000000002a02400 is an unknown value
R8 =0x0000000000000000 is an unknown value
R9 =0x00007f59280000a8 is an unknown value
R10=0x0000000000000000 is an unknown value
R11=0x0000000000000286 is an unknown value
R12=0x00007f5928000fc8 is an unknown value
R13=0x00007f5928000f68 is an unknown value
R14=0x00007f5965329eb0 is an unknown value
R15=0x00007f5965329de0 is an unknown value


Stack: [0x00007f5964b2c000,0x00007f596532d000],  sp=0x00007f5965329d60,  free space=8183k
Native frames: (J=compiled Java code, j=interpreted, Vv=VM code, C=native code)
C  [_jpype.so+0x4aa20]  JPJavaEnv::FindClass(char const*)+0x20


---------------  P R O C E S S  ---------------

VM state:not at safepoint (normal execution)

VM Mutex/Monitor currently owned by a thread: None

Heap:
 PSYoungGen      total 36864K, used 1905K [0x00000000d7000000, 0x00000000d9900000, 0x0000000100000000)
  eden space 31744K, 6% used [0x00000000d7000000,0x00000000d71dc4e8,0x00000000d8f00000)
  from space 5120K, 0% used [0x00000000d9400000,0x00000000d9400000,0x00000000d9900000)
  to   space 5120K, 0% used [0x00000000d8f00000,0x00000000d8f00000,0x00000000d9400000)
 ParOldGen       total 84992K, used 0K [0x0000000085000000, 0x000000008a300000, 0x00000000d7000000)
  object space 84992K, 0% used [0x0000000085000000,0x0000000085000000,0x000000008a300000)
 Metaspace       used 2874K, capacity 4496K, committed 4864K, reserved 1056768K
  class space    used 307K, capacity 388K, committed 512K, reserved 1048576K

Card table byte_map: [0x00007f5987246000,0x00007f598761f000] byte_map_base: 0x00007f5986e1e000

Marking Bits: (ParMarkBitMap*) 0x00007f5998df5e80
 Begin Bits: [0x00007f597c280000, 0x00007f597e140000)
 End Bits:   [0x00007f597e140000, 0x00007f5980000000)

Polling page: 0x00007f599ae11000

CodeCache: size=245760Kb used=1077Kb max_used=1084Kb free=244683Kb
 bounds [0x00007f59879df000, 0x00007f5987c4f000, 0x00007f59969df000]
 total_blobs=250 nmethods=10 adapters=156
 compilation: enabled

Compilation events (10 events):
Event: 0.046 Thread 0x0000000002ce8800    3       3       java.lang.String::indexOf (7 bytes)
Event: 0.046 Thread 0x0000000002ce8800 nmethod 3 0x00007f5987ae1b10 code [0x00007f5987ae1c80, 0x00007f5987ae1e88]
Event: 0.046 Thread 0x0000000002ce8800    6       3       java.util.concurrent.ConcurrentHashMap::tabAt (21 bytes)
Event: 0.046 Thread 0x0000000002ce8800 nmethod 6 0x00007f5987ae16d0 code [0x00007f5987ae1840, 0x00007f5987ae1a70]
Event: 0.046 Thread 0x0000000002ce8800    8       3       java.lang.String::indexOf (70 bytes)
Event: 0.046 Thread 0x0000000002ce8800 nmethod 8 0x00007f5987aedcd0 code [0x00007f5987aede60, 0x00007f5987aee1e8]
Event: 0.046 Thread 0x0000000002ce8800    9       1       sun.instrument.TransformerManager::getSnapshotTransformerList (5 bytes)
Event: 0.046 Thread 0x0000000002ce8800 nmethod 9 0x00007f5987aeda10 code [0x00007f5987aedb60, 0x00007f5987aedc70]
Event: 0.048 Thread 0x0000000002ce8800   10       3       java.lang.String::length (6 bytes)
Event: 0.048 Thread 0x0000000002ce8800 nmethod 10 0x00007f5987aed490 code [0x00007f5987aed600, 0x00007f5987aed750]

GC Heap History (0 events):
No events

Deoptimization events (0 events):
No events

Internal exceptions (5 events):
Event: 0.015 Thread 0x0000000002a59000 Exception <a 'java/lang/NoSuchMethodError': Method sun.misc.Unsafe.defineClass(Ljava/lang/String;[BII)Ljava/lang/Class; name or signature does not match> (0x00000000d7012a50) thrown at [/build/buildd/openjdk-8-8u45-b14/src/hotspot/src/share/vm/prims/jni.c
Event: 0.015 Thread 0x0000000002a59000 Exception <a 'java/lang/NoSuchMethodError': Method sun.misc.Unsafe.prefetchRead(Ljava/lang/Object;J)V name or signature does not match> (0x00000000d7012ce0) thrown at [/build/buildd/openjdk-8-8u45-b14/src/hotspot/src/share/vm/prims/jni.cpp, line 3994]
Event: 0.039 Thread 0x0000000002a59000 Exception <a 'java/util/zip/ZipException'> (0x00000000d7157da0) thrown at [/build/buildd/openjdk-8-8u45-b14/src/hotspot/src/share/vm/prims/jni.cpp, line 709]
Event: 0.039 Thread 0x0000000002a59000 Exception <a 'java/security/PrivilegedActionException'> (0x00000000d7158480) thrown at [/build/buildd/openjdk-8-8u45-b14/src/hotspot/src/share/vm/prims/jvm.cpp, line 1382]
Event: 0.039 Thread 0x0000000002a59000 Exception <a 'java/security/PrivilegedActionException'> (0x00000000d7158638) thrown at [/build/buildd/openjdk-8-8u45-b14/src/hotspot/src/share/vm/prims/jvm.cpp, line 1382]

Events (10 events):
Event: 0.047 loading class java/io/ObjectStreamConstants
Event: 0.047 loading class java/io/ObjectStreamConstants done
Event: 0.047 loading class java/io/ObjectInputStream done
Event: 0.047 loading class java/io/ObjectOutputStream
Event: 0.047 loading class java/io/ObjectOutput
Event: 0.047 loading class java/io/DataOutput
Event: 0.047 loading class java/io/DataOutput done
Event: 0.047 loading class java/io/ObjectOutput done
Event: 0.047 loading class java/io/ObjectOutputStream done
Event: 0.048 Thread 0x0000000002d14800 Thread added: 0x0000000002d14800


Dynamic libraries:
00400000-0071c000 r-xp 00000000 08:01 3409744                            /usr/bin/python2.7
0091b000-0091c000 r--p 0031b000 08:01 3409744                            /usr/bin/python2.7
0091c000-00999000 rw-p 0031c000 08:01 3409744                            /usr/bin/python2.7
00999000-009ab000 rw-p 00000000 00:00 0 
0295b000-02edb000 rw-p 00000000 00:00 0                                  [heap]
85000000-8a300000 rw-p 00000000 00:00 0 
8a300000-d7000000 ---p 00000000 00:00 0 
d7000000-d9900000 rw-p 00000000 00:00 0 
d9900000-100000000 ---p 00000000 00:00 0 
100000000-100080000 rw-p 00000000 00:00 0 
100080000-140000000 ---p 00000000 00:00 0 
7f5908000000-7f5908021000 rw-p 00000000 00:00 0 
7f5908021000-7f590c000000 ---p 00000000 00:00 0 
7f5910000000-7f5910021000 rw-p 00000000 00:00 0 
7f5910021000-7f5914000000 ---p 00000000 00:00 0 
7f5914000000-7f5914021000 rw-p 00000000 00:00 0 
7f5914021000-7f5918000000 ---p 00000000 00:00 0 
7f5918000000-7f5918021000 rw-p 00000000 00:00 0 
7f5918021000-7f591c000000 ---p 00000000 00:00 0 
7f591c000000-7f591c021000 rw-p 00000000 00:00 0 
7f591c021000-7f5920000000 ---p 00000000 00:00 0 
7f5920000000-7f5920021000 rw-p 00000000 00:00 0 
7f5920021000-7f5924000000 ---p 00000000 00:00 0 
7f5924ffa000-7f5924ffb000 ---p 00000000 00:00 0 
7f5924ffb000-7f59257fb000 rw-p 00000000 00:00 0                          [stack:14504]
7f59257fb000-7f59257fc000 ---p 00000000 00:00 0 
7f59257fc000-7f5925ffc000 rw-p 00000000 00:00 0                          [stack:14503]
7f5925ffc000-7f5925ffd000 ---p 00000000 00:00 0 
7f5925ffd000-7f59267fd000 rw-p 00000000 00:00 0                          [stack:14502]
7f59267fd000-7f59267fe000 ---p 00000000 00:00 0 
7f59267fe000-7f5926ffe000 rw-p 00000000 00:00 0                          [stack:14501]
7f5926ffe000-7f5926fff000 ---p 00000000 00:00 0 
7f5926fff000-7f59277ff000 rw-p 00000000 00:00 0                          [stack:14500]
7f59277ff000-7f5927800000 ---p 00000000 00:00 0 
7f5927800000-7f5928000000 rw-p 00000000 00:00 0                          [stack:14499]
7f5928000000-7f5928021000 rw-p 00000000 00:00 0 
7f5928021000-7f592c000000 ---p 00000000 00:00 0 
7f592c000000-7f592c021000 rw-p 00000000 00:00 0 
7f592c021000-7f5930000000 ---p 00000000 00:00 0 
7f5930000000-7f5930021000 rw-p 00000000 00:00 0 
7f5930021000-7f5934000000 ---p 00000000 00:00 0 
7f5934000000-7f5934021000 rw-p 00000000 00:00 0 
7f5934021000-7f5938000000 ---p 00000000 00:00 0 
7f5938000000-7f5938024000 rw-p 00000000 00:00 0 
7f5938024000-7f593c000000 ---p 00000000 00:00 0 
7f593c000000-7f593c021000 rw-p 00000000 00:00 0 
7f593c021000-7f5940000000 ---p 00000000 00:00 0 
7f5940000000-7f5940021000 rw-p 00000000 00:00 0 
7f5940021000-7f5944000000 ---p 00000000 00:00 0 
7f5944000000-7f5944021000 rw-p 00000000 00:00 0 
7f5944021000-7f5948000000 ---p 00000000 00:00 0 
7f5948000000-7f5948021000 rw-p 00000000 00:00 0 
7f5948021000-7f594c000000 ---p 00000000 00:00 0 
7f594c000000-7f594c056000 rw-p 00000000 00:00 0 
7f594c056000-7f5950000000 ---p 00000000 00:00 0 
7f5950000000-7f5950021000 rw-p 00000000 00:00 0 
7f5950021000-7f5954000000 ---p 00000000 00:00 0 
7f5954000000-7f5954021000 rw-p 00000000 00:00 0 
7f5954021000-7f5958000000 ---p 00000000 00:00 0 
7f5958000000-7f5958021000 rw-p 00000000 00:00 0 
7f5958021000-7f595c000000 ---p 00000000 00:00 0 
7f595c000000-7f595c021000 rw-p 00000000 00:00 0 
7f595c021000-7f5960000000 ---p 00000000 00:00 0 
7f5960000000-7f5960021000 rw-p 00000000 00:00 0 
7f5960021000-7f5964000000 ---p 00000000 00:00 0 
7f596432b000-7f596432c000 ---p 00000000 00:00 0 
7f596432c000-7f5964b2c000 rw-p 00000000 00:00 0                          [stack:14498]
7f5964b2c000-7f5964b2d000 ---p 00000000 00:00 0 
7f5964b2d000-7f596536d000 rw-p 00000000 00:00 0                          [stack:14497]
7f596536d000-7f5965379000 r-xp 00000000 08:01 3544337                    /usr/lib/python2.7/lib-dynload/_json.x86_64-linux-gnu.so
7f5965379000-7f5965578000 ---p 0000c000 08:01 3544337                    /usr/lib/python2.7/lib-dynload/_json.x86_64-linux-gnu.so
7f5965578000-7f5965579000 r--p 0000b000 08:01 3544337                    /usr/lib/python2.7/lib-dynload/_json.x86_64-linux-gnu.so
7f5965579000-7f596557a000 rw-p 0000c000 08:01 3544337                    /usr/lib/python2.7/lib-dynload/_json.x86_64-linux-gnu.so
7f596557a000-7f59656ba000 rw-p 00000000 00:00 0 
7f59656ba000-7f596570f000 r-xp 00000000 08:01 3145898                    /lib/x86_64-linux-gnu/libssl.so.1.0.0
7f596570f000-7f596590f000 ---p 00055000 08:01 3145898                    /lib/x86_64-linux-gnu/libssl.so.1.0.0
7f596590f000-7f5965913000 r--p 00055000 08:01 3145898                    /lib/x86_64-linux-gnu/libssl.so.1.0.0
7f5965913000-7f596591a000 rw-p 00059000 08:01 3145898                    /lib/x86_64-linux-gnu/libssl.so.1.0.0
7f596591a000-7f596592e000 r-xp 00000000 08:01 3544342                    /usr/lib/python2.7/lib-dynload/_ssl.x86_64-linux-gnu.so
7f596592e000-7f5965b2e000 ---p 00014000 08:01 3544342                    /usr/lib/python2.7/lib-dynload/_ssl.x86_64-linux-gnu.so
7f5965b2e000-7f5965b2f000 r--p 00014000 08:01 3544342                    /usr/lib/python2.7/lib-dynload/_ssl.x86_64-linux-gnu.so
7f5965b2f000-7f5965b33000 rw-p 00015000 08:01 3544342                    /usr/lib/python2.7/lib-dynload/_ssl.x86_64-linux-gnu.so
7f5965b33000-7f5965b73000 rw-p 00000000 00:00 0 
7f5965b73000-7f5965b77000 r-xp 00000000 08:01 3150119                    /lib/x86_64-linux-gnu/libuuid.so.1.3.0
7f5965b77000-7f5965d76000 ---p 00004000 08:01 3150119                    /lib/x86_64-linux-gnu/libuuid.so.1.3.0
7f5965d76000-7f5965d77000 r--p 00003000 08:01 3150119                    /lib/x86_64-linux-gnu/libuuid.so.1.3.0
7f5965d77000-7f5965d78000 rw-p 00004000 08:01 3150119                    /lib/x86_64-linux-gnu/libuuid.so.1.3.0
7f5965d78000-7f5965f30000 r-xp 00000000 08:01 3145897                    /lib/x86_64-linux-gnu/libcrypto.so.1.0.0
7f5965f30000-7f596612f000 ---p 001b8000 08:01 3145897                    /lib/x86_64-linux-gnu/libcrypto.so.1.0.0
7f596612f000-7f596614c000 r--p 001b7000 08:01 3145897                    /lib/x86_64-linux-gnu/libcrypto.so.1.0.0
7f596614c000-7f5966158000 rw-p 001d4000 08:01 3145897                    /lib/x86_64-linux-gnu/libcrypto.so.1.0.0
7f5966158000-7f596615c000 rw-p 00000000 00:00 0 
7f596615c000-7f5966162000 r-xp 00000000 08:01 3544335                    /usr/lib/python2.7/lib-dynload/_hashlib.x86_64-linux-gnu.so
7f5966162000-7f5966361000 ---p 00006000 08:01 3544335                    /usr/lib/python2.7/lib-dynload/_hashlib.x86_64-linux-gnu.so
7f5966361000-7f5966362000 r--p 00005000 08:01 3544335                    /usr/lib/python2.7/lib-dynload/_hashlib.x86_64-linux-gnu.so
7f5966362000-7f5966363000 rw-p 00006000 08:01 3544335                    /usr/lib/python2.7/lib-dynload/_hashlib.x86_64-linux-gnu.so
7f5966363000-7f59663a3000 rw-p 00000000 00:00 0 
7f59663a3000-7f59663aa000 r-xp 00000000 08:01 3416049                    /usr/lib/x86_64-linux-gnu/libffi.so.6.0.4
7f59663aa000-7f59665a9000 ---p 00007000 08:01 3416049                    /usr/lib/x86_64-linux-gnu/libffi.so.6.0.4
7f59665a9000-7f59665aa000 r--p 00006000 08:01 3416049                    /usr/lib/x86_64-linux-gnu/libffi.so.6.0.4
7f59665aa000-7f59665ab000 rw-p 00007000 08:01 3416049                    /usr/lib/x86_64-linux-gnu/libffi.so.6.0.4
7f59665ab000-7f59665c9000 r-xp 00000000 08:01 3544330                    /usr/lib/python2.7/lib-dynload/_ctypes.x86_64-linux-gnu.so
7f59665c9000-7f59667c8000 ---p 0001e000 08:01 3544330                    /usr/lib/python2.7/lib-dynload/_ctypes.x86_64-linux-gnu.so
7f59667c8000-7f59667c9000 r--p 0001d000 08:01 3544330                    /usr/lib/python2.7/lib-dynload/_ctypes.x86_64-linux-gnu.so
7f59667c9000-7f59667cd000 rw-p 0001e000 08:01 3544330                    /usr/lib/python2.7/lib-dynload/_ctypes.x86_64-linux-gnu.so
7f59667cd000-7f596688f000 rw-p 00000000 00:00 0 
7f596688f000-7f5966892000 ---p 00000000 00:00 0 
7f5966892000-7f5966990000 rw-p 00000000 00:00 0                          [stack:14494]
7f5966990000-7f5966991000 ---p 00000000 00:00 0 
7f5966991000-7f5966a91000 rw-p 00000000 00:00 0                          [stack:14493]
7f5966a91000-7f5966a94000 ---p 00000000 00:00 0 
7f5966a94000-7f5966b92000 rw-p 00000000 00:00 0                          [stack:14492]
7f5966b92000-7f5966b95000 ---p 00000000 00:00 0 
7f5966b95000-7f5966c93000 rw-p 00000000 00:00 0                          [stack:14491]
7f5966c93000-7f5966c96000 ---p 00000000 00:00 0 
7f5966c96000-7f5966d94000 rw-p 00000000 00:00 0                          [stack:14490]
7f5966d94000-7f5966d97000 ---p 00000000 00:00 0 
7f5966d97000-7f5966e95000 rw-p 00000000 00:00 0                          [stack:14489]
7f5966e95000-7f5966e98000 ---p 00000000 00:00 0 
7f5966e98000-7f5966f96000 rw-p 00000000 00:00 0                          [stack:14488]
7f5966f96000-7f5966f9b000 r-xp 00000000 08:01 3415741                    /usr/lib/x86_64-linux-gnu/libXdmcp.so.6.0.0
7f5966f9b000-7f596719a000 ---p 00005000 08:01 3415741                    /usr/lib/x86_64-linux-gnu/libXdmcp.so.6.0.0
7f596719a000-7f596719b000 r--p 00004000 08:01 3415741                    /usr/lib/x86_64-linux-gnu/libXdmcp.so.6.0.0
7f596719b000-7f596719c000 rw-p 00005000 08:01 3415741                    /usr/lib/x86_64-linux-gnu/libXdmcp.so.6.0.0
7f596719c000-7f596719e000 r-xp 00000000 08:01 3415730                    /usr/lib/x86_64-linux-gnu/libXau.so.6.0.0
7f596719e000-7f596739e000 ---p 00002000 08:01 3415730                    /usr/lib/x86_64-linux-gnu/libXau.so.6.0.0
7f596739e000-7f596739f000 r--p 00002000 08:01 3415730                    /usr/lib/x86_64-linux-gnu/libXau.so.6.0.0
7f596739f000-7f59673a0000 rw-p 00003000 08:01 3415730                    /usr/lib/x86_64-linux-gnu/libXau.so.6.0.0
7f59673a0000-7f59673bd000 r-xp 00000000 08:01 3416928                    /usr/lib/x86_64-linux-gnu/libxcb.so.1.1.0
7f59673bd000-7f59675bd000 ---p 0001d000 08:01 3416928                    /usr/lib/x86_64-linux-gnu/libxcb.so.1.1.0
7f59675bd000-7f59675be000 r--p 0001d000 08:01 3416928                    /usr/lib/x86_64-linux-gnu/libxcb.so.1.1.0
7f59675be000-7f59675bf000 rw-p 0001e000 08:01 3416928                    /usr/lib/x86_64-linux-gnu/libxcb.so.1.1.0
7f59675bf000-7f59676f2000 r-xp 00000000 08:01 3415726                    /usr/lib/x86_64-linux-gnu/libX11.so.6.3.0
7f59676f2000-7f59678f2000 ---p 00133000 08:01 3415726                    /usr/lib/x86_64-linux-gnu/libX11.so.6.3.0
7f59678f2000-7f59678f3000 r--p 00133000 08:01 3415726                    /usr/lib/x86_64-linux-gnu/libX11.so.6.3.0
7f59678f3000-7f59678f7000 rw-p 00134000 08:01 3415726                    /usr/lib/x86_64-linux-gnu/libX11.so.6.3.0
7f59678f7000-7f59678f8000 rw-p 00000000 00:00 0 
7f59678f8000-7f59678fa000 r-xp 00000000 08:01 3414223                    /usr/lib/jayatana/libjayatanaag.so
7f59678fa000-7f5967af9000 ---p 00002000 08:01 3414223                    /usr/lib/jayatana/libjayatanaag.so
7f5967af9000-7f5967afa000 r--p 00001000 08:01 3414223                    /usr/lib/jayatana/libjayatanaag.so
7f5967afa000-7f5967afb000 rw-p 00002000 08:01 3414223                    /usr/lib/jayatana/libjayatanaag.so
7f5967afb000-7f5967afe000 ---p 00000000 00:00 0 
7f5967afe000-7f5967bfc000 rw-p 00000000 00:00 0                          [stack:14487]
7f5967bfc000-7f5967bff000 ---p 00000000 00:00 0 
7f5967bff000-7f5967cfd000 rw-p 00000000 00:00 0                          [stack:14486]
7f5967cfd000-7f5967d00000 ---p 00000000 00:00 0 
7f5967d00000-7f5967dfe000 rw-p 00000000 00:00 0                          [stack:14485]
7f5967dfe000-7f5967dff000 ---p 00000000 00:00 0 
7f5967dff000-7f5968000000 rw-p 00000000 00:00 0                          [stack:14484]
7f5968000000-7f5968021000 rw-p 00000000 00:00 0 
7f5968021000-7f596c000000 ---p 00000000 00:00 0 
7f596c000000-7f596c021000 rw-p 00000000 00:00 0 
7f596c021000-7f5970000000 ---p 00000000 00:00 0 
7f5970000000-7f5970021000 rw-p 00000000 00:00 0 
7f5970021000-7f5974000000 ---p 00000000 00:00 0 
7f5974000000-7f5974021000 rw-p 00000000 00:00 0 
7f5974021000-7f5978000000 ---p 00000000 00:00 0 
7f5978000000-7f5978021000 rw-p 00000000 00:00 0 
7f5978021000-7f597c000000 ---p 00000000 00:00 0 
7f597c03e000-7f5980000000 rw-p 00000000 00:00 0 
7f5980000000-7f5980021000 rw-p 00000000 00:00 0 
7f5980021000-7f5984000000 ---p 00000000 00:00 0 
7f5984035000-7f5984075000 rw-p 00000000 00:00 0 
7f5984075000-7f5984092000 r--s 0019b000 08:01 25954974                   /home/louner/working/lib/stanford-parser-python-r22186/3rdParty/stanford-parser/stanford-parser-2010-08-20/stanford-parser.jar
7f5984092000-7f598409d000 r--s 00116000 08:01 8261399                    /usr/lib/jvm/java-8-openjdk-amd64/jre/lib/ext/localedata.jar
7f598409d000-7f59840b7000 r--s 001d3000 08:01 8261397                    /usr/lib/jvm/java-8-openjdk-amd64/jre/lib/ext/nashorn.jar
7f59840b7000-7f59840d3000 r--s 00393000 08:01 8261396                    /usr/lib/jvm/java-8-openjdk-amd64/jre/lib/ext/cldrdata.jar
7f59840d3000-7f5985938000 rw-p 00000000 00:00 0 
7f5985938000-7f5985b05000 r--s 03bd3000 08:01 8261422                    /usr/lib/jvm/java-8-openjdk-amd64/jre/lib/rt.jar
7f5985b05000-7f5986016000 rw-p 00000000 00:00 0 
7f5986016000-7f59863d6000 ---p 00000000 00:00 0 
7f59863d6000-7f59867ae000 rw-p 00000000 00:00 0 
7f59867ae000-7f59867af000 ---p 00000000 00:00 0 
7f59867af000-7f59868af000 rw-p 00000000 00:00 0                          [stack:14483]
7f59868af000-7f59868b0000 ---p 00000000 00:00 0 
7f59868b0000-7f59869b0000 rw-p 00000000 00:00 0                          [stack:14482]
7f59869b0000-7f59869b1000 ---p 00000000 00:00 0 
7f59869b1000-7f5986ab1000 rw-p 00000000 00:00 0                          [stack:14481]
7f5986ab1000-7f5986ab2000 ---p 00000000 00:00 0 
7f5986ab2000-7f5986bb2000 rw-p 00000000 00:00 0                          [stack:14480]
7f5986bb2000-7f5986bb3000 ---p 00000000 00:00 0 
7f5986bb3000-7f5986cb3000 rw-p 00000000 00:00 0                          [stack:14479]
7f5986cb3000-7f5986cb4000 ---p 00000000 00:00 0 
7f5986cb4000-7f5986db4000 rw-p 00000000 00:00 0                          [stack:14478]
7f5986db4000-7f5986db5000 ---p 00000000 00:00 0 
7f5986db5000-7f5986eb5000 rw-p 00000000 00:00 0                          [stack:14477]
7f5986eb5000-7f5986eb6000 ---p 00000000 00:00 0 
7f5986eb6000-7f5986fe0000 rw-p 00000000 00:00 0                          [stack:14476]
7f5986fe0000-7f5987246000 ---p 00000000 00:00 0 
7f5987246000-7f5987270000 rw-p 00000000 00:00 0 
7f5987270000-7f59874d6000 ---p 00000000 00:00 0 
7f59874d6000-7f59874eb000 rw-p 00000000 00:00 0 
7f59874eb000-7f598761e000 ---p 00000000 00:00 0 
7f598761e000-7f5987629000 rw-p 00000000 00:00 0 
7f5987629000-7f59879df000 ---p 00000000 00:00 0 
7f59879df000-7f5987c4f000 rwxp 00000000 00:00 0 
7f5987c4f000-7f59969df000 ---p 00000000 00:00 0 
7f59969df000-7f59969e7000 r-xp 00000000 08:01 8261353                    /usr/lib/jvm/java-8-openjdk-amd64/jre/lib/amd64/libzip.so
7f59969e7000-7f5996be6000 ---p 00008000 08:01 8261353                    /usr/lib/jvm/java-8-openjdk-amd64/jre/lib/amd64/libzip.so
7f5996be6000-7f5996be7000 r--p 00007000 08:01 8261353                    /usr/lib/jvm/java-8-openjdk-amd64/jre/lib/amd64/libzip.so
7f5996be7000-7f5996be8000 rw-p 00008000 08:01 8261353                    /usr/lib/jvm/java-8-openjdk-amd64/jre/lib/amd64/libzip.so
7f5996be8000-7f5996bf4000 r-xp 00000000 08:01 3150036                    /lib/x86_64-linux-gnu/libnss_files-2.21.so
7f5996bf4000-7f5996df3000 ---p 0000c000 08:01 3150036                    /lib/x86_64-linux-gnu/libnss_files-2.21.so
7f5996df3000-7f5996df4000 r--p 0000b000 08:01 3150036                    /lib/x86_64-linux-gnu/libnss_files-2.21.so
7f5996df4000-7f5996df5000 rw-p 0000c000 08:01 3150036                    /lib/x86_64-linux-gnu/libnss_files-2.21.so
7f5996df5000-7f5996e00000 r-xp 00000000 08:01 3150046                    /lib/x86_64-linux-gnu/libnss_nis-2.21.so
7f5996e00000-7f5996fff000 ---p 0000b000 08:01 3150046                    /lib/x86_64-linux-gnu/libnss_nis-2.21.so
7f5996fff000-7f5997000000 r--p 0000a000 08:01 3150046                    /lib/x86_64-linux-gnu/libnss_nis-2.21.so
7f5997000000-7f5997001000 rw-p 0000b000 08:01 3150046                    /lib/x86_64-linux-gnu/libnss_nis-2.21.so
7f5997001000-7f5997018000 r-xp 00000000 08:01 3150030                    /lib/x86_64-linux-gnu/libnsl-2.21.so
7f5997018000-7f5997217000 ---p 00017000 08:01 3150030                    /lib/x86_64-linux-gnu/libnsl-2.21.so
7f5997217000-7f5997218000 r--p 00016000 08:01 3150030                    /lib/x86_64-linux-gnu/libnsl-2.21.so
7f5997218000-7f5997219000 rw-p 00017000 08:01 3150030                    /lib/x86_64-linux-gnu/libnsl-2.21.so
7f5997219000-7f599721b000 rw-p 00000000 00:00 0 
7f599721b000-7f5997223000 r-xp 00000000 08:01 3150032                    /lib/x86_64-linux-gnu/libnss_compat-2.21.so
7f5997223000-7f5997422000 ---p 00008000 08:01 3150032                    /lib/x86_64-linux-gnu/libnss_compat-2.21.so
7f5997422000-7f5997423000 r--p 00007000 08:01 3150032                    /lib/x86_64-linux-gnu/libnss_compat-2.21.so
7f5997423000-7f5997424000 rw-p 00008000 08:01 3150032                    /lib/x86_64-linux-gnu/libnss_compat-2.21.so
7f5997424000-7f5997432000 r-xp 00000000 08:01 8261384                    /usr/lib/jvm/java-8-openjdk-amd64/jre/lib/amd64/jli/libjli.so
7f5997432000-7f5997631000 ---p 0000e000 08:01 8261384                    /usr/lib/jvm/java-8-openjdk-amd64/jre/lib/amd64/jli/libjli.so
7f5997631000-7f5997632000 r--p 0000d000 08:01 8261384                    /usr/lib/jvm/java-8-openjdk-amd64/jre/lib/amd64/jli/libjli.so
7f5997632000-7f5997633000 rw-p 0000e000 08:01 8261384                    /usr/lib/jvm/java-8-openjdk-amd64/jre/lib/amd64/jli/libjli.so
7f5997633000-7f599763d000 r-xp 00000000 08:01 8261372                    /usr/lib/jvm/java-8-openjdk-amd64/jre/lib/amd64/libinstrument.so
7f599763d000-7f599783c000 ---p 0000a000 08:01 8261372                    /usr/lib/jvm/java-8-openjdk-amd64/jre/lib/amd64/libinstrument.so
7f599783c000-7f599783d000 r--p 00009000 08:01 8261372                    /usr/lib/jvm/java-8-openjdk-amd64/jre/lib/amd64/libinstrument.so
7f599783d000-7f599783e000 rw-p 0000a000 08:01 8261372                    /usr/lib/jvm/java-8-openjdk-amd64/jre/lib/amd64/libinstrument.so
7f599783e000-7f599786c000 r-xp 00000000 08:01 8261350                    /usr/lib/jvm/java-8-openjdk-amd64/jre/lib/amd64/libjava.so
7f599786c000-7f5997a6b000 ---p 0002e000 08:01 8261350                    /usr/lib/jvm/java-8-openjdk-amd64/jre/lib/amd64/libjava.so
7f5997a6b000-7f5997a6c000 r--p 0002d000 08:01 8261350                    /usr/lib/jvm/java-8-openjdk-amd64/jre/lib/amd64/libjava.so
7f5997a6c000-7f5997a6e000 rw-p 0002e000 08:01 8261350                    /usr/lib/jvm/java-8-openjdk-amd64/jre/lib/amd64/libjava.so
7f5997a6e000-7f5997a7d000 r-xp 00000000 08:01 8261365                    /usr/lib/jvm/java-8-openjdk-amd64/jre/lib/amd64/libverify.so
7f5997a7d000-7f5997c7d000 ---p 0000f000 08:01 8261365                    /usr/lib/jvm/java-8-openjdk-amd64/jre/lib/amd64/libverify.so
7f5997c7d000-7f5997c80000 r--p 0000f000 08:01 8261365                    /usr/lib/jvm/java-8-openjdk-amd64/jre/lib/amd64/libverify.so
7f5997c80000-7f5997c81000 rw-p 00012000 08:01 8261365                    /usr/lib/jvm/java-8-openjdk-amd64/jre/lib/amd64/libverify.so
7f5997c81000-7f5997c88000 r-xp 00000000 08:01 3150091                    /lib/x86_64-linux-gnu/librt-2.21.so
7f5997c88000-7f5997e87000 ---p 00007000 08:01 3150091                    /lib/x86_64-linux-gnu/librt-2.21.so
7f5997e87000-7f5997e88000 r--p 00006000 08:01 3150091                    /lib/x86_64-linux-gnu/librt-2.21.so
7f5997e88000-7f5997e89000 rw-p 00007000 08:01 3150091                    /lib/x86_64-linux-gnu/librt-2.21.so
7f5997e89000-7f5998b16000 r-xp 00000000 08:01 8261377                    /usr/lib/jvm/java-8-openjdk-amd64/jre/lib/amd64/server/libjvm.so
7f5998b16000-7f5998d16000 ---p 00c8d000 08:01 8261377                    /usr/lib/jvm/java-8-openjdk-amd64/jre/lib/amd64/server/libjvm.so
7f5998d16000-7f5998db9000 r--p 00c8d000 08:01 8261377                    /usr/lib/jvm/java-8-openjdk-amd64/jre/lib/amd64/server/libjvm.so
7f5998db9000-7f5998de2000 rw-p 00d30000 08:01 8261377                    /usr/lib/jvm/java-8-openjdk-amd64/jre/lib/amd64/server/libjvm.so
7f5998de2000-7f5998e11000 rw-p 00000000 00:00 0 
7f5998e11000-7f5998e27000 r-xp 00000000 08:01 3149979                    /lib/x86_64-linux-gnu/libgcc_s.so.1
7f5998e27000-7f5999026000 ---p 00016000 08:01 3149979                    /lib/x86_64-linux-gnu/libgcc_s.so.1
7f5999026000-7f5999027000 rw-p 00015000 08:01 3149979                    /lib/x86_64-linux-gnu/libgcc_s.so.1
7f5999027000-7f5999117000 r-xp 00000000 08:01 3416722                    /usr/lib/x86_64-linux-gnu/libstdc++.so.6.0.20
7f5999117000-7f5999317000 ---p 000f0000 08:01 3416722                    /usr/lib/x86_64-linux-gnu/libstdc++.so.6.0.20
7f5999317000-7f599931f000 r--p 000f0000 08:01 3416722                    /usr/lib/x86_64-linux-gnu/libstdc++.so.6.0.20
7f599931f000-7f5999321000 rw-p 000f8000 08:01 3416722                    /usr/lib/x86_64-linux-gnu/libstdc++.so.6.0.20
7f5999321000-7f5999336000 rw-p 00000000 00:00 0 
7f5999336000-7f59993b5000 r-xp 00000000 08:01 8261924                    /usr/local/lib/python2.7/dist-packages/JPype1-0.6.0-py2.7-linux-x86_64.egg/_jpype.so
7f59993b5000-7f59995b4000 ---p 0007f000 08:01 8261924                    /usr/local/lib/python2.7/dist-packages/JPype1-0.6.0-py2.7-linux-x86_64.egg/_jpype.so
7f59995b4000-7f59995b8000 r--p 0007e000 08:01 8261924                    /usr/local/lib/python2.7/dist-packages/JPype1-0.6.0-py2.7-linux-x86_64.egg/_jpype.so
7f59995b8000-7f59995bb000 rw-p 00082000 08:01 8261924                    /usr/local/lib/python2.7/dist-packages/JPype1-0.6.0-py2.7-linux-x86_64.egg/_jpype.so
7f59995bb000-7f59995fb000 rw-p 00000000 00:00 0 
7f59995fb000-7f5999cdf000 r--p 00000000 08:01 3414901                    /usr/lib/locale/locale-archive
7f5999cdf000-7f5999de6000 r-xp 00000000 08:01 3150009                    /lib/x86_64-linux-gnu/libm-2.21.so
7f5999de6000-7f5999fe5000 ---p 00107000 08:01 3150009                    /lib/x86_64-linux-gnu/libm-2.21.so
7f5999fe5000-7f5999fe6000 r--p 00106000 08:01 3150009                    /lib/x86_64-linux-gnu/libm-2.21.so
7f5999fe6000-7f5999fe7000 rw-p 00107000 08:01 3150009                    /lib/x86_64-linux-gnu/libm-2.21.so
7f5999fe7000-7f599a000000 r-xp 00000000 08:01 3150124                    /lib/x86_64-linux-gnu/libz.so.1.2.8
7f599a000000-7f599a200000 ---p 00019000 08:01 3150124                    /lib/x86_64-linux-gnu/libz.so.1.2.8
7f599a200000-7f599a201000 r--p 00019000 08:01 3150124                    /lib/x86_64-linux-gnu/libz.so.1.2.8
7f599a201000-7f599a202000 rw-p 0001a000 08:01 3150124                    /lib/x86_64-linux-gnu/libz.so.1.2.8
7f599a202000-7f599a204000 r-xp 00000000 08:01 3150116                    /lib/x86_64-linux-gnu/libutil-2.21.so
7f599a204000-7f599a403000 ---p 00002000 08:01 3150116                    /lib/x86_64-linux-gnu/libutil-2.21.so
7f599a403000-7f599a404000 r--p 00001000 08:01 3150116                    /lib/x86_64-linux-gnu/libutil-2.21.so
7f599a404000-7f599a405000 rw-p 00002000 08:01 3150116                    /lib/x86_64-linux-gnu/libutil-2.21.so
7f599a405000-7f599a408000 r-xp 00000000 08:01 3149967                    /lib/x86_64-linux-gnu/libdl-2.21.so
7f599a408000-7f599a607000 ---p 00003000 08:01 3149967                    /lib/x86_64-linux-gnu/libdl-2.21.so
7f599a607000-7f599a608000 r--p 00002000 08:01 3149967                    /lib/x86_64-linux-gnu/libdl-2.21.so
7f599a608000-7f599a609000 rw-p 00003000 08:01 3149967                    /lib/x86_64-linux-gnu/libdl-2.21.so
7f599a609000-7f599a7c9000 r-xp 00000000 08:01 3149950                    /lib/x86_64-linux-gnu/libc-2.21.so
7f599a7c9000-7f599a9c9000 ---p 001c0000 08:01 3149950                    /lib/x86_64-linux-gnu/libc-2.21.so
7f599a9c9000-7f599a9cd000 r--p 001c0000 08:01 3149950                    /lib/x86_64-linux-gnu/libc-2.21.so
7f599a9cd000-7f599a9cf000 rw-p 001c4000 08:01 3149950                    /lib/x86_64-linux-gnu/libc-2.21.so
7f599a9cf000-7f599a9d3000 rw-p 00000000 00:00 0 
7f599a9d3000-7f599a9eb000 r-xp 00000000 08:01 3150083                    /lib/x86_64-linux-gnu/libpthread-2.21.so
7f599a9eb000-7f599abeb000 ---p 00018000 08:01 3150083                    /lib/x86_64-linux-gnu/libpthread-2.21.so
7f599abeb000-7f599abec000 r--p 00018000 08:01 3150083                    /lib/x86_64-linux-gnu/libpthread-2.21.so
7f599abec000-7f599abed000 rw-p 00019000 08:01 3150083                    /lib/x86_64-linux-gnu/libpthread-2.21.so
7f599abed000-7f599abf1000 rw-p 00000000 00:00 0 
7f599abf1000-7f599ac15000 r-xp 00000000 08:01 3149922                    /lib/x86_64-linux-gnu/ld-2.21.so
7f599ac18000-7f599ac19000 r--s 00000000 08:01 3934920                    /usr/share/java/jayatanaag.jar
7f599ac19000-7f599ac1c000 r--s 00037000 08:01 8261404                    /usr/lib/jvm/java-8-openjdk-amd64/jre/lib/ext/sunpkcs11.jar
7f599ac1c000-7f599ad03000 rw-p 00000000 00:00 0 
7f599ad33000-7f599ad34000 rwxp 00000000 00:00 0 
7f599ad34000-7f599adf9000 rw-p 00000000 00:00 0 
7f599adf9000-7f599adfb000 r--s 00006000 08:01 3933957                    /usr/share/java/java-atk-wrapper.jar
7f599adfb000-7f599adfc000 r--s 00010000 08:01 8261400                    /usr/lib/jvm/java-8-openjdk-amd64/jre/lib/ext/zipfs.jar
7f599adfc000-7f599adfe000 r--s 00001000 08:01 8261402                    /usr/lib/jvm/java-8-openjdk-amd64/jre/lib/ext/dnsns.jar
7f599adfe000-7f599ae04000 r--s 0003a000 08:01 8261401                    /usr/lib/jvm/java-8-openjdk-amd64/jre/lib/ext/sunjce_provider.jar
7f599ae04000-7f599ae05000 r--s 00008000 08:01 8261398                    /usr/lib/jvm/java-8-openjdk-amd64/jre/lib/ext/sunec.jar
7f599ae05000-7f599ae08000 r--s 0000f000 08:01 8261403                    /usr/lib/jvm/java-8-openjdk-amd64/jre/lib/ext/icedtea-sound.jar
7f599ae08000-7f599ae10000 rw-s 00000000 08:01 26345483                   /tmp/hsperfdata_louner/14475
7f599ae10000-7f599ae11000 rw-p 00000000 00:00 0 
7f599ae11000-7f599ae12000 r--p 00000000 00:00 0 
7f599ae12000-7f599ae14000 rw-p 00000000 00:00 0 
7f599ae14000-7f599ae15000 r--p 00023000 08:01 3149922                    /lib/x86_64-linux-gnu/ld-2.21.so
7f599ae15000-7f599ae16000 rw-p 00024000 08:01 3149922                    /lib/x86_64-linux-gnu/ld-2.21.so
7f599ae16000-7f599ae17000 rw-p 00000000 00:00 0 
7ffc0de62000-7ffc0de65000 ---p 00000000 00:00 0 
7ffc0de66000-7ffc0df62000 rw-p 00000000 00:00 0                          [stack]
7ffc0df87000-7ffc0df89000 r--p 00000000 00:00 0                          [vvar]
7ffc0df89000-7ffc0df8b000 r-xp 00000000 00:00 0                          [vdso]
ffffffffff600000-ffffffffff601000 r-xp 00000000 00:00 0                  [vsyscall]

VM Arguments:
jvm_args: -javaagent:/usr/share/java/jayatanaag.jar -ea 
java_command: <unknown>
java_class_path (initial): /home/louner/working/lib/stanford-parser-python-r22186/3rdParty/stanford-parser/stanford-parser-2010-08-20/stanford-parser.jar:/usr/share/java/jayatanaag.jar
Launcher Type: generic

Environment Variables:
JAVA_TOOL_OPTIONS=-javaagent:/usr/share/java/jayatanaag.jar 
PATH=/usr/local/sbin:/usr/local/bin:/usr/sbin:/usr/bin:/sbin:/bin:/usr/games:/usr/local/games
SHELL=/bin/bash
DISPLAY=:0

Signal Handlers:
SIGSEGV: [libjvm.so+0xa90d80], sa_mask[0]=11111111011111111101111111111110, sa_flags=SA_RESTART|SA_SIGINFO
SIGBUS: [libjvm.so+0xa90d80], sa_mask[0]=11111111011111111101111111111110, sa_flags=SA_RESTART|SA_SIGINFO
SIGFPE: [libjvm.so+0x8dbc70], sa_mask[0]=11111111011111111101111111111110, sa_flags=SA_RESTART|SA_SIGINFO
SIGPIPE: [libjvm.so+0x8dbc70], sa_mask[0]=11111111011111111101111111111110, sa_flags=SA_RESTART|SA_SIGINFO
SIGXFSZ: [libjvm.so+0x8dbc70], sa_mask[0]=11111111011111111101111111111110, sa_flags=SA_RESTART|SA_SIGINFO
SIGILL: [libjvm.so+0x8dbc70], sa_mask[0]=11111111011111111101111111111110, sa_flags=SA_RESTART|SA_SIGINFO
SIGUSR1: SIG_DFL, sa_mask[0]=00000000000000000000000000000000, sa_flags=none
SIGUSR2: [libjvm.so+0x8dbb20], sa_mask[0]=00000000000000000000000000000000, sa_flags=SA_RESTART|SA_SIGINFO
SIGHUP: [libjvm.so+0x8dbd40], sa_mask[0]=11111111011111111101111111111110, sa_flags=SA_RESTART|SA_SIGINFO
SIGINT: [libjvm.so+0x8dbd40], sa_mask[0]=11111111011111111101111111111110, sa_flags=SA_RESTART|SA_SIGINFO
SIGTERM: [libjvm.so+0x8dbd40], sa_mask[0]=11111111011111111101111111111110, sa_flags=SA_RESTART|SA_SIGINFO
SIGQUIT: [libjvm.so+0x8dbd40], sa_mask[0]=11111111011111111101111111111110, sa_flags=SA_RESTART|SA_SIGINFO


---------------  S Y S T E M  ---------------

OS:DISTRIB_ID=Ubuntu
DISTRIB_RELEASE=15.04
DISTRIB_CODENAME=vivid
DISTRIB_DESCRIPTION="Ubuntu 15.04"

uname:Linux 3.19.0-16-generic #16-Ubuntu SMP Thu Apr 30 16:09:58 UTC 2015 x86_64
libc:glibc 2.21 NPTL 2.21 
rlimit: STACK 8192k, CORE 0k, NPROC 31392, NOFILE 65536, AS infinity
load average:0.26 0.11 0.23

/proc/meminfo:
MemTotal:        8058760 kB
MemFree:         4172984 kB
MemAvailable:    5809392 kB
Buffers:          267472 kB
Cached:          2194932 kB
SwapCached:          248 kB
Active:          2002380 kB
Inactive:        1618572 kB
Active(anon):     906116 kB
Inactive(anon):   962696 kB
Active(file):    1096264 kB
Inactive(file):   655876 kB
Unevictable:         108 kB
Mlocked:             108 kB
SwapTotal:       8270844 kB
SwapFree:        8261800 kB
Dirty:                72 kB
Writeback:             8 kB
AnonPages:       1158468 kB
Mapped:           524108 kB
Shmem:            710268 kB
Slab:             148724 kB
SReclaimable:     106424 kB
SUnreclaim:        42300 kB
KernelStack:        8960 kB
PageTables:        47936 kB
NFS_Unstable:          0 kB
Bounce:                0 kB
WritebackTmp:          0 kB
CommitLimit:    12300224 kB
Committed_AS:    6240556 kB
VmallocTotal:   34359738367 kB
VmallocUsed:      361940 kB
VmallocChunk:   34359269824 kB
HardwareCorrupted:     0 kB
AnonHugePages:    380928 kB
CmaTotal:              0 kB
CmaFree:               0 kB
HugePages_Total:       0
HugePages_Free:        0
HugePages_Rsvd:        0
HugePages_Surp:        0
Hugepagesize:       2048 kB
DirectMap4k:      196712 kB
DirectMap2M:     7026688 kB
DirectMap1G:     2097152 kB


CPU:total 8 (4 cores per cpu, 2 threads per core) family 6 model 60 stepping 3, cmov, cx8, fxsr, mmx, sse, sse2, sse3, ssse3, sse4.1, sse4.2, popcnt, avx, avx2, aes, clmul, erms, lzcnt, ht, tsc, tscinvbit, bmi1, bmi2

/proc/cpuinfo:
processor	: 0
vendor_id	: GenuineIntel
cpu family	: 6
model		: 60
model name	: Intel(R) Core(TM) i7-4790 CPU @ 3.60GHz
stepping	: 3
microcode	: 0x1c
cpu MHz		: 3949.171
cache size	: 8192 KB
physical id	: 0
siblings	: 8
core id		: 0
cpu cores	: 4
apicid		: 0
initial apicid	: 0
fpu		: yes
fpu_exception	: yes
cpuid level	: 13
wp		: yes
flags		: fpu vme de pse tsc msr pae mce cx8 apic sep mtrr pge mca cmov pat pse36 clflush dts acpi mmx fxsr sse sse2 ss ht tm pbe syscall nx pdpe1gb rdtscp lm constant_tsc arch_perfmon pebs bts rep_good nopl xtopology nonstop_tsc aperfmperf eagerfpu pni pclmulqdq dtes64 monitor ds_cpl vmx smx est tm2 ssse3 fma cx16 xtpr pdcm pcid sse4_1 sse4_2 x2apic movbe popcnt tsc_deadline_timer aes xsave avx f16c rdrand lahf_lm abm ida arat pln pts dtherm tpr_shadow vnmi flexpriority ept vpid fsgsbase tsc_adjust bmi1 avx2 smep bmi2 erms invpcid xsaveopt
bugs		:
bogomips	: 7200.07
clflush size	: 64
cache_alignment	: 64
address sizes	: 39 bits physical, 48 bits virtual
power management:

processor	: 1
vendor_id	: GenuineIntel
cpu family	: 6
model		: 60
model name	: Intel(R) Core(TM) i7-4790 CPU @ 3.60GHz
stepping	: 3
microcode	: 0x1c
cpu MHz		: 4000.218
cache size	: 8192 KB
physical id	: 0
siblings	: 8
core id		: 1
cpu cores	: 4
apicid		: 2
initial apicid	: 2
fpu		: yes
fpu_exception	: yes
cpuid level	: 13
wp		: yes
flags		: fpu vme de pse tsc msr pae mce cx8 apic sep mtrr pge mca cmov pat pse36 clflush dts acpi mmx fxsr sse sse2 ss ht tm pbe syscall nx pdpe1gb rdtscp lm constant_tsc arch_perfmon pebs bts rep_good nopl xtopology nonstop_tsc aperfmperf eagerfpu pni pclmulqdq dtes64 monitor ds_cpl vmx smx est tm2 ssse3 fma cx16 xtpr pdcm pcid sse4_1 sse4_2 x2apic movbe popcnt tsc_deadline_timer aes xsave avx f16c rdrand lahf_lm abm ida arat pln pts dtherm tpr_shadow vnmi flexpriority ept vpid fsgsbase tsc_adjust bmi1 avx2 smep bmi2 erms invpcid xsaveopt
bugs		:
bogomips	: 7200.07
clflush size	: 64
cache_alignment	: 64
address sizes	: 39 bits physical, 48 bits virtual
power management:

processor	: 2
vendor_id	: GenuineIntel
cpu family	: 6
model		: 60
model name	: Intel(R) Core(TM) i7-4790 CPU @ 3.60GHz
stepping	: 3
microcode	: 0x1c
cpu MHz		: 3953.531
cache size	: 8192 KB
physical id	: 0
siblings	: 8
core id		: 2
cpu cores	: 4
apicid		: 4
initial apicid	: 4
fpu		: yes
fpu_exception	: yes
cpuid level	: 13
wp		: yes
flags		: fpu vme de pse tsc msr pae mce cx8 apic sep mtrr pge mca cmov pat pse36 clflush dts acpi mmx fxsr sse sse2 ss ht tm pbe syscall nx pdpe1gb rdtscp lm constant_tsc arch_perfmon pebs bts rep_good nopl xtopology nonstop_tsc aperfmperf eagerfpu pni pclmulqdq dtes64 monitor ds_cpl vmx smx est tm2 ssse3 fma cx16 xtpr pdcm pcid sse4_1 sse4_2 x2apic movbe popcnt tsc_deadline_timer aes xsave avx f16c rdrand lahf_lm abm ida arat pln pts dtherm tpr_shadow vnmi flexpriority ept vpid fsgsbase tsc_adjust bmi1 avx2 smep bmi2 erms invpcid xsaveopt
bugs		:
bogomips	: 7200.07
clflush size	: 64
cache_alignment	: 64
address sizes	: 39 bits physical, 48 bits virtual
power management:

processor	: 3
vendor_id	: GenuineIntel
cpu family	: 6
model		: 60
model name	: Intel(R) Core(TM) i7-4790 CPU @ 3.60GHz
stepping	: 3
microcode	: 0x1c
cpu MHz		: 3983.484
cache size	: 8192 KB
physical id	: 0
siblings	: 8
core id		: 3
cpu cores	: 4
apicid		: 6
initial apicid	: 6
fpu		: yes
fpu_exception	: yes
cpuid level	: 13
wp		: yes
flags		: fpu vme de pse tsc msr pae mce cx8 apic sep mtrr pge mca cmov pat pse36 clflush dts acpi mmx fxsr sse sse2 ss ht tm pbe syscall nx pdpe1gb rdtscp lm constant_tsc arch_perfmon pebs bts rep_good nopl xtopology nonstop_tsc aperfmperf eagerfpu pni pclmulqdq dtes64 monitor ds_cpl vmx smx est tm2 ssse3 fma cx16 xtpr pdcm pcid sse4_1 sse4_2 x2apic movbe popcnt tsc_deadline_timer aes xsave avx f16c rdrand lahf_lm abm ida arat pln pts dtherm tpr_shadow vnmi flexpriority ept vpid fsgsbase tsc_adjust bmi1 avx2 smep bmi2 erms invpcid xsaveopt
bugs		:
bogomips	: 7200.07
clflush size	: 64
cache_alignment	: 64
address sizes	: 39 bits physical, 48 bits virtual
power management:

processor	: 4
vendor_id	: GenuineIntel
cpu family	: 6
model		: 60
model name	: Intel(R) Core(TM) i7-4790 CPU @ 3.60GHz
stepping	: 3
microcode	: 0x1c
cpu MHz		: 2292.890
cache size	: 8192 KB
physical id	: 0
siblings	: 8
core id		: 0
cpu cores	: 4
apicid		: 1
initial apicid	: 1
fpu		: yes
fpu_exception	: yes
cpuid level	: 13
wp		: yes
flags		: fpu vme de pse tsc msr pae mce cx8 apic sep mtrr pge mca cmov pat pse36 clflush dts acpi mmx fxsr sse sse2 ss ht tm pbe syscall nx pdpe1gb rdtscp lm constant_tsc arch_perfmon pebs bts rep_good nopl xtopology nonstop_tsc aperfmperf eagerfpu pni pclmulqdq dtes64 monitor ds_cpl vmx smx est tm2 ssse3 fma cx16 xtpr pdcm pcid sse4_1 sse4_2 x2apic movbe popcnt tsc_deadline_timer aes xsave avx f16c rdrand lahf_lm abm ida arat pln pts dtherm tpr_shadow vnmi flexpriority ept vpid fsgsbase tsc_adjust bmi1 avx2 smep bmi2 erms invpcid xsaveopt
bugs		:
bogomips	: 7200.07
clflush size	: 64
cache_alignment	: 64
address sizes	: 39 bits physical, 48 bits virtual
power management:

processor	: 5
vendor_id	: GenuineIntel
cpu family	: 6
model		: 60
model name	: Intel(R) Core(TM) i7-4790 CPU @ 3.60GHz
stepping	: 3
microcode	: 0x1c
cpu MHz		: 3926.671
cache size	: 8192 KB
physical id	: 0
siblings	: 8
core id		: 1
cpu cores	: 4
apicid		: 3
initial apicid	: 3
fpu		: yes
fpu_exception	: yes
cpuid level	: 13
wp		: yes
flags		: fpu vme de pse tsc msr pae mce cx8 apic sep mtrr pge mca cmov pat pse36 clflush dts acpi mmx fxsr sse sse2 ss ht tm pbe syscall nx pdpe1gb rdtscp lm constant_tsc arch_perfmon pebs bts rep_good nopl xtopology nonstop_tsc aperfmperf eagerfpu pni pclmulqdq dtes64 monitor ds_cpl vmx smx est tm2 ssse3 fma cx16 xtpr pdcm pcid sse4_1 sse4_2 x2apic movbe popcnt tsc_deadline_timer aes xsave avx f16c rdrand lahf_lm abm ida arat pln pts dtherm tpr_shadow vnmi flexpriority ept vpid fsgsbase tsc_adjust bmi1 avx2 smep bmi2 erms invpcid xsaveopt
bugs		:
bogomips	: 7200.07
clflush size	: 64
cache_alignment	: 64
address sizes	: 39 bits physical, 48 bits virtual
power management:

processor	: 6
vendor_id	: GenuineIntel
cpu family	: 6
model		: 60
model name	: Intel(R) Core(TM) i7-4790 CPU @ 3.60GHz
stepping	: 3
microcode	: 0x1c
cpu MHz		: 3963.093
cache size	: 8192 KB
physical id	: 0
siblings	: 8
core id		: 2
cpu cores	: 4
apicid		: 5
initial apicid	: 5
fpu		: yes
fpu_exception	: yes
cpuid level	: 13
wp		: yes
flags		: fpu vme de pse tsc msr pae mce cx8 apic sep mtrr pge mca cmov pat pse36 clflush dts acpi mmx fxsr sse sse2 ss ht tm pbe syscall nx pdpe1gb rdtscp lm constant_tsc arch_perfmon pebs bts rep_good nopl xtopology nonstop_tsc aperfmperf eagerfpu pni pclmulqdq dtes64 monitor ds_cpl vmx smx est tm2 ssse3 fma cx16 xtpr pdcm pcid sse4_1 sse4_2 x2apic movbe popcnt tsc_deadline_timer aes xsave avx f16c rdrand lahf_lm abm ida arat pln pts dtherm tpr_shadow vnmi flexpriority ept vpid fsgsbase tsc_adjust bmi1 avx2 smep bmi2 erms invpcid xsaveopt
bugs		:
bogomips	: 7200.07
clflush size	: 64
cache_alignment	: 64
address sizes	: 39 bits physical, 48 bits virtual
power management:

processor	: 7
vendor_id	: GenuineIntel
cpu family	: 6
model		: 60
model name	: Intel(R) Core(TM) i7-4790 CPU @ 3.60GHz
stepping	: 3
microcode	: 0x1c
cpu MHz		: 3999.937
cache size	: 8192 KB
physical id	: 0
siblings	: 8
core id		: 3
cpu cores	: 4
apicid		: 7
initial apicid	: 7
fpu		: yes
fpu_exception	: yes
cpuid level	: 13
wp		: yes
flags		: fpu vme de pse tsc msr pae mce cx8 apic sep mtrr pge mca cmov pat pse36 clflush dts acpi mmx fxsr sse sse2 ss ht tm pbe syscall nx pdpe1gb rdtscp lm constant_tsc arch_perfmon pebs bts rep_good nopl xtopology nonstop_tsc aperfmperf eagerfpu pni pclmulqdq dtes64 monitor ds_cpl vmx smx est tm2 ssse3 fma cx16 xtpr pdcm pcid sse4_1 sse4_2 x2apic movbe popcnt tsc_deadline_timer aes xsave avx f16c rdrand lahf_lm abm ida arat pln pts dtherm tpr_shadow vnmi flexpriority ept vpid fsgsbase tsc_adjust bmi1 avx2 smep bmi2 erms invpcid xsaveopt
bugs		:
bogomips	: 7200.07
clflush size	: 64
cache_alignment	: 64
address sizes	: 39 bits physical, 48 bits virtual
power management:



Memory: 4k page, physical 8058760k(4172984k free), swap 8270844k(8261800k free)

vm_info: OpenJDK 64-Bit Server VM (25.45-b02) for linux-amd64 JRE (1.8.0_45-internal-b14), built on Apr 20 2015 00:35:04 by "buildd" with gcc 4.9.2

time: Sat Jun 13 18:27:02 2015
elapsed time: 0 seconds (0d 0h 0m 0s)

