#
# A fatal error has been detected by the Java Runtime Environment:
#
#  SIGSEGV (0xb) at pc=0x00007f6686664508, pid=15156, tid=140077705557760
#
# JRE version: OpenJDK Runtime Environment (8.0_45-b14) (build 1.8.0_45-internal-b14)
# Java VM: OpenJDK 64-Bit Server VM (25.45-b02 mixed mode linux-amd64 compressed oops)
# Problematic frame:
# C  [_jpype.so+0x2a508]  JPMethod::findOverload(std::vector<HostRef*, std::allocator<HostRef*> >&, bool)+0x68
#
# Failed to write core dump. Core dumps have been disabled. To enable core dumping, try "ulimit -c unlimited" before starting Java again
#
# If you would like to submit a bug report, please visit:
#   http://bugreport.java.com/bugreport/crash.jsp
# The crash happened outside the Java Virtual Machine in native code.
# See problematic frame for where to report the bug.
#

---------------  T H R E A D  ---------------

Current thread (0x00007f6610001000):  JavaThread "Thread-2" [_thread_in_native, id=15179, stack(0x00007f6661617000,0x00007f6661e18000)]

siginfo: si_signo: 11 (SIGSEGV), si_code: 1 (SEGV_MAPERR), si_addr: 0x0000000000000030

Registers:
RAX=0x0000000000000000, RBX=0x00007f6661e14ed0, RCX=0x00007f66100291b8, RDX=0x00007f66863f05a1
RSP=0x00007f6661e14de0, RBP=0x0000000000000000, RSI=0x00007f66866a1433, RDI=0x00007f66866a1433
R8 =0x0000000000000000, R9 =0x00007f6610029190, R10=0x00007f6686699080, R11=0x0000000000936400
R12=0x0000000000000000, R13=0x0000000000000000, R14=0x00007f6661e14e10, R15=0x00007f6662652a90
RIP=0x00007f6686664508, EFLAGS=0x0000000000010283, CSGSFS=0x0000000000000033, ERR=0x0000000000000004
  TRAPNO=0x000000000000000e

Top of Stack: (sp=0x00007f6661e14de0)
0x00007f6661e14de0:   0000000000000008 00007f6661e14ed0
0x00007f6661e14df0:   00007f6661e14ef0 00007f6661e14e20
0x00007f6661e14e00:   0000000000000008 0000000000000000
0x00007f6661e14e10:   00007f6661e14ef0 0000000000000000
0x00007f6661e14e20:   00007f66868b8ef0 00007f66100291b8
0x00007f6661e14e30:   0000000000000008 548cf9790dc5e100
0x00007f6661e14e40:   00007f6661e14ed0 00007f6661e14ed0
0x00007f6661e14e50:   0000000000000000 00007f661002bc30
0x00007f6661e14e60:   00007f6661e14ef0 0000000000000001
0x00007f6661e14e70:   00007f6662652a90 00007f66866647f3
0x00007f6661e14e80:   00007f661002bc30 00007f66626529d0
0x00007f6661e14e90:   0000000000000001 00007f6686699196
0x00007f6661e14ea0:   00007f6661e14eb0 00007f6661e14ec8
0x00007f6661e14eb0:   00007f6661e14ed0 00007f6662644c48
0x00007f6661e14ec0:   00007f6688048ba0 00007f661002bc30
0x00007f6661e14ed0:   00007f6610002850 00007f6610002858
0x00007f6661e14ee0:   00007f6610002858 000000000055bc0a
0x00007f6661e14ef0:   00007f66868b95b0 0000000000000000
0x00007f6661e14f00:   0000000000000000 0000000000000000
0x00007f6661e14f10:   0000000000000000 0000000000000000
0x00007f6661e14f20:   0000000000000000 00007f66100272a0
0x00007f6661e14f30:   00007f66100272a8 00007f66100272a8
0x00007f6661e14f40:   00007f6662644c48 548cf9790dc5e100
0x00007f6661e14f50:   00000000009396c0 00007f666263f170
0x00007f6661e14f60:   00007f6662652a50 0000000000000000
0x00007f6661e14f70:   00007f6688086fc0 00007f6662652a90
0x00007f6661e14f80:   0000000002eb50c0 00000000004d083b
0x00007f6661e14f90:   0000000000000000 00007f666262a7d0
0x00007f6661e14fa0:   00007f6688086f54 00007f666262a948
0x00007f6661e14fb0:   0000000002eb50c0 00007f6687fe09e0
0x00007f6661e14fc0:   00007f6600000000 00007f6687fbd640
0x00007f6661e14fd0:   0000000000000000 0000000000000000 

Instructions: (pc=0x00007f6686664508)
0x00007f66866644e8:   48 89 44 24 40 48 8d 44 24 40 48 89 44 24 18 e8
0x00007f66866644f8:   04 56 ff ff 48 8d 3d 30 cf 03 00 e8 48 6f 00 00
0x00007f6686664508:   49 8b 5c 24 30 48 8d 44 24 2f 49 83 c4 20 45 31
0x00007f6686664518:   ff c6 44 24 50 00 48 c7 04 24 00 00 00 00 48 89 

Register to memory mapping:

RAX=0x0000000000000000 is an unknown value
RBX=0x00007f6661e14ed0 is pointing into the stack for thread: 0x00007f6610001000
RCX=0x00007f66100291b8 is an unknown value
RDX=0x00007f66863f05a1: _ZNSsC2EPKcRKSaIcE+0x21 in /usr/lib/x86_64-linux-gnu/libstdc++.so.6 at 0x00007f668632b000
RSP=0x00007f6661e14de0 is pointing into the stack for thread: 0x00007f6610001000
RBP=0x0000000000000000 is an unknown value
RSI=0x00007f66866a1433: <offset 0x67433> in /usr/local/lib/python2.7/dist-packages/JPype1-0.6.0-py2.7-linux-x86_64.egg/_jpype.so at 0x00007f668663a000
RDI=0x00007f66866a1433: <offset 0x67433> in /usr/local/lib/python2.7/dist-packages/JPype1-0.6.0-py2.7-linux-x86_64.egg/_jpype.so at 0x00007f668663a000
R8 =0x0000000000000000 is an unknown value
R9 =0x00007f6610029190 is an unknown value
R10=0x00007f6686699080: _ZN9PyJPClass16newClassInstanceEP7_objectS1_+0 in /usr/local/lib/python2.7/dist-packages/JPype1-0.6.0-py2.7-linux-x86_64.egg/_jpype.so at 0x00007f668663a000
R11=0x0000000000936400: PyCFunction_Type+0 in python at 0x0000000000400000
R12=0x0000000000000000 is an unknown value
R13=0x0000000000000000 is an unknown value
R14=0x00007f6661e14e10 is pointing into the stack for thread: 0x00007f6610001000
R15=0x00007f6662652a90 is an unknown value


Stack: [0x00007f6661617000,0x00007f6661e18000],  sp=0x00007f6661e14de0,  free space=8183k
Native frames: (J=compiled Java code, j=interpreted, Vv=VM code, C=native code)
C  [_jpype.so+0x2a508]  JPMethod::findOverload(std::vector<HostRef*, std::allocator<HostRef*> >&, bool)+0x68


---------------  P R O C E S S  ---------------

Java Threads: ( => current thread )
  0x00007f65f8001000 JavaThread "Thread-8" [_thread_in_native, id=15185, stack(0x00007f6651ffc000,0x00007f66527fd000)]
  0x00007f65f4001000 JavaThread "Thread-7" [_thread_in_native, id=15184, stack(0x00007f66527fd000,0x00007f6652ffe000)]
  0x00007f6600001000 JavaThread "Thread-6" [_thread_in_native, id=15183, stack(0x00007f6652ffe000,0x00007f66537ff000)]
  0x00007f65fc001000 JavaThread "Thread-5" [_thread_in_native, id=15182, stack(0x00007f66537ff000,0x00007f6654000000)]
  0x00007f6608001000 JavaThread "Thread-4" [_thread_in_native, id=15181, stack(0x00007f6660615000,0x00007f6660e16000)]
  0x00007f6604001000 JavaThread "Thread-3" [_thread_in_native, id=15180, stack(0x00007f6660e16000,0x00007f6661617000)]
=>0x00007f6610001000 JavaThread "Thread-2" [_thread_in_native, id=15179, stack(0x00007f6661617000,0x00007f6661e18000)]
  0x00007f660c001000 JavaThread "Thread-1" [_thread_in_native, id=15178, stack(0x00007f6661e18000,0x00007f6662619000)]
  0x0000000002d2b800 JavaThread "Thread-0" [_thread_blocked, id=15175, stack(0x00007f6663afb000,0x00007f6663bfc000)]
  0x0000000002cfd000 JavaThread "Service Thread" daemon [_thread_blocked, id=15173, stack(0x00007f6663cfd000,0x00007f6663dfe000)]
  0x0000000002cf0000 JavaThread "C1 CompilerThread3" daemon [_thread_blocked, id=15172, stack(0x00007f6663dfe000,0x00007f6663eff000)]
  0x0000000002ced800 JavaThread "C2 CompilerThread2" daemon [_thread_blocked, id=15171, stack(0x00007f6663eff000,0x00007f6664000000)]
  0x0000000002ceb800 JavaThread "C2 CompilerThread1" daemon [_thread_blocked, id=15170, stack(0x00007f666807e000,0x00007f666817f000)]
  0x0000000002cde800 JavaThread "C2 CompilerThread0" daemon [_thread_in_native, id=15169, stack(0x00007f666817f000,0x00007f6668280000)]
  0x0000000002c51800 JavaThread "Signal Dispatcher" daemon [_thread_blocked, id=15168, stack(0x00007f6670cd0000,0x00007f6670dd1000)]
  0x0000000002c27000 JavaThread "Finalizer" daemon [_thread_blocked, id=15167, stack(0x00007f6670dd1000,0x00007f6670ed2000)]
  0x0000000002c25000 JavaThread "Reference Handler" daemon [_thread_blocked, id=15166, stack(0x00007f6670ed2000,0x00007f6670fd3000)]
  0x0000000002a60800 JavaThread "main" [_thread_in_native, id=15156, stack(0x00007fff4c5d8000,0x00007fff4c6d8000)]

Other Threads:
  0x0000000002c20000 VMThread [stack: 0x00007f6670fd3000,0x00007f66710d4000] [id=15165]
  0x0000000002cff800 WatcherThread [stack: 0x00007f6663bfc000,0x00007f6663cfd000] [id=15174]

VM state:not at safepoint (normal execution)

VM Mutex/Monitor currently owned by a thread: None

Heap:
 PSYoungGen      total 235008K, used 38293K [0x00000000d7000000, 0x00000000f6700000, 0x0000000100000000)
  eden space 143872K, 19% used [0x00000000d7000000,0x00000000d8b67b18,0x00000000dfc80000)
  from space 91136K, 11% used [0x00000000dfc80000,0x00000000e067daa8,0x00000000e5580000)
  to   space 149504K, 0% used [0x00000000ed500000,0x00000000ed500000,0x00000000f6700000)
 ParOldGen       total 489984K, used 303776K [0x0000000085000000, 0x00000000a2e80000, 0x00000000d7000000)
  object space 489984K, 61% used [0x0000000085000000,0x00000000978a8208,0x00000000a2e80000)
 Metaspace       used 5040K, capacity 5564K, committed 5760K, reserved 1056768K
  class space    used 544K, capacity 592K, committed 640K, reserved 1048576K

Card table byte_map: [0x00007f667454a000,0x00007f6674923000] byte_map_base: 0x00007f6674122000

Marking Bits: (ParMarkBitMap*) 0x00007f66860f9e80
 Begin Bits: [0x00007f6668280000, 0x00007f666a140000)
 End Bits:   [0x00007f666a140000, 0x00007f666c000000)

Polling page: 0x00007f6688115000

CodeCache: size=245760Kb used=2640Kb max_used=2642Kb free=243119Kb
 bounds [0x00007f6674ce3000, 0x00007f6674f83000, 0x00007f6683ce3000]
 total_blobs=898 nmethods=630 adapters=183
 compilation: enabled

Compilation events (10 events):
Event: 2.325 Thread 0x0000000002cf0000 nmethod 626 0x00007f6674f78d10 code [0x00007f6674f78ec0, 0x00007f6674f79288]
Event: 2.325 Thread 0x0000000002cf0000  627   !   3       java.net.URLClassLoader::findClass (47 bytes)
Event: 2.326 Thread 0x0000000002cf0000 nmethod 627 0x00007f6674f78310 code [0x00007f6674f784c0, 0x00007f6674f78a98]
Event: 2.326 Thread 0x0000000002cf0000  629       3       java.lang.reflect.Constructor::<init> (50 bytes)
Event: 2.326 Thread 0x0000000002cf0000 nmethod 629 0x00007f6674f77d10 code [0x00007f6674f77e80, 0x00007f6674f78190]
Event: 2.326 Thread 0x0000000002cf0000  628       3       java.net.URLClassLoader$1::<init> (15 bytes)
Event: 2.326 Thread 0x0000000002cf0000 nmethod 628 0x00007f6674f77910 code [0x00007f6674f77a80, 0x00007f6674f77c50]
Event: 2.326 Thread 0x0000000002cf0000  630       3       sun.instrument.InstrumentationImpl::transform (38 bytes)
Event: 2.326 Thread 0x0000000002cf0000 nmethod 630 0x00007f6674f77450 code [0x00007f6674f775c0, 0x00007f6674f77808]
Event: 2.326 Thread 0x0000000002cf0000  631   !   3       sun.instrument.TransformerManager::transform (98 bytes)

GC Heap History (10 events):
Event: 0.720 GC heap before
{Heap before GC invocations=6 (full 1):
 PSYoungGen      total 103424K, used 103424K [0x00000000d7000000, 0x00000000df600000, 0x0000000100000000)
  eden space 98304K, 100% used [0x00000000d7000000,0x00000000dd000000,0x00000000dd000000)
  from space 5120K, 100% used [0x00000000df100000,0x00000000df600000,0x00000000df600000)
  to   space 5120K, 0% used [0x00000000dec00000,0x00000000dec00000,0x00000000df100000)
 ParOldGen       total 189440K, used 117423K [0x0000000085000000, 0x0000000090900000, 0x00000000d7000000)
  object space 189440K, 61% used [0x0000000085000000,0x000000008c2abf40,0x0000000090900000)
 Metaspace       used 4692K, capacity 5342K, committed 5504K, reserved 1056768K
  class space    used 501K, capacity 539K, committed 640K, reserved 1048576K
Event: 0.817 GC heap after
Heap after GC invocations=6 (full 1):
 PSYoungGen      total 132096K, used 5120K [0x00000000d7000000, 0x00000000ea080000, 0x0000000100000000)
  eden space 126976K, 0% used [0x00000000d7000000,0x00000000d7000000,0x00000000dec00000)
  from space 5120K, 100% used [0x00000000dec00000,0x00000000df100000,0x00000000df100000)
  to   space 76800K, 0% used [0x00000000e5580000,0x00000000e5580000,0x00000000ea080000)
 ParOldGen       total 189440K, used 178616K [0x0000000085000000, 0x0000000090900000, 0x00000000d7000000)
  object space 189440K, 94% used [0x0000000085000000,0x000000008fe6e0c0,0x0000000090900000)
 Metaspace       used 4692K, capacity 5342K, committed 5504K, reserved 1056768K
  class space    used 501K, capacity 539K, committed 640K, reserved 1048576K
}
Event: 0.817 GC heap before
{Heap before GC invocations=7 (full 2):
 PSYoungGen      total 132096K, used 5120K [0x00000000d7000000, 0x00000000ea080000, 0x0000000100000000)
  eden space 126976K, 0% used [0x00000000d7000000,0x00000000d7000000,0x00000000dec00000)
  from space 5120K, 100% used [0x00000000dec00000,0x00000000df100000,0x00000000df100000)
  to   space 76800K, 0% used [0x00000000e5580000,0x00000000e5580000,0x00000000ea080000)
 ParOldGen       total 189440K, used 178616K [0x0000000085000000, 0x0000000090900000, 0x00000000d7000000)
  object space 189440K, 94% used [0x0000000085000000,0x000000008fe6e0c0,0x0000000090900000)
 Metaspace       used 4692K, capacity 5342K, committed 5504K, reserved 1056768K
  class space    used 501K, capacity 539K, committed 640K, reserved 1048576K
Event: 1.152 GC heap after
Heap after GC invocations=7 (full 2):
 PSYoungGen      total 132096K, used 0K [0x00000000d7000000, 0x00000000ea080000, 0x0000000100000000)
  eden space 126976K, 0% used [0x00000000d7000000,0x00000000d7000000,0x00000000dec00000)
  from space 5120K, 0% used [0x00000000dec00000,0x00000000dec00000,0x00000000df100000)
  to   space 76800K, 0% used [0x00000000e5580000,0x00000000e5580000,0x00000000ea080000)
 ParOldGen       total 304128K, used 163879K [0x0000000085000000, 0x0000000097900000, 0x00000000d7000000)
  object space 304128K, 53% used [0x0000000085000000,0x000000008f009c08,0x0000000097900000)
 Metaspace       used 4692K, capacity 5342K, committed 5504K, reserved 1056768K
  class space    used 501K, capacity 539K, committed 640K, reserved 1048576K
}
Event: 1.235 GC heap before
{Heap before GC invocations=8 (full 2):
 PSYoungGen      total 132096K, used 126976K [0x00000000d7000000, 0x00000000ea080000, 0x0000000100000000)
  eden space 126976K, 100% used [0x00000000d7000000,0x00000000dec00000,0x00000000dec00000)
  from space 5120K, 0% used [0x00000000dec00000,0x00000000dec00000,0x00000000df100000)
  to   space 76800K, 0% used [0x00000000e5580000,0x00000000e5580000,0x00000000ea080000)
 ParOldGen       total 304128K, used 163879K [0x0000000085000000, 0x0000000097900000, 0x00000000d7000000)
  object space 304128K, 53% used [0x0000000085000000,0x000000008f009c08,0x0000000097900000)
 Metaspace       used 4785K, capacity 5422K, committed 5504K, reserved 1056768K
  class space    used 512K, capacity 579K, committed 640K, reserved 1048576K
Event: 1.321 GC heap after
Heap after GC invocations=8 (full 2):
 PSYoungGen      total 220672K, used 75968K [0x00000000d7000000, 0x00000000ed680000, 0x0000000100000000)
  eden space 143872K, 0% used [0x00000000d7000000,0x00000000d7000000,0x00000000dfc80000)
  from space 76800K, 98% used [0x00000000e5580000,0x00000000e9fb0170,0x00000000ea080000)
  to   space 91136K, 0% used [0x00000000dfc80000,0x00000000dfc80000,0x00000000e5580000)
 ParOldGen       total 304128K, used 163887K [0x0000000085000000, 0x0000000097900000, 0x00000000d7000000)
  object space 304128K, 53% used [0x0000000085000000,0x000000008f00bc08,0x0000000097900000)
 Metaspace       used 4785K, capacity 5422K, committed 5504K, reserved 1056768K
  class space    used 512K, capacity 579K, committed 640K, reserved 1048576K
}
Event: 1.420 GC heap before
{Heap before GC invocations=9 (full 2):
 PSYoungGen      total 220672K, used 219840K [0x00000000d7000000, 0x00000000ed680000, 0x0000000100000000)
  eden space 143872K, 100% used [0x00000000d7000000,0x00000000dfc80000,0x00000000dfc80000)
  from space 76800K, 98% used [0x00000000e5580000,0x00000000e9fb0170,0x00000000ea080000)
  to   space 91136K, 0% used [0x00000000dfc80000,0x00000000dfc80000,0x00000000e5580000)
 ParOldGen       total 304128K, used 163887K [0x0000000085000000, 0x0000000097900000, 0x00000000d7000000)
  object space 304128K, 53% used [0x0000000085000000,0x000000008f00bc08,0x0000000097900000)
 Metaspace       used 4874K, capacity 5500K, committed 5760K, reserved 1056768K
  class space    used 524K, capacity 592K, committed 640K, reserved 1048576K
Event: 1.603 GC heap after
Heap after GC invocations=9 (full 2):
 PSYoungGen      total 235008K, used 91135K [0x00000000d7000000, 0x00000000f6700000, 0x0000000100000000)
  eden space 143872K, 0% used [0x00000000d7000000,0x00000000d7000000,0x00000000dfc80000)
  from space 91136K, 99% used [0x00000000dfc80000,0x00000000e557fe10,0x00000000e5580000)
  to   space 149504K, 0% used [0x00000000ed500000,0x00000000ed500000,0x00000000f6700000)
 ParOldGen       total 304128K, used 248505K [0x0000000085000000, 0x0000000097900000, 0x00000000d7000000)
  object space 304128K, 81% used [0x0000000085000000,0x00000000942ae5a8,0x0000000097900000)
 Metaspace       used 4874K, capacity 5500K, committed 5760K, reserved 1056768K
  class space    used 524K, capacity 592K, committed 640K, reserved 1048576K
}
Event: 1.603 GC heap before
{Heap before GC invocations=10 (full 3):
 PSYoungGen      total 235008K, used 91135K [0x00000000d7000000, 0x00000000f6700000, 0x0000000100000000)
  eden space 143872K, 0% used [0x00000000d7000000,0x00000000d7000000,0x00000000dfc80000)
  from space 91136K, 99% used [0x00000000dfc80000,0x00000000e557fe10,0x00000000e5580000)
  to   space 149504K, 0% used [0x00000000ed500000,0x00000000ed500000,0x00000000f6700000)
 ParOldGen       total 304128K, used 248505K [0x0000000085000000, 0x0000000097900000, 0x00000000d7000000)
  object space 304128K, 81% used [0x0000000085000000,0x00000000942ae5a8,0x0000000097900000)
 Metaspace       used 4874K, capacity 5500K, committed 5760K, reserved 1056768K
  class space    used 524K, capacity 592K, committed 640K, reserved 1048576K
Event: 2.213 GC heap after
Heap after GC invocations=10 (full 3):
 PSYoungGen      total 235008K, used 10230K [0x00000000d7000000, 0x00000000f6700000, 0x0000000100000000)
  eden space 143872K, 0% used [0x00000000d7000000,0x00000000d7000000,0x00000000dfc80000)
  from space 91136K, 11% used [0x00000000dfc80000,0x00000000e067daa8,0x00000000e5580000)
  to   space 149504K, 0% used [0x00000000ed500000,0x00000000ed500000,0x00000000f6700000)
 ParOldGen       total 489984K, used 303776K [0x0000000085000000, 0x00000000a2e80000, 0x00000000d7000000)
  object space 489984K, 61% used [0x0000000085000000,0x00000000978a8208,0x00000000a2e80000)
 Metaspace       used 4874K, capacity 5500K, committed 5760K, reserved 1056768K
  class space    used 524K, capacity 592K, committed 640K, reserved 1048576K
}

Deoptimization events (10 events):
Event: 2.254 Thread 0x00007f660c001000 Uncommon trap: reason=unstable_if action=reinterpret pc=0x00007f6674f4581c method=java.util.Arrays.fill([Ljava/lang/Object;IILjava/lang/Object;)V @ 13
Event: 2.265 Thread 0x00007f6610001000 Uncommon trap: reason=array_check action=maybe_recompile pc=0x00007f6674f4e070 method=java.util.Arrays.fill([Ljava/lang/Object;IILjava/lang/Object;)V @ 20
Event: 2.265 Thread 0x00007f6608001000 Uncommon trap: reason=array_check action=maybe_recompile pc=0x00007f6674f4e070 method=java.util.Arrays.fill([Ljava/lang/Object;IILjava/lang/Object;)V @ 20
Event: 2.265 Thread 0x00007f6610001000 Uncommon trap: reason=array_check action=maybe_recompile pc=0x00007f6674f4e070 method=java.util.Arrays.fill([Ljava/lang/Object;IILjava/lang/Object;)V @ 20
Event: 2.265 Thread 0x00007f660c001000 Uncommon trap: reason=array_check action=maybe_recompile pc=0x00007f6674f4e070 method=java.util.Arrays.fill([Ljava/lang/Object;IILjava/lang/Object;)V @ 20
Event: 2.265 Thread 0x00007f6604001000 Uncommon trap: reason=array_check action=maybe_recompile pc=0x00007f6674f4e070 method=java.util.Arrays.fill([Ljava/lang/Object;IILjava/lang/Object;)V @ 20
Event: 2.265 Thread 0x00007f6600001000 Uncommon trap: reason=predicate action=maybe_recompile pc=0x00007f6674f3e9b8 method=java.util.Arrays.fill([Ljava/lang/Object;IILjava/lang/Object;)V @ 16
Event: 2.278 Thread 0x00007f6600001000 Uncommon trap: reason=unstable_if action=reinterpret pc=0x00007f6674f40710 method=java.util.HashMap.getNode(ILjava/lang/Object;)Ljava/util/HashMap$Node; @ 116
Event: 2.278 Thread 0x00007f6608001000 Uncommon trap: reason=unstable_if action=reinterpret pc=0x00007f6674f40710 method=java.util.HashMap.getNode(ILjava/lang/Object;)Ljava/util/HashMap$Node; @ 116
Event: 2.278 Thread 0x00007f65f4001000 Uncommon trap: reason=unstable_if action=reinterpret pc=0x00007f6674f39db0 method=java.util.HashMap.getNode(ILjava/lang/Object;)Ljava/util/HashMap$Node; @ 116

Internal exceptions (10 events):
Event: 0.320 Thread 0x00007f6604001000 Implicit null exception at 0x00007f6674e8a084 to 0x00007f6674e8a619
Event: 0.323 Thread 0x00007f6604001000 Implicit null exception at 0x00007f6674e6e026 to 0x00007f6674e6e125
Event: 2.312 Thread 0x00007f65fc001000 Exception <a 'java/lang/NoClassDefFoundError': Ledu/stanford/nlp/process;> (0x00000000d8777a68) thrown at [/build/buildd/openjdk-8-8u45-b14/src/hotspot/src/share/vm/classfile/systemDictionary.cpp, line 199]
Event: 2.313 Thread 0x00007f6608001000 Exception <a 'java/lang/NoClassDefFoundError': Ledu/stanford/nlp/process;> (0x00000000d86db890) thrown at [/build/buildd/openjdk-8-8u45-b14/src/hotspot/src/share/vm/classfile/systemDictionary.cpp, line 199]
Event: 2.316 Thread 0x00007f6610001000 Exception <a 'java/lang/NoClassDefFoundError': Ledu/stanford/nlp/process;> (0x00000000d8896968) thrown at [/build/buildd/openjdk-8-8u45-b14/src/hotspot/src/share/vm/classfile/systemDictionary.cpp, line 199]
Event: 2.322 Thread 0x00007f65f4001000 Exception <a 'java/lang/NoClassDefFoundError': Ledu/stanford/nlp/process;> (0x00000000d87c8a88) thrown at [/build/buildd/openjdk-8-8u45-b14/src/hotspot/src/share/vm/classfile/systemDictionary.cpp, line 199]
Event: 2.322 Thread 0x00007f65f8001000 Exception <a 'java/lang/NoClassDefFoundError': Ledu/stanford/nlp/process;> (0x00000000d894d6d0) thrown at [/build/buildd/openjdk-8-8u45-b14/src/hotspot/src/share/vm/classfile/systemDictionary.cpp, line 199]
Event: 2.322 Thread 0x00007f6600001000 Exception <a 'java/lang/NoClassDefFoundError': Ledu/stanford/nlp/process;> (0x00000000d8a1c9e8) thrown at [/build/buildd/openjdk-8-8u45-b14/src/hotspot/src/share/vm/classfile/systemDictionary.cpp, line 199]
Event: 2.322 Thread 0x00007f660c001000 Exception <a 'java/lang/NoClassDefFoundError': Ledu/stanford/nlp/process;> (0x00000000d89031b0) thrown at [/build/buildd/openjdk-8-8u45-b14/src/hotspot/src/share/vm/classfile/systemDictionary.cpp, line 199]
Event: 2.324 Thread 0x00007f6604001000 Exception <a 'java/lang/NoClassDefFoundError': Ledu/stanford/nlp/process;> (0x00000000d8ae19a0) thrown at [/build/buildd/openjdk-8-8u45-b14/src/hotspot/src/share/vm/classfile/systemDictionary.cpp, line 199]

Events (10 events):
Event: 2.326 loading class java/util/regex/Pattern$Branch
Event: 2.326 loading class java/util/regex/Pattern$Branch done
Event: 2.326 loading class java/util/regex/Pattern$Begin
Event: 2.326 loading class java/util/regex/Pattern$Begin done
Event: 2.326 loading class java/util/regex/Pattern$First
Event: 2.326 loading class java/util/regex/Pattern$First done
Event: 2.326 loading class java/util/regex/Pattern$Start
Event: 2.326 loading class java/util/regex/Pattern$Start done
Event: 2.326 loading class java/util/regex/Pattern$TreeInfo
Event: 2.326 loading class java/util/regex/Pattern$TreeInfo done


Dynamic libraries:
00400000-0071c000 r-xp 00000000 08:01 3409744                            /usr/bin/python2.7
0091b000-0091c000 r--p 0031b000 08:01 3409744                            /usr/bin/python2.7
0091c000-00999000 rw-p 0031c000 08:01 3409744                            /usr/bin/python2.7
00999000-009ab000 rw-p 00000000 00:00 0 
02962000-02ef1000 rw-p 00000000 00:00 0                                  [heap]
85000000-a2e80000 rw-p 00000000 00:00 0 
a2e80000-d7000000 ---p 00000000 00:00 0 
d7000000-f6700000 rw-p 00000000 00:00 0 
f6700000-100000000 ---p 00000000 00:00 0 
100000000-1000a0000 rw-p 00000000 00:00 0 
1000a0000-140000000 ---p 00000000 00:00 0 
7f65f4000000-7f65f42b4000 rw-p 00000000 00:00 0 
7f65f42b4000-7f65f8000000 ---p 00000000 00:00 0 
7f65f8000000-7f65f8026000 rw-p 00000000 00:00 0 
7f65f8026000-7f65fc000000 ---p 00000000 00:00 0 
7f65fc000000-7f65fc021000 rw-p 00000000 00:00 0 
7f65fc021000-7f6600000000 ---p 00000000 00:00 0 
7f6600000000-7f6600021000 rw-p 00000000 00:00 0 
7f6600021000-7f6604000000 ---p 00000000 00:00 0 
7f6604000000-7f6604021000 rw-p 00000000 00:00 0 
7f6604021000-7f6608000000 ---p 00000000 00:00 0 
7f6608000000-7f660803f000 rw-p 00000000 00:00 0 
7f660803f000-7f660c000000 ---p 00000000 00:00 0 
7f660c000000-7f660c04b000 rw-p 00000000 00:00 0 
7f660c04b000-7f6610000000 ---p 00000000 00:00 0 
7f6610000000-7f661002d000 rw-p 00000000 00:00 0 
7f661002d000-7f6614000000 ---p 00000000 00:00 0 
7f6614000000-7f6614021000 rw-p 00000000 00:00 0 
7f6614021000-7f6618000000 ---p 00000000 00:00 0 
7f6618000000-7f6618021000 rw-p 00000000 00:00 0 
7f6618021000-7f661c000000 ---p 00000000 00:00 0 
7f661c000000-7f661c200000 rw-p 00000000 00:00 0 
7f661c200000-7f6620000000 ---p 00000000 00:00 0 
7f6620000000-7f6620021000 rw-p 00000000 00:00 0 
7f6620021000-7f6624000000 ---p 00000000 00:00 0 
7f6624000000-7f662415b000 rw-p 00000000 00:00 0 
7f662415b000-7f6628000000 ---p 00000000 00:00 0 
7f6628000000-7f66281c0000 rw-p 00000000 00:00 0 
7f66281c0000-7f662c000000 ---p 00000000 00:00 0 
7f662c000000-7f662c021000 rw-p 00000000 00:00 0 
7f662c021000-7f6630000000 ---p 00000000 00:00 0 
7f6630000000-7f663045e000 rw-p 00000000 00:00 0 
7f663045e000-7f6634000000 ---p 00000000 00:00 0 
7f6634000000-7f6634021000 rw-p 00000000 00:00 0 
7f6634021000-7f6638000000 ---p 00000000 00:00 0 
7f6638000000-7f6638021000 rw-p 00000000 00:00 0 
7f6638021000-7f663c000000 ---p 00000000 00:00 0 
7f663c000000-7f663c021000 rw-p 00000000 00:00 0 
7f663c021000-7f6640000000 ---p 00000000 00:00 0 
7f6640000000-7f6640021000 rw-p 00000000 00:00 0 
7f6640021000-7f6644000000 ---p 00000000 00:00 0 
7f6644000000-7f6644021000 rw-p 00000000 00:00 0 
7f6644021000-7f6648000000 ---p 00000000 00:00 0 
7f664c000000-7f664c021000 rw-p 00000000 00:00 0 
7f664c021000-7f6650000000 ---p 00000000 00:00 0 
7f6651ffc000-7f6651fff000 ---p 00000000 00:00 0 
7f6651fff000-7f66527fd000 rw-p 00000000 00:00 0                          [stack:15185]
7f66527fd000-7f6652800000 ---p 00000000 00:00 0 
7f6652800000-7f6652ffe000 rw-p 00000000 00:00 0                          [stack:15184]
7f6652ffe000-7f6653001000 ---p 00000000 00:00 0 
7f6653001000-7f66537ff000 rw-p 00000000 00:00 0                          [stack:15183]
7f66537ff000-7f6653802000 ---p 00000000 00:00 0 
7f6653802000-7f6654000000 rw-p 00000000 00:00 0                          [stack:15182]
7f6654000000-7f6654021000 rw-p 00000000 00:00 0 
7f6654021000-7f6658000000 ---p 00000000 00:00 0 
7f6658000000-7f6658021000 rw-p 00000000 00:00 0 
7f6658021000-7f665c000000 ---p 00000000 00:00 0 
7f665c000000-7f665c021000 rw-p 00000000 00:00 0 
7f665c021000-7f6660000000 ---p 00000000 00:00 0 
7f6660615000-7f6660618000 ---p 00000000 00:00 0 
7f6660618000-7f6660e16000 rw-p 00000000 00:00 0                          [stack:15181]
7f6660e16000-7f6660e19000 ---p 00000000 00:00 0 
7f6660e19000-7f6661617000 rw-p 00000000 00:00 0                          [stack:15180]
7f6661617000-7f666161a000 ---p 00000000 00:00 0 
7f666161a000-7f6661e18000 rw-p 00000000 00:00 0                          [stack:15179]
7f6661e18000-7f6661e1b000 ---p 00000000 00:00 0 
7f6661e1b000-7f6662659000 rw-p 00000000 00:00 0                          [stack:15178]
7f6662659000-7f6662665000 r-xp 00000000 08:01 3544337                    /usr/lib/python2.7/lib-dynload/_json.x86_64-linux-gnu.so
7f6662665000-7f6662864000 ---p 0000c000 08:01 3544337                    /usr/lib/python2.7/lib-dynload/_json.x86_64-linux-gnu.so
7f6662864000-7f6662865000 r--p 0000b000 08:01 3544337                    /usr/lib/python2.7/lib-dynload/_json.x86_64-linux-gnu.so
7f6662865000-7f6662866000 rw-p 0000c000 08:01 3544337                    /usr/lib/python2.7/lib-dynload/_json.x86_64-linux-gnu.so
7f6662866000-7f66629a6000 rw-p 00000000 00:00 0 
7f66629a6000-7f66629fb000 r-xp 00000000 08:01 3145898                    /lib/x86_64-linux-gnu/libssl.so.1.0.0
7f66629fb000-7f6662bfb000 ---p 00055000 08:01 3145898                    /lib/x86_64-linux-gnu/libssl.so.1.0.0
7f6662bfb000-7f6662bff000 r--p 00055000 08:01 3145898                    /lib/x86_64-linux-gnu/libssl.so.1.0.0
7f6662bff000-7f6662c06000 rw-p 00059000 08:01 3145898                    /lib/x86_64-linux-gnu/libssl.so.1.0.0
7f6662c06000-7f6662c1a000 r-xp 00000000 08:01 3544342                    /usr/lib/python2.7/lib-dynload/_ssl.x86_64-linux-gnu.so
7f6662c1a000-7f6662e1a000 ---p 00014000 08:01 3544342                    /usr/lib/python2.7/lib-dynload/_ssl.x86_64-linux-gnu.so
7f6662e1a000-7f6662e1b000 r--p 00014000 08:01 3544342                    /usr/lib/python2.7/lib-dynload/_ssl.x86_64-linux-gnu.so
7f6662e1b000-7f6662e1f000 rw-p 00015000 08:01 3544342                    /usr/lib/python2.7/lib-dynload/_ssl.x86_64-linux-gnu.so
7f6662e1f000-7f6662e23000 r-xp 00000000 08:01 3150119                    /lib/x86_64-linux-gnu/libuuid.so.1.3.0
7f6662e23000-7f6663022000 ---p 00004000 08:01 3150119                    /lib/x86_64-linux-gnu/libuuid.so.1.3.0
7f6663022000-7f6663023000 r--p 00003000 08:01 3150119                    /lib/x86_64-linux-gnu/libuuid.so.1.3.0
7f6663023000-7f6663024000 rw-p 00004000 08:01 3150119                    /lib/x86_64-linux-gnu/libuuid.so.1.3.0
7f6663024000-7f66631dc000 r-xp 00000000 08:01 3145897                    /lib/x86_64-linux-gnu/libcrypto.so.1.0.0
7f66631dc000-7f66633db000 ---p 001b8000 08:01 3145897                    /lib/x86_64-linux-gnu/libcrypto.so.1.0.0
7f66633db000-7f66633f8000 r--p 001b7000 08:01 3145897                    /lib/x86_64-linux-gnu/libcrypto.so.1.0.0
7f66633f8000-7f6663404000 rw-p 001d4000 08:01 3145897                    /lib/x86_64-linux-gnu/libcrypto.so.1.0.0
7f6663404000-7f6663408000 rw-p 00000000 00:00 0 
7f6663408000-7f666340e000 r-xp 00000000 08:01 3544335                    /usr/lib/python2.7/lib-dynload/_hashlib.x86_64-linux-gnu.so
7f666340e000-7f666360d000 ---p 00006000 08:01 3544335                    /usr/lib/python2.7/lib-dynload/_hashlib.x86_64-linux-gnu.so
7f666360d000-7f666360e000 r--p 00005000 08:01 3544335                    /usr/lib/python2.7/lib-dynload/_hashlib.x86_64-linux-gnu.so
7f666360e000-7f666360f000 rw-p 00006000 08:01 3544335                    /usr/lib/python2.7/lib-dynload/_hashlib.x86_64-linux-gnu.so
7f666360f000-7f6663616000 r-xp 00000000 08:01 3416049                    /usr/lib/x86_64-linux-gnu/libffi.so.6.0.4
7f6663616000-7f6663815000 ---p 00007000 08:01 3416049                    /usr/lib/x86_64-linux-gnu/libffi.so.6.0.4
7f6663815000-7f6663816000 r--p 00006000 08:01 3416049                    /usr/lib/x86_64-linux-gnu/libffi.so.6.0.4
7f6663816000-7f6663817000 rw-p 00007000 08:01 3416049                    /usr/lib/x86_64-linux-gnu/libffi.so.6.0.4
7f6663817000-7f6663835000 r-xp 00000000 08:01 3544330                    /usr/lib/python2.7/lib-dynload/_ctypes.x86_64-linux-gnu.so
7f6663835000-7f6663a34000 ---p 0001e000 08:01 3544330                    /usr/lib/python2.7/lib-dynload/_ctypes.x86_64-linux-gnu.so
7f6663a34000-7f6663a35000 r--p 0001d000 08:01 3544330                    /usr/lib/python2.7/lib-dynload/_ctypes.x86_64-linux-gnu.so
7f6663a35000-7f6663a39000 rw-p 0001e000 08:01 3544330                    /usr/lib/python2.7/lib-dynload/_ctypes.x86_64-linux-gnu.so
7f6663a39000-7f6663afb000 rw-p 00000000 00:00 0 
7f6663afb000-7f6663afe000 ---p 00000000 00:00 0 
7f6663afe000-7f6663bfc000 rw-p 00000000 00:00 0                          [stack:15175]
7f6663bfc000-7f6663bfd000 ---p 00000000 00:00 0 
7f6663bfd000-7f6663cfd000 rw-p 00000000 00:00 0                          [stack:15174]
7f6663cfd000-7f6663d00000 ---p 00000000 00:00 0 
7f6663d00000-7f6663dfe000 rw-p 00000000 00:00 0                          [stack:15173]
7f6663dfe000-7f6663e01000 ---p 00000000 00:00 0 
7f6663e01000-7f6663eff000 rw-p 00000000 00:00 0                          [stack:15172]
7f6663eff000-7f6663f02000 ---p 00000000 00:00 0 
7f6663f02000-7f6664000000 rw-p 00000000 00:00 0                          [stack:15171]
7f6664000000-7f6664021000 rw-p 00000000 00:00 0 
7f6664021000-7f6668000000 ---p 00000000 00:00 0 
7f666803e000-7f666807e000 rw-p 00000000 00:00 0 
7f666807e000-7f6668081000 ---p 00000000 00:00 0 
7f6668081000-7f666817f000 rw-p 00000000 00:00 0                          [stack:15170]
7f666817f000-7f6668182000 ---p 00000000 00:00 0 
7f6668182000-7f666c000000 rw-p 00000000 00:00 0                          [stack:15169]
7f666c000000-7f666c021000 rw-p 00000000 00:00 0 
7f666c021000-7f6670000000 ---p 00000000 00:00 0 
7f6670034000-7f66700f4000 rw-p 00000000 00:00 0 
7f66700f4000-7f66700f9000 r-xp 00000000 08:01 3415741                    /usr/lib/x86_64-linux-gnu/libXdmcp.so.6.0.0
7f66700f9000-7f66702f8000 ---p 00005000 08:01 3415741                    /usr/lib/x86_64-linux-gnu/libXdmcp.so.6.0.0
7f66702f8000-7f66702f9000 r--p 00004000 08:01 3415741                    /usr/lib/x86_64-linux-gnu/libXdmcp.so.6.0.0
7f66702f9000-7f66702fa000 rw-p 00005000 08:01 3415741                    /usr/lib/x86_64-linux-gnu/libXdmcp.so.6.0.0
7f66702fa000-7f66702fc000 r-xp 00000000 08:01 3415730                    /usr/lib/x86_64-linux-gnu/libXau.so.6.0.0
7f66702fc000-7f66704fc000 ---p 00002000 08:01 3415730                    /usr/lib/x86_64-linux-gnu/libXau.so.6.0.0
7f66704fc000-7f66704fd000 r--p 00002000 08:01 3415730                    /usr/lib/x86_64-linux-gnu/libXau.so.6.0.0
7f66704fd000-7f66704fe000 rw-p 00003000 08:01 3415730                    /usr/lib/x86_64-linux-gnu/libXau.so.6.0.0
7f66704fe000-7f667051b000 r-xp 00000000 08:01 3416928                    /usr/lib/x86_64-linux-gnu/libxcb.so.1.1.0
7f667051b000-7f667071b000 ---p 0001d000 08:01 3416928                    /usr/lib/x86_64-linux-gnu/libxcb.so.1.1.0
7f667071b000-7f667071c000 r--p 0001d000 08:01 3416928                    /usr/lib/x86_64-linux-gnu/libxcb.so.1.1.0
7f667071c000-7f667071d000 rw-p 0001e000 08:01 3416928                    /usr/lib/x86_64-linux-gnu/libxcb.so.1.1.0
7f667071d000-7f6670850000 r-xp 00000000 08:01 3415726                    /usr/lib/x86_64-linux-gnu/libX11.so.6.3.0
7f6670850000-7f6670a50000 ---p 00133000 08:01 3415726                    /usr/lib/x86_64-linux-gnu/libX11.so.6.3.0
7f6670a50000-7f6670a51000 r--p 00133000 08:01 3415726                    /usr/lib/x86_64-linux-gnu/libX11.so.6.3.0
7f6670a51000-7f6670a55000 rw-p 00134000 08:01 3415726                    /usr/lib/x86_64-linux-gnu/libX11.so.6.3.0
7f6670a55000-7f6670a56000 rw-p 00000000 00:00 0 
7f6670a6f000-7f6670a71000 r-xp 00000000 08:01 3414223                    /usr/lib/jayatana/libjayatanaag.so
7f6670a71000-7f6670c70000 ---p 00002000 08:01 3414223                    /usr/lib/jayatana/libjayatanaag.so
7f6670c70000-7f6670c71000 r--p 00001000 08:01 3414223                    /usr/lib/jayatana/libjayatanaag.so
7f6670c71000-7f6670c72000 rw-p 00002000 08:01 3414223                    /usr/lib/jayatana/libjayatanaag.so
7f6670c72000-7f6670c8f000 r--s 0019b000 08:01 25954974                   /home/louner/working/lib/stanford-parser-python-r22186/3rdParty/stanford-parser/stanford-parser-2010-08-20/stanford-parser.jar
7f6670c8f000-7f6670c9a000 r--s 00116000 08:01 8261399                    /usr/lib/jvm/java-8-openjdk-amd64/jre/lib/ext/localedata.jar
7f6670c9a000-7f6670cb4000 r--s 001d3000 08:01 8261397                    /usr/lib/jvm/java-8-openjdk-amd64/jre/lib/ext/nashorn.jar
7f6670cb4000-7f6670cd0000 r--s 00393000 08:01 8261396                    /usr/lib/jvm/java-8-openjdk-amd64/jre/lib/ext/cldrdata.jar
7f6670cd0000-7f6670cd3000 ---p 00000000 00:00 0 
7f6670cd3000-7f6670dd1000 rw-p 00000000 00:00 0                          [stack:15168]
7f6670dd1000-7f6670dd4000 ---p 00000000 00:00 0 
7f6670dd4000-7f6670ed2000 rw-p 00000000 00:00 0                          [stack:15167]
7f6670ed2000-7f6670ed5000 ---p 00000000 00:00 0 
7f6670ed5000-7f6670fd3000 rw-p 00000000 00:00 0                          [stack:15166]
7f6670fd3000-7f6670fd4000 ---p 00000000 00:00 0 
7f6670fd4000-7f6672c3c000 rw-p 00000000 00:00 0                          [stack:15165]
7f6672c3c000-7f6672e09000 r--s 03bd3000 08:01 8261422                    /usr/lib/jvm/java-8-openjdk-amd64/jre/lib/rt.jar
7f6672e09000-7f66733da000 rw-p 00000000 00:00 0 
7f66733da000-7f66736da000 ---p 00000000 00:00 0 
7f66736da000-7f6673ab2000 rw-p 00000000 00:00 0 
7f6673ab2000-7f6673ab3000 ---p 00000000 00:00 0 
7f6673ab3000-7f6673bb3000 rw-p 00000000 00:00 0                          [stack:15164]
7f6673bb3000-7f6673bb4000 ---p 00000000 00:00 0 
7f6673bb4000-7f6673cb4000 rw-p 00000000 00:00 0                          [stack:15163]
7f6673cb4000-7f6673cb5000 ---p 00000000 00:00 0 
7f6673cb5000-7f6673db5000 rw-p 00000000 00:00 0                          [stack:15162]
7f6673db5000-7f6673db6000 ---p 00000000 00:00 0 
7f6673db6000-7f6673eb6000 rw-p 00000000 00:00 0                          [stack:15161]
7f6673eb6000-7f6673eb7000 ---p 00000000 00:00 0 
7f6673eb7000-7f6673fb7000 rw-p 00000000 00:00 0                          [stack:15160]
7f6673fb7000-7f6673fb8000 ---p 00000000 00:00 0 
7f6673fb8000-7f66740b8000 rw-p 00000000 00:00 0                          [stack:15159]
7f66740b8000-7f66740b9000 ---p 00000000 00:00 0 
7f66740b9000-7f66741b9000 rw-p 00000000 00:00 0                          [stack:15158]
7f66741b9000-7f66741ba000 ---p 00000000 00:00 0 
7f66741ba000-7f66743aa000 rw-p 00000000 00:00 0                          [stack:15157]
7f66743aa000-7f667454a000 ---p 00000000 00:00 0 
7f667454a000-7f667463a000 rw-p 00000000 00:00 0 
7f667463a000-7f66747da000 ---p 00000000 00:00 0 
7f66747da000-7f66748d6000 rw-p 00000000 00:00 0 
7f66748d6000-7f6674922000 ---p 00000000 00:00 0 
7f6674922000-7f667492e000 rw-p 00000000 00:00 0 
7f667492e000-7f6674ce3000 ---p 00000000 00:00 0 
7f6674ce3000-7f6674f83000 rwxp 00000000 00:00 0 
7f6674f83000-7f6683ce3000 ---p 00000000 00:00 0 
7f6683ce3000-7f6683ceb000 r-xp 00000000 08:01 8261353                    /usr/lib/jvm/java-8-openjdk-amd64/jre/lib/amd64/libzip.so
7f6683ceb000-7f6683eea000 ---p 00008000 08:01 8261353                    /usr/lib/jvm/java-8-openjdk-amd64/jre/lib/amd64/libzip.so
7f6683eea000-7f6683eeb000 r--p 00007000 08:01 8261353                    /usr/lib/jvm/java-8-openjdk-amd64/jre/lib/amd64/libzip.so
7f6683eeb000-7f6683eec000 rw-p 00008000 08:01 8261353                    /usr/lib/jvm/java-8-openjdk-amd64/jre/lib/amd64/libzip.so
7f6683eec000-7f6683ef8000 r-xp 00000000 08:01 3150036                    /lib/x86_64-linux-gnu/libnss_files-2.21.so
7f6683ef8000-7f66840f7000 ---p 0000c000 08:01 3150036                    /lib/x86_64-linux-gnu/libnss_files-2.21.so
7f66840f7000-7f66840f8000 r--p 0000b000 08:01 3150036                    /lib/x86_64-linux-gnu/libnss_files-2.21.so
7f66840f8000-7f66840f9000 rw-p 0000c000 08:01 3150036                    /lib/x86_64-linux-gnu/libnss_files-2.21.so
7f66840f9000-7f6684104000 r-xp 00000000 08:01 3150046                    /lib/x86_64-linux-gnu/libnss_nis-2.21.so
7f6684104000-7f6684303000 ---p 0000b000 08:01 3150046                    /lib/x86_64-linux-gnu/libnss_nis-2.21.so
7f6684303000-7f6684304000 r--p 0000a000 08:01 3150046                    /lib/x86_64-linux-gnu/libnss_nis-2.21.so
7f6684304000-7f6684305000 rw-p 0000b000 08:01 3150046                    /lib/x86_64-linux-gnu/libnss_nis-2.21.so
7f6684305000-7f668431c000 r-xp 00000000 08:01 3150030                    /lib/x86_64-linux-gnu/libnsl-2.21.so
7f668431c000-7f668451b000 ---p 00017000 08:01 3150030                    /lib/x86_64-linux-gnu/libnsl-2.21.so
7f668451b000-7f668451c000 r--p 00016000 08:01 3150030                    /lib/x86_64-linux-gnu/libnsl-2.21.so
7f668451c000-7f668451d000 rw-p 00017000 08:01 3150030                    /lib/x86_64-linux-gnu/libnsl-2.21.so
7f668451d000-7f668451f000 rw-p 00000000 00:00 0 
7f668451f000-7f6684527000 r-xp 00000000 08:01 3150032                    /lib/x86_64-linux-gnu/libnss_compat-2.21.so
7f6684527000-7f6684726000 ---p 00008000 08:01 3150032                    /lib/x86_64-linux-gnu/libnss_compat-2.21.so
7f6684726000-7f6684727000 r--p 00007000 08:01 3150032                    /lib/x86_64-linux-gnu/libnss_compat-2.21.so
7f6684727000-7f6684728000 rw-p 00008000 08:01 3150032                    /lib/x86_64-linux-gnu/libnss_compat-2.21.so
7f6684728000-7f6684736000 r-xp 00000000 08:01 8261384                    /usr/lib/jvm/java-8-openjdk-amd64/jre/lib/amd64/jli/libjli.so
7f6684736000-7f6684935000 ---p 0000e000 08:01 8261384                    /usr/lib/jvm/java-8-openjdk-amd64/jre/lib/amd64/jli/libjli.so
7f6684935000-7f6684936000 r--p 0000d000 08:01 8261384                    /usr/lib/jvm/java-8-openjdk-amd64/jre/lib/amd64/jli/libjli.so
7f6684936000-7f6684937000 rw-p 0000e000 08:01 8261384                    /usr/lib/jvm/java-8-openjdk-amd64/jre/lib/amd64/jli/libjli.so
7f6684937000-7f6684941000 r-xp 00000000 08:01 8261372                    /usr/lib/jvm/java-8-openjdk-amd64/jre/lib/amd64/libinstrument.so
7f6684941000-7f6684b40000 ---p 0000a000 08:01 8261372                    /usr/lib/jvm/java-8-openjdk-amd64/jre/lib/amd64/libinstrument.so
7f6684b40000-7f6684b41000 r--p 00009000 08:01 8261372                    /usr/lib/jvm/java-8-openjdk-amd64/jre/lib/amd64/libinstrument.so
7f6684b41000-7f6684b42000 rw-p 0000a000 08:01 8261372                    /usr/lib/jvm/java-8-openjdk-amd64/jre/lib/amd64/libinstrument.so
7f6684b42000-7f6684b70000 r-xp 00000000 08:01 8261350                    /usr/lib/jvm/java-8-openjdk-amd64/jre/lib/amd64/libjava.so
7f6684b70000-7f6684d6f000 ---p 0002e000 08:01 8261350                    /usr/lib/jvm/java-8-openjdk-amd64/jre/lib/amd64/libjava.so
7f6684d6f000-7f6684d70000 r--p 0002d000 08:01 8261350                    /usr/lib/jvm/java-8-openjdk-amd64/jre/lib/amd64/libjava.so
7f6684d70000-7f6684d72000 rw-p 0002e000 08:01 8261350                    /usr/lib/jvm/java-8-openjdk-amd64/jre/lib/amd64/libjava.so
7f6684d72000-7f6684d81000 r-xp 00000000 08:01 8261365                    /usr/lib/jvm/java-8-openjdk-amd64/jre/lib/amd64/libverify.so
7f6684d81000-7f6684f81000 ---p 0000f000 08:01 8261365                    /usr/lib/jvm/java-8-openjdk-amd64/jre/lib/amd64/libverify.so
7f6684f81000-7f6684f84000 r--p 0000f000 08:01 8261365                    /usr/lib/jvm/java-8-openjdk-amd64/jre/lib/amd64/libverify.so
7f6684f84000-7f6684f85000 rw-p 00012000 08:01 8261365                    /usr/lib/jvm/java-8-openjdk-amd64/jre/lib/amd64/libverify.so
7f6684f85000-7f6684f8c000 r-xp 00000000 08:01 3150091                    /lib/x86_64-linux-gnu/librt-2.21.so
7f6684f8c000-7f668518b000 ---p 00007000 08:01 3150091                    /lib/x86_64-linux-gnu/librt-2.21.so
7f668518b000-7f668518c000 r--p 00006000 08:01 3150091                    /lib/x86_64-linux-gnu/librt-2.21.so
7f668518c000-7f668518d000 rw-p 00007000 08:01 3150091                    /lib/x86_64-linux-gnu/librt-2.21.so
7f668518d000-7f6685e1a000 r-xp 00000000 08:01 8261377                    /usr/lib/jvm/java-8-openjdk-amd64/jre/lib/amd64/server/libjvm.so
7f6685e1a000-7f668601a000 ---p 00c8d000 08:01 8261377                    /usr/lib/jvm/java-8-openjdk-amd64/jre/lib/amd64/server/libjvm.so
7f668601a000-7f66860bd000 r--p 00c8d000 08:01 8261377                    /usr/lib/jvm/java-8-openjdk-amd64/jre/lib/amd64/server/libjvm.so
7f66860bd000-7f66860e6000 rw-p 00d30000 08:01 8261377                    /usr/lib/jvm/java-8-openjdk-amd64/jre/lib/amd64/server/libjvm.so
7f66860e6000-7f6686115000 rw-p 00000000 00:00 0 
7f6686115000-7f668612b000 r-xp 00000000 08:01 3149979                    /lib/x86_64-linux-gnu/libgcc_s.so.1
7f668612b000-7f668632a000 ---p 00016000 08:01 3149979                    /lib/x86_64-linux-gnu/libgcc_s.so.1
7f668632a000-7f668632b000 rw-p 00015000 08:01 3149979                    /lib/x86_64-linux-gnu/libgcc_s.so.1
7f668632b000-7f668641b000 r-xp 00000000 08:01 3416722                    /usr/lib/x86_64-linux-gnu/libstdc++.so.6.0.20
7f668641b000-7f668661b000 ---p 000f0000 08:01 3416722                    /usr/lib/x86_64-linux-gnu/libstdc++.so.6.0.20
7f668661b000-7f6686623000 r--p 000f0000 08:01 3416722                    /usr/lib/x86_64-linux-gnu/libstdc++.so.6.0.20
7f6686623000-7f6686625000 rw-p 000f8000 08:01 3416722                    /usr/lib/x86_64-linux-gnu/libstdc++.so.6.0.20
7f6686625000-7f668663a000 rw-p 00000000 00:00 0 
7f668663a000-7f66866b9000 r-xp 00000000 08:01 8261924                    /usr/local/lib/python2.7/dist-packages/JPype1-0.6.0-py2.7-linux-x86_64.egg/_jpype.so
7f66866b9000-7f66868b8000 ---p 0007f000 08:01 8261924                    /usr/local/lib/python2.7/dist-packages/JPype1-0.6.0-py2.7-linux-x86_64.egg/_jpype.so
7f66868b8000-7f66868bc000 r--p 0007e000 08:01 8261924                    /usr/local/lib/python2.7/dist-packages/JPype1-0.6.0-py2.7-linux-x86_64.egg/_jpype.so
7f66868bc000-7f66868bf000 rw-p 00082000 08:01 8261924                    /usr/local/lib/python2.7/dist-packages/JPype1-0.6.0-py2.7-linux-x86_64.egg/_jpype.so
7f66868bf000-7f66868ff000 rw-p 00000000 00:00 0 
7f66868ff000-7f6686fe3000 r--p 00000000 08:01 3414901                    /usr/lib/locale/locale-archive
7f6686fe3000-7f66870ea000 r-xp 00000000 08:01 3150009                    /lib/x86_64-linux-gnu/libm-2.21.so
7f66870ea000-7f66872e9000 ---p 00107000 08:01 3150009                    /lib/x86_64-linux-gnu/libm-2.21.so
7f66872e9000-7f66872ea000 r--p 00106000 08:01 3150009                    /lib/x86_64-linux-gnu/libm-2.21.so
7f66872ea000-7f66872eb000 rw-p 00107000 08:01 3150009                    /lib/x86_64-linux-gnu/libm-2.21.so
7f66872eb000-7f6687304000 r-xp 00000000 08:01 3150124                    /lib/x86_64-linux-gnu/libz.so.1.2.8
7f6687304000-7f6687504000 ---p 00019000 08:01 3150124                    /lib/x86_64-linux-gnu/libz.so.1.2.8
7f6687504000-7f6687505000 r--p 00019000 08:01 3150124                    /lib/x86_64-linux-gnu/libz.so.1.2.8
7f6687505000-7f6687506000 rw-p 0001a000 08:01 3150124                    /lib/x86_64-linux-gnu/libz.so.1.2.8
7f6687506000-7f6687508000 r-xp 00000000 08:01 3150116                    /lib/x86_64-linux-gnu/libutil-2.21.so
7f6687508000-7f6687707000 ---p 00002000 08:01 3150116                    /lib/x86_64-linux-gnu/libutil-2.21.so
7f6687707000-7f6687708000 r--p 00001000 08:01 3150116                    /lib/x86_64-linux-gnu/libutil-2.21.so
7f6687708000-7f6687709000 rw-p 00002000 08:01 3150116                    /lib/x86_64-linux-gnu/libutil-2.21.so
7f6687709000-7f668770c000 r-xp 00000000 08:01 3149967                    /lib/x86_64-linux-gnu/libdl-2.21.so
7f668770c000-7f668790b000 ---p 00003000 08:01 3149967                    /lib/x86_64-linux-gnu/libdl-2.21.so
7f668790b000-7f668790c000 r--p 00002000 08:01 3149967                    /lib/x86_64-linux-gnu/libdl-2.21.so
7f668790c000-7f668790d000 rw-p 00003000 08:01 3149967                    /lib/x86_64-linux-gnu/libdl-2.21.so
7f668790d000-7f6687acd000 r-xp 00000000 08:01 3149950                    /lib/x86_64-linux-gnu/libc-2.21.so
7f6687acd000-7f6687ccd000 ---p 001c0000 08:01 3149950                    /lib/x86_64-linux-gnu/libc-2.21.so
7f6687ccd000-7f6687cd1000 r--p 001c0000 08:01 3149950                    /lib/x86_64-linux-gnu/libc-2.21.so
7f6687cd1000-7f6687cd3000 rw-p 001c4000 08:01 3149950                    /lib/x86_64-linux-gnu/libc-2.21.so
7f6687cd3000-7f6687cd7000 rw-p 00000000 00:00 0 
7f6687cd7000-7f6687cef000 r-xp 00000000 08:01 3150083                    /lib/x86_64-linux-gnu/libpthread-2.21.so
7f6687cef000-7f6687eef000 ---p 00018000 08:01 3150083                    /lib/x86_64-linux-gnu/libpthread-2.21.so
7f6687eef000-7f6687ef0000 r--p 00018000 08:01 3150083                    /lib/x86_64-linux-gnu/libpthread-2.21.so
7f6687ef0000-7f6687ef1000 rw-p 00019000 08:01 3150083                    /lib/x86_64-linux-gnu/libpthread-2.21.so
7f6687ef1000-7f6687ef5000 rw-p 00000000 00:00 0 
7f6687ef5000-7f6687f19000 r-xp 00000000 08:01 3149922                    /lib/x86_64-linux-gnu/ld-2.21.so
7f6687f1c000-7f6687f1d000 r--s 00000000 08:01 3934920                    /usr/share/java/jayatanaag.jar
7f6687f1d000-7f6687f20000 r--s 00037000 08:01 8261404                    /usr/lib/jvm/java-8-openjdk-amd64/jre/lib/ext/sunpkcs11.jar
7f6687f20000-7f6688007000 rw-p 00000000 00:00 0 
7f6688035000-7f6688037000 r--s 00006000 08:01 3934919                    /usr/share/java/jayatana.jar
7f6688037000-7f6688038000 rwxp 00000000 00:00 0 
7f6688038000-7f66880fd000 rw-p 00000000 00:00 0 
7f66880fd000-7f66880ff000 r--s 00006000 08:01 3933957                    /usr/share/java/java-atk-wrapper.jar
7f66880ff000-7f6688100000 r--s 00010000 08:01 8261400                    /usr/lib/jvm/java-8-openjdk-amd64/jre/lib/ext/zipfs.jar
7f6688100000-7f6688102000 r--s 00001000 08:01 8261402                    /usr/lib/jvm/java-8-openjdk-amd64/jre/lib/ext/dnsns.jar
7f6688102000-7f6688108000 r--s 0003a000 08:01 8261401                    /usr/lib/jvm/java-8-openjdk-amd64/jre/lib/ext/sunjce_provider.jar
7f6688108000-7f6688109000 r--s 00008000 08:01 8261398                    /usr/lib/jvm/java-8-openjdk-amd64/jre/lib/ext/sunec.jar
7f6688109000-7f668810c000 r--s 0000f000 08:01 8261403                    /usr/lib/jvm/java-8-openjdk-amd64/jre/lib/ext/icedtea-sound.jar
7f668810c000-7f6688114000 rw-s 00000000 08:01 26345483                   /tmp/hsperfdata_louner/15156
7f6688114000-7f6688115000 rw-p 00000000 00:00 0 
7f6688115000-7f6688116000 r--p 00000000 00:00 0 
7f6688116000-7f6688118000 rw-p 00000000 00:00 0 
7f6688118000-7f6688119000 r--p 00023000 08:01 3149922                    /lib/x86_64-linux-gnu/ld-2.21.so
7f6688119000-7f668811a000 rw-p 00024000 08:01 3149922                    /lib/x86_64-linux-gnu/ld-2.21.so
7f668811a000-7f668811b000 rw-p 00000000 00:00 0 
7fff4c5d8000-7fff4c5db000 ---p 00000000 00:00 0 
7fff4c5dc000-7fff4c6d8000 rw-p 00000000 00:00 0                          [stack]
7fff4c7bf000-7fff4c7c1000 r--p 00000000 00:00 0                          [vvar]
7fff4c7c1000-7fff4c7c3000 r-xp 00000000 00:00 0                          [vdso]
ffffffffff600000-ffffffffff601000 r-xp 00000000 00:00 0                  [vsyscall]

VM Arguments:
jvm_args: -javaagent:/usr/share/java/jayatanaag.jar -ea 
java_command: <unknown>
java_class_path (initial): /home/louner/working/lib/stanford-parser-python-r22186/3rdParty/stanford-parser/stanford-parser-2010-08-20/stanford-parser.jar:/usr/share/java/jayatanaag.jar
Launcher Type: generic

Environment Variables:
JAVA_TOOL_OPTIONS=-javaagent:/usr/share/java/jayatanaag.jar 
PATH=/usr/local/sbin:/usr/local/bin:/usr/sbin:/usr/bin:/sbin:/bin:/usr/games:/usr/local/games
SHELL=/bin/bash
DISPLAY=:0

Signal Handlers:
SIGSEGV: [libjvm.so+0xa90d80], sa_mask[0]=11111111011111111101111111111110, sa_flags=SA_RESTART|SA_SIGINFO
SIGBUS: [libjvm.so+0xa90d80], sa_mask[0]=11111111011111111101111111111110, sa_flags=SA_RESTART|SA_SIGINFO
SIGFPE: [libjvm.so+0x8dbc70], sa_mask[0]=11111111011111111101111111111110, sa_flags=SA_RESTART|SA_SIGINFO
SIGPIPE: [libjvm.so+0x8dbc70], sa_mask[0]=11111111011111111101111111111110, sa_flags=SA_RESTART|SA_SIGINFO
SIGXFSZ: [libjvm.so+0x8dbc70], sa_mask[0]=11111111011111111101111111111110, sa_flags=SA_RESTART|SA_SIGINFO
SIGILL: [libjvm.so+0x8dbc70], sa_mask[0]=11111111011111111101111111111110, sa_flags=SA_RESTART|SA_SIGINFO
SIGUSR1: SIG_DFL, sa_mask[0]=00000000000000000000000000000000, sa_flags=none
SIGUSR2: [libjvm.so+0x8dbb20], sa_mask[0]=00000000000000000000000000000000, sa_flags=SA_RESTART|SA_SIGINFO
SIGHUP: [libjvm.so+0x8dbd40], sa_mask[0]=11111111011111111101111111111110, sa_flags=SA_RESTART|SA_SIGINFO
SIGINT: [libjvm.so+0x8dbd40], sa_mask[0]=11111111011111111101111111111110, sa_flags=SA_RESTART|SA_SIGINFO
SIGTERM: [libjvm.so+0x8dbd40], sa_mask[0]=11111111011111111101111111111110, sa_flags=SA_RESTART|SA_SIGINFO
SIGQUIT: [libjvm.so+0x8dbd40], sa_mask[0]=11111111011111111101111111111110, sa_flags=SA_RESTART|SA_SIGINFO


---------------  S Y S T E M  ---------------

OS:DISTRIB_ID=Ubuntu
DISTRIB_RELEASE=15.04
DISTRIB_CODENAME=vivid
DISTRIB_DESCRIPTION="Ubuntu 15.04"

uname:Linux 3.19.0-16-generic #16-Ubuntu SMP Thu Apr 30 16:09:58 UTC 2015 x86_64
libc:glibc 2.21 NPTL 2.21 
rlimit: STACK 8192k, CORE 0k, NPROC 31392, NOFILE 65536, AS infinity
load average:0.21 0.42 0.40

/proc/meminfo:
MemTotal:        8058760 kB
MemFree:         3237228 kB
MemAvailable:    5032800 kB
Buffers:          272636 kB
Cached:          2392964 kB
SwapCached:          384 kB
Active:          2762852 kB
Inactive:        1786920 kB
Active(anon):    1632016 kB
Inactive(anon):  1007984 kB
Active(file):    1130836 kB
Inactive(file):   778936 kB
Unevictable:         108 kB
Mlocked:             108 kB
SwapTotal:       8270844 kB
SwapFree:        8261880 kB
Dirty:             12204 kB
Writeback:             0 kB
AnonPages:       1884052 kB
Mapped:           568236 kB
Shmem:            755832 kB
Slab:             153604 kB
SReclaimable:     109488 kB
SUnreclaim:        44116 kB
KernelStack:       10000 kB
PageTables:        53596 kB
NFS_Unstable:          0 kB
Bounce:                0 kB
WritebackTmp:          0 kB
CommitLimit:    12300224 kB
Committed_AS:    7648720 kB
VmallocTotal:   34359738367 kB
VmallocUsed:      361976 kB
VmallocChunk:   34359269824 kB
HardwareCorrupted:     0 kB
AnonHugePages:    960512 kB
CmaTotal:              0 kB
CmaFree:               0 kB
HugePages_Total:       0
HugePages_Free:        0
HugePages_Rsvd:        0
HugePages_Surp:        0
Hugepagesize:       2048 kB
DirectMap4k:      196712 kB
DirectMap2M:     7026688 kB
DirectMap1G:     2097152 kB


CPU:total 8 (4 cores per cpu, 2 threads per core) family 6 model 60 stepping 3, cmov, cx8, fxsr, mmx, sse, sse2, sse3, ssse3, sse4.1, sse4.2, popcnt, avx, avx2, aes, clmul, erms, lzcnt, ht, tsc, tscinvbit, bmi1, bmi2

/proc/cpuinfo:
processor	: 0
vendor_id	: GenuineIntel
cpu family	: 6
model		: 60
model name	: Intel(R) Core(TM) i7-4790 CPU @ 3.60GHz
stepping	: 3
microcode	: 0x1c
cpu MHz		: 3803.343
cache size	: 8192 KB
physical id	: 0
siblings	: 8
core id		: 0
cpu cores	: 4
apicid		: 0
initial apicid	: 0
fpu		: yes
fpu_exception	: yes
cpuid level	: 13
wp		: yes
flags		: fpu vme de pse tsc msr pae mce cx8 apic sep mtrr pge mca cmov pat pse36 clflush dts acpi mmx fxsr sse sse2 ss ht tm pbe syscall nx pdpe1gb rdtscp lm constant_tsc arch_perfmon pebs bts rep_good nopl xtopology nonstop_tsc aperfmperf eagerfpu pni pclmulqdq dtes64 monitor ds_cpl vmx smx est tm2 ssse3 fma cx16 xtpr pdcm pcid sse4_1 sse4_2 x2apic movbe popcnt tsc_deadline_timer aes xsave avx f16c rdrand lahf_lm abm ida arat pln pts dtherm tpr_shadow vnmi flexpriority ept vpid fsgsbase tsc_adjust bmi1 avx2 smep bmi2 erms invpcid xsaveopt
bugs		:
bogomips	: 7200.07
clflush size	: 64
cache_alignment	: 64
address sizes	: 39 bits physical, 48 bits virtual
power management:

processor	: 1
vendor_id	: GenuineIntel
cpu family	: 6
model		: 60
model name	: Intel(R) Core(TM) i7-4790 CPU @ 3.60GHz
stepping	: 3
microcode	: 0x1c
cpu MHz		: 3803.765
cache size	: 8192 KB
physical id	: 0
siblings	: 8
core id		: 1
cpu cores	: 4
apicid		: 2
initial apicid	: 2
fpu		: yes
fpu_exception	: yes
cpuid level	: 13
wp		: yes
flags		: fpu vme de pse tsc msr pae mce cx8 apic sep mtrr pge mca cmov pat pse36 clflush dts acpi mmx fxsr sse sse2 ss ht tm pbe syscall nx pdpe1gb rdtscp lm constant_tsc arch_perfmon pebs bts rep_good nopl xtopology nonstop_tsc aperfmperf eagerfpu pni pclmulqdq dtes64 monitor ds_cpl vmx smx est tm2 ssse3 fma cx16 xtpr pdcm pcid sse4_1 sse4_2 x2apic movbe popcnt tsc_deadline_timer aes xsave avx f16c rdrand lahf_lm abm ida arat pln pts dtherm tpr_shadow vnmi flexpriority ept vpid fsgsbase tsc_adjust bmi1 avx2 smep bmi2 erms invpcid xsaveopt
bugs		:
bogomips	: 7200.07
clflush size	: 64
cache_alignment	: 64
address sizes	: 39 bits physical, 48 bits virtual
power management:

processor	: 2
vendor_id	: GenuineIntel
cpu family	: 6
model		: 60
model name	: Intel(R) Core(TM) i7-4790 CPU @ 3.60GHz
stepping	: 3
microcode	: 0x1c
cpu MHz		: 3824.156
cache size	: 8192 KB
physical id	: 0
siblings	: 8
core id		: 2
cpu cores	: 4
apicid		: 4
initial apicid	: 4
fpu		: yes
fpu_exception	: yes
cpuid level	: 13
wp		: yes
flags		: fpu vme de pse tsc msr pae mce cx8 apic sep mtrr pge mca cmov pat pse36 clflush dts acpi mmx fxsr sse sse2 ss ht tm pbe syscall nx pdpe1gb rdtscp lm constant_tsc arch_perfmon pebs bts rep_good nopl xtopology nonstop_tsc aperfmperf eagerfpu pni pclmulqdq dtes64 monitor ds_cpl vmx smx est tm2 ssse3 fma cx16 xtpr pdcm pcid sse4_1 sse4_2 x2apic movbe popcnt tsc_deadline_timer aes xsave avx f16c rdrand lahf_lm abm ida arat pln pts dtherm tpr_shadow vnmi flexpriority ept vpid fsgsbase tsc_adjust bmi1 avx2 smep bmi2 erms invpcid xsaveopt
bugs		:
bogomips	: 7200.07
clflush size	: 64
cache_alignment	: 64
address sizes	: 39 bits physical, 48 bits virtual
power management:

processor	: 3
vendor_id	: GenuineIntel
cpu family	: 6
model		: 60
model name	: Intel(R) Core(TM) i7-4790 CPU @ 3.60GHz
stepping	: 3
microcode	: 0x1c
cpu MHz		: 3803.203
cache size	: 8192 KB
physical id	: 0
siblings	: 8
core id		: 3
cpu cores	: 4
apicid		: 6
initial apicid	: 6
fpu		: yes
fpu_exception	: yes
cpuid level	: 13
wp		: yes
flags		: fpu vme de pse tsc msr pae mce cx8 apic sep mtrr pge mca cmov pat pse36 clflush dts acpi mmx fxsr sse sse2 ss ht tm pbe syscall nx pdpe1gb rdtscp lm constant_tsc arch_perfmon pebs bts rep_good nopl xtopology nonstop_tsc aperfmperf eagerfpu pni pclmulqdq dtes64 monitor ds_cpl vmx smx est tm2 ssse3 fma cx16 xtpr pdcm pcid sse4_1 sse4_2 x2apic movbe popcnt tsc_deadline_timer aes xsave avx f16c rdrand lahf_lm abm ida arat pln pts dtherm tpr_shadow vnmi flexpriority ept vpid fsgsbase tsc_adjust bmi1 avx2 smep bmi2 erms invpcid xsaveopt
bugs		:
bogomips	: 7200.07
clflush size	: 64
cache_alignment	: 64
address sizes	: 39 bits physical, 48 bits virtual
power management:

processor	: 4
vendor_id	: GenuineIntel
cpu family	: 6
model		: 60
model name	: Intel(R) Core(TM) i7-4790 CPU @ 3.60GHz
stepping	: 3
microcode	: 0x1c
cpu MHz		: 3824.859
cache size	: 8192 KB
physical id	: 0
siblings	: 8
core id		: 0
cpu cores	: 4
apicid		: 1
initial apicid	: 1
fpu		: yes
fpu_exception	: yes
cpuid level	: 13
wp		: yes
flags		: fpu vme de pse tsc msr pae mce cx8 apic sep mtrr pge mca cmov pat pse36 clflush dts acpi mmx fxsr sse sse2 ss ht tm pbe syscall nx pdpe1gb rdtscp lm constant_tsc arch_perfmon pebs bts rep_good nopl xtopology nonstop_tsc aperfmperf eagerfpu pni pclmulqdq dtes64 monitor ds_cpl vmx smx est tm2 ssse3 fma cx16 xtpr pdcm pcid sse4_1 sse4_2 x2apic movbe popcnt tsc_deadline_timer aes xsave avx f16c rdrand lahf_lm abm ida arat pln pts dtherm tpr_shadow vnmi flexpriority ept vpid fsgsbase tsc_adjust bmi1 avx2 smep bmi2 erms invpcid xsaveopt
bugs		:
bogomips	: 7200.07
clflush size	: 64
cache_alignment	: 64
address sizes	: 39 bits physical, 48 bits virtual
power management:

processor	: 5
vendor_id	: GenuineIntel
cpu family	: 6
model		: 60
model name	: Intel(R) Core(TM) i7-4790 CPU @ 3.60GHz
stepping	: 3
microcode	: 0x1c
cpu MHz		: 3800.671
cache size	: 8192 KB
physical id	: 0
siblings	: 8
core id		: 1
cpu cores	: 4
apicid		: 3
initial apicid	: 3
fpu		: yes
fpu_exception	: yes
cpuid level	: 13
wp		: yes
flags		: fpu vme de pse tsc msr pae mce cx8 apic sep mtrr pge mca cmov pat pse36 clflush dts acpi mmx fxsr sse sse2 ss ht tm pbe syscall nx pdpe1gb rdtscp lm constant_tsc arch_perfmon pebs bts rep_good nopl xtopology nonstop_tsc aperfmperf eagerfpu pni pclmulqdq dtes64 monitor ds_cpl vmx smx est tm2 ssse3 fma cx16 xtpr pdcm pcid sse4_1 sse4_2 x2apic movbe popcnt tsc_deadline_timer aes xsave avx f16c rdrand lahf_lm abm ida arat pln pts dtherm tpr_shadow vnmi flexpriority ept vpid fsgsbase tsc_adjust bmi1 avx2 smep bmi2 erms invpcid xsaveopt
bugs		:
bogomips	: 7200.07
clflush size	: 64
cache_alignment	: 64
address sizes	: 39 bits physical, 48 bits virtual
power management:

processor	: 6
vendor_id	: GenuineIntel
cpu family	: 6
model		: 60
model name	: Intel(R) Core(TM) i7-4790 CPU @ 3.60GHz
stepping	: 3
microcode	: 0x1c
cpu MHz		: 3831.187
cache size	: 8192 KB
physical id	: 0
siblings	: 8
core id		: 2
cpu cores	: 4
apicid		: 5
initial apicid	: 5
fpu		: yes
fpu_exception	: yes
cpuid level	: 13
wp		: yes
flags		: fpu vme de pse tsc msr pae mce cx8 apic sep mtrr pge mca cmov pat pse36 clflush dts acpi mmx fxsr sse sse2 ss ht tm pbe syscall nx pdpe1gb rdtscp lm constant_tsc arch_perfmon pebs bts rep_good nopl xtopology nonstop_tsc aperfmperf eagerfpu pni pclmulqdq dtes64 monitor ds_cpl vmx smx est tm2 ssse3 fma cx16 xtpr pdcm pcid sse4_1 sse4_2 x2apic movbe popcnt tsc_deadline_timer aes xsave avx f16c rdrand lahf_lm abm ida arat pln pts dtherm tpr_shadow vnmi flexpriority ept vpid fsgsbase tsc_adjust bmi1 avx2 smep bmi2 erms invpcid xsaveopt
bugs		:
bogomips	: 7200.07
clflush size	: 64
cache_alignment	: 64
address sizes	: 39 bits physical, 48 bits virtual
power management:

processor	: 7
vendor_id	: GenuineIntel
cpu family	: 6
model		: 60
model name	: Intel(R) Core(TM) i7-4790 CPU @ 3.60GHz
stepping	: 3
microcode	: 0x1c
cpu MHz		: 3799.968
cache size	: 8192 KB
physical id	: 0
siblings	: 8
core id		: 3
cpu cores	: 4
apicid		: 7
initial apicid	: 7
fpu		: yes
fpu_exception	: yes
cpuid level	: 13
wp		: yes
flags		: fpu vme de pse tsc msr pae mce cx8 apic sep mtrr pge mca cmov pat pse36 clflush dts acpi mmx fxsr sse sse2 ss ht tm pbe syscall nx pdpe1gb rdtscp lm constant_tsc arch_perfmon pebs bts rep_good nopl xtopology nonstop_tsc aperfmperf eagerfpu pni pclmulqdq dtes64 monitor ds_cpl vmx smx est tm2 ssse3 fma cx16 xtpr pdcm pcid sse4_1 sse4_2 x2apic movbe popcnt tsc_deadline_timer aes xsave avx f16c rdrand lahf_lm abm ida arat pln pts dtherm tpr_shadow vnmi flexpriority ept vpid fsgsbase tsc_adjust bmi1 avx2 smep bmi2 erms invpcid xsaveopt
bugs		:
bogomips	: 7200.07
clflush size	: 64
cache_alignment	: 64
address sizes	: 39 bits physical, 48 bits virtual
power management:



Memory: 4k page, physical 8058760k(3237228k free), swap 8270844k(8261880k free)

vm_info: OpenJDK 64-Bit Server VM (25.45-b02) for linux-amd64 JRE (1.8.0_45-internal-b14), built on Apr 20 2015 00:35:04 by "buildd" with gcc 4.9.2

time: Sat Jun 13 18:38:24 2015
elapsed time: 2 seconds (0d 0h 0m 2s)

