#
# A fatal error has been detected by the Java Runtime Environment:
#
#  SIGSEGV (0xb) at pc=0x00007f6d3fe80a20, pid=14633, tid=140106394445568
#
# JRE version: OpenJDK Runtime Environment (8.0_45-b14) (build 1.8.0_45-internal-b14)
# Java VM: OpenJDK 64-Bit Server VM (25.45-b02 mixed mode linux-amd64 compressed oops)
# Problematic frame:
# C  [_jpype.so+0x4aa20]  JPJavaEnv::FindClass(char const*)+0x20
#
# Failed to write core dump. Core dumps have been disabled. To enable core dumping, try "ulimit -c unlimited" before starting Java again
#
# If you would like to submit a bug report, please visit:
#   http://bugreport.java.com/bugreport/crash.jsp
#

---------------  T H R E A D  ---------------

Current thread is native thread

siginfo: si_signo: 11 (SIGSEGV), si_code: 1 (SEGV_MAPERR), si_addr: 0x0000000000000000

Registers:
RAX=0x0000000001e255a0, RBX=0x0000000000000000, RCX=0x00007f6d414e24ec, RDX=0x0000000000000001
RSP=0x00007f6d0fdefd60, RBP=0x0000000001e255a0, RSI=0x0000000000000081, RDI=0x000000000198bb80
R8 =0x0000000000000000, R9 =0x00007f6cc80000a8, R10=0x0000000000000000, R11=0x0000000000000286
R12=0x00007f6cc8000fc8, R13=0x00007f6cc8000f68, R14=0x00007f6d0fdefeb0, R15=0x00007f6d0fdefde0
RIP=0x00007f6d3fe80a20, EFLAGS=0x0000000000010246, CSGSFS=0x0000000000000033, ERR=0x0000000000000004
  TRAPNO=0x000000000000000e

Top of Stack: (sp=0x00007f6d0fdefd60)
0x00007f6d0fdefd60:   00007f6cc8000fc8 0000000000000033
0x00007f6d0fdefd70:   0000000000000005 00007f6d3fe59ce6
0x00007f6d0fdefd80:   00007f6d0fdefeb0 00007f6d0fdefde0
0x00007f6d0fdefd90:   00007f6d1406f490 00007f6d0fdefdc0
0x00007f6d0fdefda0:   0000003000000018 00007f6d0fdefe80
0x00007f6d0fdefdb0:   00007f6d0fdefdc0 a436a6550d325b00
0x00007f6d0fdefdc0:   00007f6d400b4ef0 00007f6cc8001028
0x00007f6d0fdefdd0:   00007f6d0fdefe00 00007f6cc8000b48
0x00007f6d0fdefde0:   00007f6d400b55b0 0000000000000000
0x00007f6d0fdefdf0:   0000000000000000 0000000000000000
0x00007f6d0fdefe00:   0000000000000000 0000000000000000
0x00007f6d0fdefe10:   0000000000000000 0000000000000000
0x00007f6d0fdefe20:   0000000000000000 0000000000000000
0x00007f6d0fdefe30:   00007f6d3fe9f612 a436a6550d325b00
0x00007f6d0fdefe40:   00007f6d0fdefeb0 00007f6d0fdefeb0
0x00007f6d0fdefe50:   00007f6d0fdefe90 00007f6d1406f490
0x00007f6d0fdefe60:   00007f6d400b4ee0 0000000000000000
0x00007f6d0fdefe70:   00007f6d1406f490 00007f6d3fe978a8
0x00007f6d0fdefe80:   0000000000000000 00007f6d140de734
0x00007f6d0fdefe90:   00007f6d400b4ef0 00007f6cc8000b48
0x00007f6d0fdefea0:   00007f6d400c8d00 00007f6d417b0d70
0x00007f6d0fdefeb0:   00007f6cc8000f68 00007f6cc8000fc8
0x00007f6d0fdefec0:   00007f6d0000000a a436a6550d325b00
0x00007f6d0fdefed0:   00007f6d140de710 00007f6d417b73f8
0x00007f6d0fdefee0:   0000000001e255a0 00007f6d14072968
0x00007f6d0fdefef0:   00007f6d417ba13f 0000000000000000
0x00007f6d0fdeff00:   00007f6d1406f490 00000000004ccd05
0x00007f6d0fdeff10:   00007f6d1406f510 00007f6d140727d0
0x00007f6d0fdeff20:   00007f6d417ba104 00007f6d14072948
0x00007f6d0fdeff30:   0000000001e255a0 00007f6d418639d0
0x00007f6d0fdeff40:   0000000000000000 00007f6d4178b3b0
0x00007f6d0fdeff50:   0000000000000000 00007f6d417b73f8 

Instructions: (pc=0x00007f6d3fe80a20)
0x00007f6d3fe80a00:   41 54 55 49 89 f4 53 e8 e4 18 00 00 48 89 c3 e8
0x00007f6d3fe80a10:   6c 69 fe ff 48 8b 10 48 89 c7 ff 52 30 48 89 c5
0x00007f6d3fe80a20:   48 8b 03 48 89 df 4c 89 e6 ff 50 30 48 89 c3 e8
0x00007f6d3fe80a30:   4c 69 fe ff 48 8b 10 48 89 c7 48 89 ee ff 52 38 

Register to memory mapping:

RAX=0x0000000001e255a0 is an unknown value
RBX=0x0000000000000000 is an unknown value
RCX=0x00007f6d414e24ec: sem_post+0x4c in /lib/x86_64-linux-gnu/libpthread.so.0 at 0x00007f6d414d3000
RDX=0x0000000000000001 is an unknown value
RSP=0x00007f6d0fdefd60 is an unknown value
RBP=0x0000000001e255a0 is an unknown value
RSI=0x0000000000000081 is an unknown value
RDI=0x000000000198bb80 is an unknown value
R8 =0x0000000000000000 is an unknown value
R9 =0x00007f6cc80000a8 is an unknown value
R10=0x0000000000000000 is an unknown value
R11=0x0000000000000286 is an unknown value
R12=0x00007f6cc8000fc8 is an unknown value
R13=0x00007f6cc8000f68 is an unknown value
R14=0x00007f6d0fdefeb0 is an unknown value
R15=0x00007f6d0fdefde0 is an unknown value


Stack: [0x00007f6d0f5f2000,0x00007f6d0fdf3000],  sp=0x00007f6d0fdefd60,  free space=8183k
Native frames: (J=compiled Java code, j=interpreted, Vv=VM code, C=native code)
C  [_jpype.so+0x4aa20]  JPJavaEnv::FindClass(char const*)+0x20


---------------  P R O C E S S  ---------------

VM state:not at safepoint (normal execution)

VM Mutex/Monitor currently owned by a thread: None

Heap:
 PSYoungGen      total 36864K, used 1905K [0x00000000d7000000, 0x00000000d9900000, 0x0000000100000000)
  eden space 31744K, 6% used [0x00000000d7000000,0x00000000d71dc488,0x00000000d8f00000)
  from space 5120K, 0% used [0x00000000d9400000,0x00000000d9400000,0x00000000d9900000)
  to   space 5120K, 0% used [0x00000000d8f00000,0x00000000d8f00000,0x00000000d9400000)
 ParOldGen       total 84992K, used 0K [0x0000000085000000, 0x000000008a300000, 0x00000000d7000000)
  object space 84992K, 0% used [0x0000000085000000,0x0000000085000000,0x000000008a300000)
 Metaspace       used 2874K, capacity 4496K, committed 4864K, reserved 1056768K
  class space    used 307K, capacity 388K, committed 512K, reserved 1048576K

Card table byte_map: [0x00007f6d2dd46000,0x00007f6d2e11f000] byte_map_base: 0x00007f6d2d91e000

Marking Bits: (ParMarkBitMap*) 0x00007f6d3f8f5e80
 Begin Bits: [0x00007f6d24280000, 0x00007f6d26140000)
 End Bits:   [0x00007f6d26140000, 0x00007f6d28000000)

Polling page: 0x00007f6d41911000

CodeCache: size=245760Kb used=1076Kb max_used=1086Kb free=244683Kb
 bounds [0x00007f6d2e4df000, 0x00007f6d2e74f000, 0x00007f6d3d4df000]
 total_blobs=250 nmethods=10 adapters=156
 compilation: enabled

Compilation events (10 events):
Event: 0.066 Thread 0x0000000001cbb800    6       3       java.util.concurrent.ConcurrentHashMap::tabAt (21 bytes)
Event: 0.066 Thread 0x0000000001cbb800 nmethod 6 0x00007f6d2e5e1d50 code [0x00007f6d2e5e1ec0, 0x00007f6d2e5e20f0]
Event: 0.066 Thread 0x0000000001cbb800    3       3       java.lang.String::indexOf (7 bytes)
Event: 0.066 Thread 0x0000000001cbb800 nmethod 3 0x00007f6d2e5e1890 code [0x00007f6d2e5e1a00, 0x00007f6d2e5e1c08]
Event: 0.066 Thread 0x0000000001cbb800    8       3       java.lang.String::indexOf (70 bytes)
Event: 0.066 Thread 0x0000000001cbb800 nmethod 8 0x00007f6d2e5e43d0 code [0x00007f6d2e5e4560, 0x00007f6d2e5e48e8]
Event: 0.066 Thread 0x0000000001cbb800    9       1       sun.instrument.TransformerManager::getSnapshotTransformerList (5 bytes)
Event: 0.066 Thread 0x0000000001cbb800 nmethod 9 0x00007f6d2e5e4110 code [0x00007f6d2e5e4260, 0x00007f6d2e5e4370]
Event: 0.068 Thread 0x0000000001cbb800   10       3       java.lang.String::length (6 bytes)
Event: 0.068 Thread 0x0000000001cbb800 nmethod 10 0x00007f6d2e5e3b90 code [0x00007f6d2e5e3d00, 0x00007f6d2e5e3e50]

GC Heap History (0 events):
No events

Deoptimization events (0 events):
No events

Internal exceptions (5 events):
Event: 0.023 Thread 0x0000000001a2c800 Exception <a 'java/lang/NoSuchMethodError': Method sun.misc.Unsafe.defineClass(Ljava/lang/String;[BII)Ljava/lang/Class; name or signature does not match> (0x00000000d7012918) thrown at [/build/buildd/openjdk-8-8u45-b14/src/hotspot/src/share/vm/prims/jni.c
Event: 0.023 Thread 0x0000000001a2c800 Exception <a 'java/lang/NoSuchMethodError': Method sun.misc.Unsafe.prefetchRead(Ljava/lang/Object;J)V name or signature does not match> (0x00000000d7012ba8) thrown at [/build/buildd/openjdk-8-8u45-b14/src/hotspot/src/share/vm/prims/jni.cpp, line 3994]
Event: 0.058 Thread 0x0000000001a2c800 Exception <a 'java/util/zip/ZipException'> (0x00000000d7157bf8) thrown at [/build/buildd/openjdk-8-8u45-b14/src/hotspot/src/share/vm/prims/jni.cpp, line 709]
Event: 0.058 Thread 0x0000000001a2c800 Exception <a 'java/security/PrivilegedActionException'> (0x00000000d71582d8) thrown at [/build/buildd/openjdk-8-8u45-b14/src/hotspot/src/share/vm/prims/jvm.cpp, line 1382]
Event: 0.058 Thread 0x0000000001a2c800 Exception <a 'java/security/PrivilegedActionException'> (0x00000000d7158490) thrown at [/build/buildd/openjdk-8-8u45-b14/src/hotspot/src/share/vm/prims/jvm.cpp, line 1382]

Events (10 events):
Event: 0.067 loading class java/io/ObjectStreamConstants
Event: 0.067 loading class java/io/ObjectStreamConstants done
Event: 0.067 loading class java/io/ObjectInputStream done
Event: 0.067 loading class java/io/ObjectOutputStream
Event: 0.067 loading class java/io/ObjectOutput
Event: 0.067 loading class java/io/DataOutput
Event: 0.067 loading class java/io/DataOutput done
Event: 0.067 loading class java/io/ObjectOutput done
Event: 0.067 loading class java/io/ObjectOutputStream done
Event: 0.068 Thread 0x0000000001cef800 Thread added: 0x0000000001cef800


Dynamic libraries:
00400000-0071c000 r-xp 00000000 08:01 3409744                            /usr/bin/python2.7
0091b000-0091c000 r--p 0031b000 08:01 3409744                            /usr/bin/python2.7
0091c000-00999000 rw-p 0031c000 08:01 3409744                            /usr/bin/python2.7
00999000-009ab000 rw-p 00000000 00:00 0 
0192e000-01ea6000 rw-p 00000000 00:00 0                                  [heap]
85000000-8a300000 rw-p 00000000 00:00 0 
8a300000-d7000000 ---p 00000000 00:00 0 
d7000000-d9900000 rw-p 00000000 00:00 0 
d9900000-100000000 ---p 00000000 00:00 0 
100000000-100080000 rw-p 00000000 00:00 0 
100080000-140000000 ---p 00000000 00:00 0 
7f6cb0000000-7f6cb0021000 rw-p 00000000 00:00 0 
7f6cb0021000-7f6cb4000000 ---p 00000000 00:00 0 
7f6cb4000000-7f6cb4021000 rw-p 00000000 00:00 0 
7f6cb4021000-7f6cb8000000 ---p 00000000 00:00 0 
7f6cb8000000-7f6cb8021000 rw-p 00000000 00:00 0 
7f6cb8021000-7f6cbc000000 ---p 00000000 00:00 0 
7f6cbc000000-7f6cbc021000 rw-p 00000000 00:00 0 
7f6cbc021000-7f6cc0000000 ---p 00000000 00:00 0 
7f6cc0000000-7f6cc0021000 rw-p 00000000 00:00 0 
7f6cc0021000-7f6cc4000000 ---p 00000000 00:00 0 
7f6cc4000000-7f6cc4021000 rw-p 00000000 00:00 0 
7f6cc4021000-7f6cc8000000 ---p 00000000 00:00 0 
7f6cc8000000-7f6cc8021000 rw-p 00000000 00:00 0 
7f6cc8021000-7f6ccc000000 ---p 00000000 00:00 0 
7f6ccc000000-7f6ccc021000 rw-p 00000000 00:00 0 
7f6ccc021000-7f6cd0000000 ---p 00000000 00:00 0 
7f6cd0000000-7f6cd0021000 rw-p 00000000 00:00 0 
7f6cd0021000-7f6cd4000000 ---p 00000000 00:00 0 
7f6cd4000000-7f6cd4021000 rw-p 00000000 00:00 0 
7f6cd4021000-7f6cd8000000 ---p 00000000 00:00 0 
7f6cd8000000-7f6cd8021000 rw-p 00000000 00:00 0 
7f6cd8021000-7f6cdc000000 ---p 00000000 00:00 0 
7f6cdc000000-7f6cdc021000 rw-p 00000000 00:00 0 
7f6cdc021000-7f6ce0000000 ---p 00000000 00:00 0 
7f6ce0000000-7f6ce0021000 rw-p 00000000 00:00 0 
7f6ce0021000-7f6ce4000000 ---p 00000000 00:00 0 
7f6ce4000000-7f6ce4021000 rw-p 00000000 00:00 0 
7f6ce4021000-7f6ce8000000 ---p 00000000 00:00 0 
7f6ce8000000-7f6ce8021000 rw-p 00000000 00:00 0 
7f6ce8021000-7f6cec000000 ---p 00000000 00:00 0 
7f6cec000000-7f6cec056000 rw-p 00000000 00:00 0 
7f6cec056000-7f6cf0000000 ---p 00000000 00:00 0 
7f6cf0000000-7f6cf0021000 rw-p 00000000 00:00 0 
7f6cf0021000-7f6cf4000000 ---p 00000000 00:00 0 
7f6cf4000000-7f6cf4021000 rw-p 00000000 00:00 0 
7f6cf4021000-7f6cf8000000 ---p 00000000 00:00 0 
7f6cf8000000-7f6cf8021000 rw-p 00000000 00:00 0 
7f6cf8021000-7f6cfc000000 ---p 00000000 00:00 0 
7f6cfc000000-7f6cfc021000 rw-p 00000000 00:00 0 
7f6cfc021000-7f6d00000000 ---p 00000000 00:00 0 
7f6d00000000-7f6d00021000 rw-p 00000000 00:00 0 
7f6d00021000-7f6d04000000 ---p 00000000 00:00 0 
7f6d077ff000-7f6d07800000 ---p 00000000 00:00 0 
7f6d07800000-7f6d08000000 rw-p 00000000 00:00 0                          [stack:14664]
7f6d08000000-7f6d08021000 rw-p 00000000 00:00 0 
7f6d08021000-7f6d0c000000 ---p 00000000 00:00 0 
7f6d0c5ec000-7f6d0c5ed000 ---p 00000000 00:00 0 
7f6d0c5ed000-7f6d0cded000 rw-p 00000000 00:00 0                          [stack:14663]
7f6d0cded000-7f6d0cdee000 ---p 00000000 00:00 0 
7f6d0cdee000-7f6d0d5ee000 rw-p 00000000 00:00 0                          [stack:14662]
7f6d0d5ee000-7f6d0d5ef000 ---p 00000000 00:00 0 
7f6d0d5ef000-7f6d0ddef000 rw-p 00000000 00:00 0                          [stack:14661]
7f6d0ddef000-7f6d0ddf0000 ---p 00000000 00:00 0 
7f6d0ddf0000-7f6d0e5f0000 rw-p 00000000 00:00 0                          [stack:14660]
7f6d0e5f0000-7f6d0e5f1000 ---p 00000000 00:00 0 
7f6d0e5f1000-7f6d0edf1000 rw-p 00000000 00:00 0                          [stack:14659]
7f6d0edf1000-7f6d0edf2000 ---p 00000000 00:00 0 
7f6d0edf2000-7f6d0f5f2000 rw-p 00000000 00:00 0                          [stack:14658]
7f6d0f5f2000-7f6d0f5f3000 ---p 00000000 00:00 0 
7f6d0f5f3000-7f6d0fdf3000 rw-p 00000000 00:00 0                          [stack:14657]
7f6d0fdf3000-7f6d0fdff000 r-xp 00000000 08:01 3544337                    /usr/lib/python2.7/lib-dynload/_json.x86_64-linux-gnu.so
7f6d0fdff000-7f6d0fffe000 ---p 0000c000 08:01 3544337                    /usr/lib/python2.7/lib-dynload/_json.x86_64-linux-gnu.so
7f6d0fffe000-7f6d0ffff000 r--p 0000b000 08:01 3544337                    /usr/lib/python2.7/lib-dynload/_json.x86_64-linux-gnu.so
7f6d0ffff000-7f6d10000000 rw-p 0000c000 08:01 3544337                    /usr/lib/python2.7/lib-dynload/_json.x86_64-linux-gnu.so
7f6d10000000-7f6d10021000 rw-p 00000000 00:00 0 
7f6d10021000-7f6d14000000 ---p 00000000 00:00 0 
7f6d14065000-7f6d141e5000 rw-p 00000000 00:00 0 
7f6d141e5000-7f6d1423a000 r-xp 00000000 08:01 3145898                    /lib/x86_64-linux-gnu/libssl.so.1.0.0
7f6d1423a000-7f6d1443a000 ---p 00055000 08:01 3145898                    /lib/x86_64-linux-gnu/libssl.so.1.0.0
7f6d1443a000-7f6d1443e000 r--p 00055000 08:01 3145898                    /lib/x86_64-linux-gnu/libssl.so.1.0.0
7f6d1443e000-7f6d14445000 rw-p 00059000 08:01 3145898                    /lib/x86_64-linux-gnu/libssl.so.1.0.0
7f6d14445000-7f6d14459000 r-xp 00000000 08:01 3544342                    /usr/lib/python2.7/lib-dynload/_ssl.x86_64-linux-gnu.so
7f6d14459000-7f6d14659000 ---p 00014000 08:01 3544342                    /usr/lib/python2.7/lib-dynload/_ssl.x86_64-linux-gnu.so
7f6d14659000-7f6d1465a000 r--p 00014000 08:01 3544342                    /usr/lib/python2.7/lib-dynload/_ssl.x86_64-linux-gnu.so
7f6d1465a000-7f6d1465e000 rw-p 00015000 08:01 3544342                    /usr/lib/python2.7/lib-dynload/_ssl.x86_64-linux-gnu.so
7f6d1465e000-7f6d1469e000 rw-p 00000000 00:00 0 
7f6d1469e000-7f6d146a2000 r-xp 00000000 08:01 3150119                    /lib/x86_64-linux-gnu/libuuid.so.1.3.0
7f6d146a2000-7f6d148a1000 ---p 00004000 08:01 3150119                    /lib/x86_64-linux-gnu/libuuid.so.1.3.0
7f6d148a1000-7f6d148a2000 r--p 00003000 08:01 3150119                    /lib/x86_64-linux-gnu/libuuid.so.1.3.0
7f6d148a2000-7f6d148a3000 rw-p 00004000 08:01 3150119                    /lib/x86_64-linux-gnu/libuuid.so.1.3.0
7f6d148a3000-7f6d14a5b000 r-xp 00000000 08:01 3145897                    /lib/x86_64-linux-gnu/libcrypto.so.1.0.0
7f6d14a5b000-7f6d14c5a000 ---p 001b8000 08:01 3145897                    /lib/x86_64-linux-gnu/libcrypto.so.1.0.0
7f6d14c5a000-7f6d14c77000 r--p 001b7000 08:01 3145897                    /lib/x86_64-linux-gnu/libcrypto.so.1.0.0
7f6d14c77000-7f6d14c83000 rw-p 001d4000 08:01 3145897                    /lib/x86_64-linux-gnu/libcrypto.so.1.0.0
7f6d14c83000-7f6d14c87000 rw-p 00000000 00:00 0 
7f6d14c87000-7f6d14c8d000 r-xp 00000000 08:01 3544335                    /usr/lib/python2.7/lib-dynload/_hashlib.x86_64-linux-gnu.so
7f6d14c8d000-7f6d14e8c000 ---p 00006000 08:01 3544335                    /usr/lib/python2.7/lib-dynload/_hashlib.x86_64-linux-gnu.so
7f6d14e8c000-7f6d14e8d000 r--p 00005000 08:01 3544335                    /usr/lib/python2.7/lib-dynload/_hashlib.x86_64-linux-gnu.so
7f6d14e8d000-7f6d14e8e000 rw-p 00006000 08:01 3544335                    /usr/lib/python2.7/lib-dynload/_hashlib.x86_64-linux-gnu.so
7f6d14e8e000-7f6d14e95000 r-xp 00000000 08:01 3416049                    /usr/lib/x86_64-linux-gnu/libffi.so.6.0.4
7f6d14e95000-7f6d15094000 ---p 00007000 08:01 3416049                    /usr/lib/x86_64-linux-gnu/libffi.so.6.0.4
7f6d15094000-7f6d15095000 r--p 00006000 08:01 3416049                    /usr/lib/x86_64-linux-gnu/libffi.so.6.0.4
7f6d15095000-7f6d15096000 rw-p 00007000 08:01 3416049                    /usr/lib/x86_64-linux-gnu/libffi.so.6.0.4
7f6d15096000-7f6d150b4000 r-xp 00000000 08:01 3544330                    /usr/lib/python2.7/lib-dynload/_ctypes.x86_64-linux-gnu.so
7f6d150b4000-7f6d152b3000 ---p 0001e000 08:01 3544330                    /usr/lib/python2.7/lib-dynload/_ctypes.x86_64-linux-gnu.so
7f6d152b3000-7f6d152b4000 r--p 0001d000 08:01 3544330                    /usr/lib/python2.7/lib-dynload/_ctypes.x86_64-linux-gnu.so
7f6d152b4000-7f6d152b8000 rw-p 0001e000 08:01 3544330                    /usr/lib/python2.7/lib-dynload/_ctypes.x86_64-linux-gnu.so
7f6d152b8000-7f6d1537a000 rw-p 00000000 00:00 0 
7f6d1537a000-7f6d1537d000 ---p 00000000 00:00 0 
7f6d1537d000-7f6d1547b000 rw-p 00000000 00:00 0                          [stack:14654]
7f6d1547b000-7f6d1547c000 ---p 00000000 00:00 0 
7f6d1547c000-7f6d1557c000 rw-p 00000000 00:00 0                          [stack:14653]
7f6d1557c000-7f6d1557f000 ---p 00000000 00:00 0 
7f6d1557f000-7f6d1567d000 rw-p 00000000 00:00 0                          [stack:14652]
7f6d1567d000-7f6d15680000 ---p 00000000 00:00 0 
7f6d15680000-7f6d1577e000 rw-p 00000000 00:00 0                          [stack:14651]
7f6d1577e000-7f6d15781000 ---p 00000000 00:00 0 
7f6d15781000-7f6d1587f000 rw-p 00000000 00:00 0                          [stack:14650]
7f6d1587f000-7f6d15882000 ---p 00000000 00:00 0 
7f6d15882000-7f6d15980000 rw-p 00000000 00:00 0                          [stack:14649]
7f6d15980000-7f6d15983000 ---p 00000000 00:00 0 
7f6d15983000-7f6d15a81000 rw-p 00000000 00:00 0                          [stack:14648]
7f6d15a81000-7f6d15a86000 r-xp 00000000 08:01 3415741                    /usr/lib/x86_64-linux-gnu/libXdmcp.so.6.0.0
7f6d15a86000-7f6d15c85000 ---p 00005000 08:01 3415741                    /usr/lib/x86_64-linux-gnu/libXdmcp.so.6.0.0
7f6d15c85000-7f6d15c86000 r--p 00004000 08:01 3415741                    /usr/lib/x86_64-linux-gnu/libXdmcp.so.6.0.0
7f6d15c86000-7f6d15c87000 rw-p 00005000 08:01 3415741                    /usr/lib/x86_64-linux-gnu/libXdmcp.so.6.0.0
7f6d15c87000-7f6d15c89000 r-xp 00000000 08:01 3415730                    /usr/lib/x86_64-linux-gnu/libXau.so.6.0.0
7f6d15c89000-7f6d15e89000 ---p 00002000 08:01 3415730                    /usr/lib/x86_64-linux-gnu/libXau.so.6.0.0
7f6d15e89000-7f6d15e8a000 r--p 00002000 08:01 3415730                    /usr/lib/x86_64-linux-gnu/libXau.so.6.0.0
7f6d15e8a000-7f6d15e8b000 rw-p 00003000 08:01 3415730                    /usr/lib/x86_64-linux-gnu/libXau.so.6.0.0
7f6d15e8b000-7f6d15ea8000 r-xp 00000000 08:01 3416928                    /usr/lib/x86_64-linux-gnu/libxcb.so.1.1.0
7f6d15ea8000-7f6d160a8000 ---p 0001d000 08:01 3416928                    /usr/lib/x86_64-linux-gnu/libxcb.so.1.1.0
7f6d160a8000-7f6d160a9000 r--p 0001d000 08:01 3416928                    /usr/lib/x86_64-linux-gnu/libxcb.so.1.1.0
7f6d160a9000-7f6d160aa000 rw-p 0001e000 08:01 3416928                    /usr/lib/x86_64-linux-gnu/libxcb.so.1.1.0
7f6d160aa000-7f6d161dd000 r-xp 00000000 08:01 3415726                    /usr/lib/x86_64-linux-gnu/libX11.so.6.3.0
7f6d161dd000-7f6d163dd000 ---p 00133000 08:01 3415726                    /usr/lib/x86_64-linux-gnu/libX11.so.6.3.0
7f6d163dd000-7f6d163de000 r--p 00133000 08:01 3415726                    /usr/lib/x86_64-linux-gnu/libX11.so.6.3.0
7f6d163de000-7f6d163e2000 rw-p 00134000 08:01 3415726                    /usr/lib/x86_64-linux-gnu/libX11.so.6.3.0
7f6d163e2000-7f6d163e3000 rw-p 00000000 00:00 0 
7f6d163e3000-7f6d163e5000 r-xp 00000000 08:01 3414223                    /usr/lib/jayatana/libjayatanaag.so
7f6d163e5000-7f6d165e4000 ---p 00002000 08:01 3414223                    /usr/lib/jayatana/libjayatanaag.so
7f6d165e4000-7f6d165e5000 r--p 00001000 08:01 3414223                    /usr/lib/jayatana/libjayatanaag.so
7f6d165e5000-7f6d165e6000 rw-p 00002000 08:01 3414223                    /usr/lib/jayatana/libjayatanaag.so
7f6d165e6000-7f6d165e9000 ---p 00000000 00:00 0 
7f6d165e9000-7f6d166e7000 rw-p 00000000 00:00 0                          [stack:14647]
7f6d166e7000-7f6d166ea000 ---p 00000000 00:00 0 
7f6d166ea000-7f6d167e8000 rw-p 00000000 00:00 0                          [stack:14646]
7f6d167e8000-7f6d167eb000 ---p 00000000 00:00 0 
7f6d167eb000-7f6d168e9000 rw-p 00000000 00:00 0                          [stack:14645]
7f6d168e9000-7f6d168ea000 ---p 00000000 00:00 0 
7f6d168ea000-7f6d18000000 rw-p 00000000 00:00 0                          [stack:14644]
7f6d18000000-7f6d18021000 rw-p 00000000 00:00 0 
7f6d18021000-7f6d1c000000 ---p 00000000 00:00 0 
7f6d1c000000-7f6d1c021000 rw-p 00000000 00:00 0 
7f6d1c021000-7f6d20000000 ---p 00000000 00:00 0 
7f6d20000000-7f6d20021000 rw-p 00000000 00:00 0 
7f6d20021000-7f6d24000000 ---p 00000000 00:00 0 
7f6d2403e000-7f6d28000000 rw-p 00000000 00:00 0 
7f6d28000000-7f6d28021000 rw-p 00000000 00:00 0 
7f6d28021000-7f6d2c000000 ---p 00000000 00:00 0 
7f6d2c00a000-7f6d2c08a000 rw-p 00000000 00:00 0 
7f6d2c08a000-7f6d2c0a7000 r--s 0019b000 08:01 25954974                   /home/louner/working/lib/stanford-parser-python-r22186/3rdParty/stanford-parser/stanford-parser-2010-08-20/stanford-parser.jar
7f6d2c0a7000-7f6d2c0b2000 r--s 00116000 08:01 8261399                    /usr/lib/jvm/java-8-openjdk-amd64/jre/lib/ext/localedata.jar
7f6d2c0b2000-7f6d2c0cc000 r--s 001d3000 08:01 8261397                    /usr/lib/jvm/java-8-openjdk-amd64/jre/lib/ext/nashorn.jar
7f6d2c0cc000-7f6d2c0e8000 r--s 00393000 08:01 8261396                    /usr/lib/jvm/java-8-openjdk-amd64/jre/lib/ext/cldrdata.jar
7f6d2c0e8000-7f6d2c438000 rw-p 00000000 00:00 0 
7f6d2c438000-7f6d2c605000 r--s 03bd3000 08:01 8261422                    /usr/lib/jvm/java-8-openjdk-amd64/jre/lib/rt.jar
7f6d2c605000-7f6d2cb16000 rw-p 00000000 00:00 0 
7f6d2cb16000-7f6d2ced6000 ---p 00000000 00:00 0 
7f6d2ced6000-7f6d2d2ae000 rw-p 00000000 00:00 0 
7f6d2d2ae000-7f6d2d2af000 ---p 00000000 00:00 0 
7f6d2d2af000-7f6d2d3af000 rw-p 00000000 00:00 0                          [stack:14641]
7f6d2d3af000-7f6d2d3b0000 ---p 00000000 00:00 0 
7f6d2d3b0000-7f6d2d4b0000 rw-p 00000000 00:00 0                          [stack:14640]
7f6d2d4b0000-7f6d2d4b1000 ---p 00000000 00:00 0 
7f6d2d4b1000-7f6d2d5b1000 rw-p 00000000 00:00 0                          [stack:14639]
7f6d2d5b1000-7f6d2d5b2000 ---p 00000000 00:00 0 
7f6d2d5b2000-7f6d2d6b2000 rw-p 00000000 00:00 0                          [stack:14638]
7f6d2d6b2000-7f6d2d6b3000 ---p 00000000 00:00 0 
7f6d2d6b3000-7f6d2d7b3000 rw-p 00000000 00:00 0                          [stack:14637]
7f6d2d7b3000-7f6d2d7b4000 ---p 00000000 00:00 0 
7f6d2d7b4000-7f6d2d8b4000 rw-p 00000000 00:00 0                          [stack:14636]
7f6d2d8b4000-7f6d2d8b5000 ---p 00000000 00:00 0 
7f6d2d8b5000-7f6d2d9b5000 rw-p 00000000 00:00 0                          [stack:14635]
7f6d2d9b5000-7f6d2d9b6000 ---p 00000000 00:00 0 
7f6d2d9b6000-7f6d2dae0000 rw-p 00000000 00:00 0                          [stack:14634]
7f6d2dae0000-7f6d2dd46000 ---p 00000000 00:00 0 
7f6d2dd46000-7f6d2dd70000 rw-p 00000000 00:00 0 
7f6d2dd70000-7f6d2dfd6000 ---p 00000000 00:00 0 
7f6d2dfd6000-7f6d2dfeb000 rw-p 00000000 00:00 0 
7f6d2dfeb000-7f6d2e11e000 ---p 00000000 00:00 0 
7f6d2e11e000-7f6d2e129000 rw-p 00000000 00:00 0 
7f6d2e129000-7f6d2e4df000 ---p 00000000 00:00 0 
7f6d2e4df000-7f6d2e74f000 rwxp 00000000 00:00 0 
7f6d2e74f000-7f6d3d4df000 ---p 00000000 00:00 0 
7f6d3d4df000-7f6d3d4e7000 r-xp 00000000 08:01 8261353                    /usr/lib/jvm/java-8-openjdk-amd64/jre/lib/amd64/libzip.so
7f6d3d4e7000-7f6d3d6e6000 ---p 00008000 08:01 8261353                    /usr/lib/jvm/java-8-openjdk-amd64/jre/lib/amd64/libzip.so
7f6d3d6e6000-7f6d3d6e7000 r--p 00007000 08:01 8261353                    /usr/lib/jvm/java-8-openjdk-amd64/jre/lib/amd64/libzip.so
7f6d3d6e7000-7f6d3d6e8000 rw-p 00008000 08:01 8261353                    /usr/lib/jvm/java-8-openjdk-amd64/jre/lib/amd64/libzip.so
7f6d3d6e8000-7f6d3d6f4000 r-xp 00000000 08:01 3150036                    /lib/x86_64-linux-gnu/libnss_files-2.21.so
7f6d3d6f4000-7f6d3d8f3000 ---p 0000c000 08:01 3150036                    /lib/x86_64-linux-gnu/libnss_files-2.21.so
7f6d3d8f3000-7f6d3d8f4000 r--p 0000b000 08:01 3150036                    /lib/x86_64-linux-gnu/libnss_files-2.21.so
7f6d3d8f4000-7f6d3d8f5000 rw-p 0000c000 08:01 3150036                    /lib/x86_64-linux-gnu/libnss_files-2.21.so
7f6d3d8f5000-7f6d3d900000 r-xp 00000000 08:01 3150046                    /lib/x86_64-linux-gnu/libnss_nis-2.21.so
7f6d3d900000-7f6d3daff000 ---p 0000b000 08:01 3150046                    /lib/x86_64-linux-gnu/libnss_nis-2.21.so
7f6d3daff000-7f6d3db00000 r--p 0000a000 08:01 3150046                    /lib/x86_64-linux-gnu/libnss_nis-2.21.so
7f6d3db00000-7f6d3db01000 rw-p 0000b000 08:01 3150046                    /lib/x86_64-linux-gnu/libnss_nis-2.21.so
7f6d3db01000-7f6d3db18000 r-xp 00000000 08:01 3150030                    /lib/x86_64-linux-gnu/libnsl-2.21.so
7f6d3db18000-7f6d3dd17000 ---p 00017000 08:01 3150030                    /lib/x86_64-linux-gnu/libnsl-2.21.so
7f6d3dd17000-7f6d3dd18000 r--p 00016000 08:01 3150030                    /lib/x86_64-linux-gnu/libnsl-2.21.so
7f6d3dd18000-7f6d3dd19000 rw-p 00017000 08:01 3150030                    /lib/x86_64-linux-gnu/libnsl-2.21.so
7f6d3dd19000-7f6d3dd1b000 rw-p 00000000 00:00 0 
7f6d3dd1b000-7f6d3dd23000 r-xp 00000000 08:01 3150032                    /lib/x86_64-linux-gnu/libnss_compat-2.21.so
7f6d3dd23000-7f6d3df22000 ---p 00008000 08:01 3150032                    /lib/x86_64-linux-gnu/libnss_compat-2.21.so
7f6d3df22000-7f6d3df23000 r--p 00007000 08:01 3150032                    /lib/x86_64-linux-gnu/libnss_compat-2.21.so
7f6d3df23000-7f6d3df24000 rw-p 00008000 08:01 3150032                    /lib/x86_64-linux-gnu/libnss_compat-2.21.so
7f6d3df24000-7f6d3df32000 r-xp 00000000 08:01 8261384                    /usr/lib/jvm/java-8-openjdk-amd64/jre/lib/amd64/jli/libjli.so
7f6d3df32000-7f6d3e131000 ---p 0000e000 08:01 8261384                    /usr/lib/jvm/java-8-openjdk-amd64/jre/lib/amd64/jli/libjli.so
7f6d3e131000-7f6d3e132000 r--p 0000d000 08:01 8261384                    /usr/lib/jvm/java-8-openjdk-amd64/jre/lib/amd64/jli/libjli.so
7f6d3e132000-7f6d3e133000 rw-p 0000e000 08:01 8261384                    /usr/lib/jvm/java-8-openjdk-amd64/jre/lib/amd64/jli/libjli.so
7f6d3e133000-7f6d3e13d000 r-xp 00000000 08:01 8261372                    /usr/lib/jvm/java-8-openjdk-amd64/jre/lib/amd64/libinstrument.so
7f6d3e13d000-7f6d3e33c000 ---p 0000a000 08:01 8261372                    /usr/lib/jvm/java-8-openjdk-amd64/jre/lib/amd64/libinstrument.so
7f6d3e33c000-7f6d3e33d000 r--p 00009000 08:01 8261372                    /usr/lib/jvm/java-8-openjdk-amd64/jre/lib/amd64/libinstrument.so
7f6d3e33d000-7f6d3e33e000 rw-p 0000a000 08:01 8261372                    /usr/lib/jvm/java-8-openjdk-amd64/jre/lib/amd64/libinstrument.so
7f6d3e33e000-7f6d3e36c000 r-xp 00000000 08:01 8261350                    /usr/lib/jvm/java-8-openjdk-amd64/jre/lib/amd64/libjava.so
7f6d3e36c000-7f6d3e56b000 ---p 0002e000 08:01 8261350                    /usr/lib/jvm/java-8-openjdk-amd64/jre/lib/amd64/libjava.so
7f6d3e56b000-7f6d3e56c000 r--p 0002d000 08:01 8261350                    /usr/lib/jvm/java-8-openjdk-amd64/jre/lib/amd64/libjava.so
7f6d3e56c000-7f6d3e56e000 rw-p 0002e000 08:01 8261350                    /usr/lib/jvm/java-8-openjdk-amd64/jre/lib/amd64/libjava.so
7f6d3e56e000-7f6d3e57d000 r-xp 00000000 08:01 8261365                    /usr/lib/jvm/java-8-openjdk-amd64/jre/lib/amd64/libverify.so
7f6d3e57d000-7f6d3e77d000 ---p 0000f000 08:01 8261365                    /usr/lib/jvm/java-8-openjdk-amd64/jre/lib/amd64/libverify.so
7f6d3e77d000-7f6d3e780000 r--p 0000f000 08:01 8261365                    /usr/lib/jvm/java-8-openjdk-amd64/jre/lib/amd64/libverify.so
7f6d3e780000-7f6d3e781000 rw-p 00012000 08:01 8261365                    /usr/lib/jvm/java-8-openjdk-amd64/jre/lib/amd64/libverify.so
7f6d3e781000-7f6d3e788000 r-xp 00000000 08:01 3150091                    /lib/x86_64-linux-gnu/librt-2.21.so
7f6d3e788000-7f6d3e987000 ---p 00007000 08:01 3150091                    /lib/x86_64-linux-gnu/librt-2.21.so
7f6d3e987000-7f6d3e988000 r--p 00006000 08:01 3150091                    /lib/x86_64-linux-gnu/librt-2.21.so
7f6d3e988000-7f6d3e989000 rw-p 00007000 08:01 3150091                    /lib/x86_64-linux-gnu/librt-2.21.so
7f6d3e989000-7f6d3f616000 r-xp 00000000 08:01 8261377                    /usr/lib/jvm/java-8-openjdk-amd64/jre/lib/amd64/server/libjvm.so
7f6d3f616000-7f6d3f816000 ---p 00c8d000 08:01 8261377                    /usr/lib/jvm/java-8-openjdk-amd64/jre/lib/amd64/server/libjvm.so
7f6d3f816000-7f6d3f8b9000 r--p 00c8d000 08:01 8261377                    /usr/lib/jvm/java-8-openjdk-amd64/jre/lib/amd64/server/libjvm.so
7f6d3f8b9000-7f6d3f8e2000 rw-p 00d30000 08:01 8261377                    /usr/lib/jvm/java-8-openjdk-amd64/jre/lib/amd64/server/libjvm.so
7f6d3f8e2000-7f6d3f911000 rw-p 00000000 00:00 0 
7f6d3f911000-7f6d3f927000 r-xp 00000000 08:01 3149979                    /lib/x86_64-linux-gnu/libgcc_s.so.1
7f6d3f927000-7f6d3fb26000 ---p 00016000 08:01 3149979                    /lib/x86_64-linux-gnu/libgcc_s.so.1
7f6d3fb26000-7f6d3fb27000 rw-p 00015000 08:01 3149979                    /lib/x86_64-linux-gnu/libgcc_s.so.1
7f6d3fb27000-7f6d3fc17000 r-xp 00000000 08:01 3416722                    /usr/lib/x86_64-linux-gnu/libstdc++.so.6.0.20
7f6d3fc17000-7f6d3fe17000 ---p 000f0000 08:01 3416722                    /usr/lib/x86_64-linux-gnu/libstdc++.so.6.0.20
7f6d3fe17000-7f6d3fe1f000 r--p 000f0000 08:01 3416722                    /usr/lib/x86_64-linux-gnu/libstdc++.so.6.0.20
7f6d3fe1f000-7f6d3fe21000 rw-p 000f8000 08:01 3416722                    /usr/lib/x86_64-linux-gnu/libstdc++.so.6.0.20
7f6d3fe21000-7f6d3fe36000 rw-p 00000000 00:00 0 
7f6d3fe36000-7f6d3feb5000 r-xp 00000000 08:01 8261924                    /usr/local/lib/python2.7/dist-packages/JPype1-0.6.0-py2.7-linux-x86_64.egg/_jpype.so
7f6d3feb5000-7f6d400b4000 ---p 0007f000 08:01 8261924                    /usr/local/lib/python2.7/dist-packages/JPype1-0.6.0-py2.7-linux-x86_64.egg/_jpype.so
7f6d400b4000-7f6d400b8000 r--p 0007e000 08:01 8261924                    /usr/local/lib/python2.7/dist-packages/JPype1-0.6.0-py2.7-linux-x86_64.egg/_jpype.so
7f6d400b8000-7f6d400bb000 rw-p 00082000 08:01 8261924                    /usr/local/lib/python2.7/dist-packages/JPype1-0.6.0-py2.7-linux-x86_64.egg/_jpype.so
7f6d400bb000-7f6d400fb000 rw-p 00000000 00:00 0 
7f6d400fb000-7f6d407df000 r--p 00000000 08:01 3414901                    /usr/lib/locale/locale-archive
7f6d407df000-7f6d408e6000 r-xp 00000000 08:01 3150009                    /lib/x86_64-linux-gnu/libm-2.21.so
7f6d408e6000-7f6d40ae5000 ---p 00107000 08:01 3150009                    /lib/x86_64-linux-gnu/libm-2.21.so
7f6d40ae5000-7f6d40ae6000 r--p 00106000 08:01 3150009                    /lib/x86_64-linux-gnu/libm-2.21.so
7f6d40ae6000-7f6d40ae7000 rw-p 00107000 08:01 3150009                    /lib/x86_64-linux-gnu/libm-2.21.so
7f6d40ae7000-7f6d40b00000 r-xp 00000000 08:01 3150124                    /lib/x86_64-linux-gnu/libz.so.1.2.8
7f6d40b00000-7f6d40d00000 ---p 00019000 08:01 3150124                    /lib/x86_64-linux-gnu/libz.so.1.2.8
7f6d40d00000-7f6d40d01000 r--p 00019000 08:01 3150124                    /lib/x86_64-linux-gnu/libz.so.1.2.8
7f6d40d01000-7f6d40d02000 rw-p 0001a000 08:01 3150124                    /lib/x86_64-linux-gnu/libz.so.1.2.8
7f6d40d02000-7f6d40d04000 r-xp 00000000 08:01 3150116                    /lib/x86_64-linux-gnu/libutil-2.21.so
7f6d40d04000-7f6d40f03000 ---p 00002000 08:01 3150116                    /lib/x86_64-linux-gnu/libutil-2.21.so
7f6d40f03000-7f6d40f04000 r--p 00001000 08:01 3150116                    /lib/x86_64-linux-gnu/libutil-2.21.so
7f6d40f04000-7f6d40f05000 rw-p 00002000 08:01 3150116                    /lib/x86_64-linux-gnu/libutil-2.21.so
7f6d40f05000-7f6d40f08000 r-xp 00000000 08:01 3149967                    /lib/x86_64-linux-gnu/libdl-2.21.so
7f6d40f08000-7f6d41107000 ---p 00003000 08:01 3149967                    /lib/x86_64-linux-gnu/libdl-2.21.so
7f6d41107000-7f6d41108000 r--p 00002000 08:01 3149967                    /lib/x86_64-linux-gnu/libdl-2.21.so
7f6d41108000-7f6d41109000 rw-p 00003000 08:01 3149967                    /lib/x86_64-linux-gnu/libdl-2.21.so
7f6d41109000-7f6d412c9000 r-xp 00000000 08:01 3149950                    /lib/x86_64-linux-gnu/libc-2.21.so
7f6d412c9000-7f6d414c9000 ---p 001c0000 08:01 3149950                    /lib/x86_64-linux-gnu/libc-2.21.so
7f6d414c9000-7f6d414cd000 r--p 001c0000 08:01 3149950                    /lib/x86_64-linux-gnu/libc-2.21.so
7f6d414cd000-7f6d414cf000 rw-p 001c4000 08:01 3149950                    /lib/x86_64-linux-gnu/libc-2.21.so
7f6d414cf000-7f6d414d3000 rw-p 00000000 00:00 0 
7f6d414d3000-7f6d414eb000 r-xp 00000000 08:01 3150083                    /lib/x86_64-linux-gnu/libpthread-2.21.so
7f6d414eb000-7f6d416eb000 ---p 00018000 08:01 3150083                    /lib/x86_64-linux-gnu/libpthread-2.21.so
7f6d416eb000-7f6d416ec000 r--p 00018000 08:01 3150083                    /lib/x86_64-linux-gnu/libpthread-2.21.so
7f6d416ec000-7f6d416ed000 rw-p 00019000 08:01 3150083                    /lib/x86_64-linux-gnu/libpthread-2.21.so
7f6d416ed000-7f6d416f1000 rw-p 00000000 00:00 0 
7f6d416f1000-7f6d41715000 r-xp 00000000 08:01 3149922                    /lib/x86_64-linux-gnu/ld-2.21.so
7f6d41718000-7f6d41719000 r--s 00000000 08:01 3934920                    /usr/share/java/jayatanaag.jar
7f6d41719000-7f6d4171c000 r--s 00037000 08:01 8261404                    /usr/lib/jvm/java-8-openjdk-amd64/jre/lib/ext/sunpkcs11.jar
7f6d4171c000-7f6d41803000 rw-p 00000000 00:00 0 
7f6d41832000-7f6d41833000 rw-p 00000000 00:00 0 
7f6d41833000-7f6d41834000 rwxp 00000000 00:00 0 
7f6d41834000-7f6d418f9000 rw-p 00000000 00:00 0 
7f6d418f9000-7f6d418fb000 r--s 00006000 08:01 3933957                    /usr/share/java/java-atk-wrapper.jar
7f6d418fb000-7f6d418fc000 r--s 00010000 08:01 8261400                    /usr/lib/jvm/java-8-openjdk-amd64/jre/lib/ext/zipfs.jar
7f6d418fc000-7f6d418fe000 r--s 00001000 08:01 8261402                    /usr/lib/jvm/java-8-openjdk-amd64/jre/lib/ext/dnsns.jar
7f6d418fe000-7f6d41904000 r--s 0003a000 08:01 8261401                    /usr/lib/jvm/java-8-openjdk-amd64/jre/lib/ext/sunjce_provider.jar
7f6d41904000-7f6d41905000 r--s 00008000 08:01 8261398                    /usr/lib/jvm/java-8-openjdk-amd64/jre/lib/ext/sunec.jar
7f6d41905000-7f6d41908000 r--s 0000f000 08:01 8261403                    /usr/lib/jvm/java-8-openjdk-amd64/jre/lib/ext/icedtea-sound.jar
7f6d41908000-7f6d41910000 rw-s 00000000 08:01 26345483                   /tmp/hsperfdata_louner/14633
7f6d41910000-7f6d41911000 rw-p 00000000 00:00 0 
7f6d41911000-7f6d41912000 r--p 00000000 00:00 0 
7f6d41912000-7f6d41914000 rw-p 00000000 00:00 0 
7f6d41914000-7f6d41915000 r--p 00023000 08:01 3149922                    /lib/x86_64-linux-gnu/ld-2.21.so
7f6d41915000-7f6d41916000 rw-p 00024000 08:01 3149922                    /lib/x86_64-linux-gnu/ld-2.21.so
7f6d41916000-7f6d41917000 rw-p 00000000 00:00 0 
7fff52ba9000-7fff52bac000 ---p 00000000 00:00 0 
7fff52bad000-7fff52ca9000 rw-p 00000000 00:00 0                          [stack]
7fff52d88000-7fff52d8a000 r--p 00000000 00:00 0                          [vvar]
7fff52d8a000-7fff52d8c000 r-xp 00000000 00:00 0                          [vdso]
ffffffffff600000-ffffffffff601000 r-xp 00000000 00:00 0                  [vsyscall]

VM Arguments:
jvm_args: -javaagent:/usr/share/java/jayatanaag.jar -ea 
java_command: <unknown>
java_class_path (initial): /home/louner/working/lib/stanford-parser-python-r22186/3rdParty/stanford-parser/stanford-parser-2010-08-20/stanford-parser.jar:/usr/share/java/jayatanaag.jar
Launcher Type: generic

Environment Variables:
JAVA_TOOL_OPTIONS=-javaagent:/usr/share/java/jayatanaag.jar 
PATH=/usr/local/sbin:/usr/local/bin:/usr/sbin:/usr/bin:/sbin:/bin:/usr/games:/usr/local/games
SHELL=/bin/bash
DISPLAY=:0

Signal Handlers:
SIGSEGV: [libjvm.so+0xa90d80], sa_mask[0]=11111111011111111101111111111110, sa_flags=SA_RESTART|SA_SIGINFO
SIGBUS: [libjvm.so+0xa90d80], sa_mask[0]=11111111011111111101111111111110, sa_flags=SA_RESTART|SA_SIGINFO
SIGFPE: [libjvm.so+0x8dbc70], sa_mask[0]=11111111011111111101111111111110, sa_flags=SA_RESTART|SA_SIGINFO
SIGPIPE: [libjvm.so+0x8dbc70], sa_mask[0]=11111111011111111101111111111110, sa_flags=SA_RESTART|SA_SIGINFO
SIGXFSZ: [libjvm.so+0x8dbc70], sa_mask[0]=11111111011111111101111111111110, sa_flags=SA_RESTART|SA_SIGINFO
SIGILL: [libjvm.so+0x8dbc70], sa_mask[0]=11111111011111111101111111111110, sa_flags=SA_RESTART|SA_SIGINFO
SIGUSR1: SIG_DFL, sa_mask[0]=00000000000000000000000000000000, sa_flags=none
SIGUSR2: [libjvm.so+0x8dbb20], sa_mask[0]=00000000000000000000000000000000, sa_flags=SA_RESTART|SA_SIGINFO
SIGHUP: [libjvm.so+0x8dbd40], sa_mask[0]=11111111011111111101111111111110, sa_flags=SA_RESTART|SA_SIGINFO
SIGINT: [libjvm.so+0x8dbd40], sa_mask[0]=11111111011111111101111111111110, sa_flags=SA_RESTART|SA_SIGINFO
SIGTERM: [libjvm.so+0x8dbd40], sa_mask[0]=11111111011111111101111111111110, sa_flags=SA_RESTART|SA_SIGINFO
SIGQUIT: [libjvm.so+0x8dbd40], sa_mask[0]=11111111011111111101111111111110, sa_flags=SA_RESTART|SA_SIGINFO


---------------  S Y S T E M  ---------------

OS:DISTRIB_ID=Ubuntu
DISTRIB_RELEASE=15.04
DISTRIB_CODENAME=vivid
DISTRIB_DESCRIPTION="Ubuntu 15.04"

uname:Linux 3.19.0-16-generic #16-Ubuntu SMP Thu Apr 30 16:09:58 UTC 2015 x86_64
libc:glibc 2.21 NPTL 2.21 
rlimit: STACK 8192k, CORE 0k, NPROC 31392, NOFILE 65536, AS infinity
load average:0.10 0.30 0.30

/proc/meminfo:
MemTotal:        8058760 kB
MemFree:         4059644 kB
MemAvailable:    5708116 kB
Buffers:          268388 kB
Cached:          2237012 kB
SwapCached:          392 kB
Active:          2076912 kB
Inactive:        1650696 kB
Active(anon):     970080 kB
Inactive(anon):   993468 kB
Active(file):    1106832 kB
Inactive(file):   657228 kB
Unevictable:         108 kB
Mlocked:             108 kB
SwapTotal:       8270844 kB
SwapFree:        8261872 kB
Dirty:                44 kB
Writeback:             0 kB
AnonPages:       1224304 kB
Mapped:           555248 kB
Shmem:            741340 kB
Slab:             149428 kB
SReclaimable:     106708 kB
SUnreclaim:        42720 kB
KernelStack:        9392 kB
PageTables:        50900 kB
NFS_Unstable:          0 kB
Bounce:                0 kB
WritebackTmp:          0 kB
CommitLimit:    12300224 kB
Committed_AS:    6645560 kB
VmallocTotal:   34359738367 kB
VmallocUsed:      361964 kB
VmallocChunk:   34359269824 kB
HardwareCorrupted:     0 kB
AnonHugePages:    397312 kB
CmaTotal:              0 kB
CmaFree:               0 kB
HugePages_Total:       0
HugePages_Free:        0
HugePages_Rsvd:        0
HugePages_Surp:        0
Hugepagesize:       2048 kB
DirectMap4k:      196712 kB
DirectMap2M:     7026688 kB
DirectMap1G:     2097152 kB


CPU:total 8 (4 cores per cpu, 2 threads per core) family 6 model 60 stepping 3, cmov, cx8, fxsr, mmx, sse, sse2, sse3, ssse3, sse4.1, sse4.2, popcnt, avx, avx2, aes, clmul, erms, lzcnt, ht, tsc, tscinvbit, bmi1, bmi2

/proc/cpuinfo:
processor	: 0
vendor_id	: GenuineIntel
cpu family	: 6
model		: 60
model name	: Intel(R) Core(TM) i7-4790 CPU @ 3.60GHz
stepping	: 3
microcode	: 0x1c
cpu MHz		: 2019.515
cache size	: 8192 KB
physical id	: 0
siblings	: 8
core id		: 0
cpu cores	: 4
apicid		: 0
initial apicid	: 0
fpu		: yes
fpu_exception	: yes
cpuid level	: 13
wp		: yes
flags		: fpu vme de pse tsc msr pae mce cx8 apic sep mtrr pge mca cmov pat pse36 clflush dts acpi mmx fxsr sse sse2 ss ht tm pbe syscall nx pdpe1gb rdtscp lm constant_tsc arch_perfmon pebs bts rep_good nopl xtopology nonstop_tsc aperfmperf eagerfpu pni pclmulqdq dtes64 monitor ds_cpl vmx smx est tm2 ssse3 fma cx16 xtpr pdcm pcid sse4_1 sse4_2 x2apic movbe popcnt tsc_deadline_timer aes xsave avx f16c rdrand lahf_lm abm ida arat pln pts dtherm tpr_shadow vnmi flexpriority ept vpid fsgsbase tsc_adjust bmi1 avx2 smep bmi2 erms invpcid xsaveopt
bugs		:
bogomips	: 7200.07
clflush size	: 64
cache_alignment	: 64
address sizes	: 39 bits physical, 48 bits virtual
power management:

processor	: 1
vendor_id	: GenuineIntel
cpu family	: 6
model		: 60
model name	: Intel(R) Core(TM) i7-4790 CPU @ 3.60GHz
stepping	: 3
microcode	: 0x1c
cpu MHz		: 1285.875
cache size	: 8192 KB
physical id	: 0
siblings	: 8
core id		: 1
cpu cores	: 4
apicid		: 2
initial apicid	: 2
fpu		: yes
fpu_exception	: yes
cpuid level	: 13
wp		: yes
flags		: fpu vme de pse tsc msr pae mce cx8 apic sep mtrr pge mca cmov pat pse36 clflush dts acpi mmx fxsr sse sse2 ss ht tm pbe syscall nx pdpe1gb rdtscp lm constant_tsc arch_perfmon pebs bts rep_good nopl xtopology nonstop_tsc aperfmperf eagerfpu pni pclmulqdq dtes64 monitor ds_cpl vmx smx est tm2 ssse3 fma cx16 xtpr pdcm pcid sse4_1 sse4_2 x2apic movbe popcnt tsc_deadline_timer aes xsave avx f16c rdrand lahf_lm abm ida arat pln pts dtherm tpr_shadow vnmi flexpriority ept vpid fsgsbase tsc_adjust bmi1 avx2 smep bmi2 erms invpcid xsaveopt
bugs		:
bogomips	: 7200.07
clflush size	: 64
cache_alignment	: 64
address sizes	: 39 bits physical, 48 bits virtual
power management:

processor	: 2
vendor_id	: GenuineIntel
cpu family	: 6
model		: 60
model name	: Intel(R) Core(TM) i7-4790 CPU @ 3.60GHz
stepping	: 3
microcode	: 0x1c
cpu MHz		: 3565.687
cache size	: 8192 KB
physical id	: 0
siblings	: 8
core id		: 2
cpu cores	: 4
apicid		: 4
initial apicid	: 4
fpu		: yes
fpu_exception	: yes
cpuid level	: 13
wp		: yes
flags		: fpu vme de pse tsc msr pae mce cx8 apic sep mtrr pge mca cmov pat pse36 clflush dts acpi mmx fxsr sse sse2 ss ht tm pbe syscall nx pdpe1gb rdtscp lm constant_tsc arch_perfmon pebs bts rep_good nopl xtopology nonstop_tsc aperfmperf eagerfpu pni pclmulqdq dtes64 monitor ds_cpl vmx smx est tm2 ssse3 fma cx16 xtpr pdcm pcid sse4_1 sse4_2 x2apic movbe popcnt tsc_deadline_timer aes xsave avx f16c rdrand lahf_lm abm ida arat pln pts dtherm tpr_shadow vnmi flexpriority ept vpid fsgsbase tsc_adjust bmi1 avx2 smep bmi2 erms invpcid xsaveopt
bugs		:
bogomips	: 7200.07
clflush size	: 64
cache_alignment	: 64
address sizes	: 39 bits physical, 48 bits virtual
power management:

processor	: 3
vendor_id	: GenuineIntel
cpu family	: 6
model		: 60
model name	: Intel(R) Core(TM) i7-4790 CPU @ 3.60GHz
stepping	: 3
microcode	: 0x1c
cpu MHz		: 2400.750
cache size	: 8192 KB
physical id	: 0
siblings	: 8
core id		: 3
cpu cores	: 4
apicid		: 6
initial apicid	: 6
fpu		: yes
fpu_exception	: yes
cpuid level	: 13
wp		: yes
flags		: fpu vme de pse tsc msr pae mce cx8 apic sep mtrr pge mca cmov pat pse36 clflush dts acpi mmx fxsr sse sse2 ss ht tm pbe syscall nx pdpe1gb rdtscp lm constant_tsc arch_perfmon pebs bts rep_good nopl xtopology nonstop_tsc aperfmperf eagerfpu pni pclmulqdq dtes64 monitor ds_cpl vmx smx est tm2 ssse3 fma cx16 xtpr pdcm pcid sse4_1 sse4_2 x2apic movbe popcnt tsc_deadline_timer aes xsave avx f16c rdrand lahf_lm abm ida arat pln pts dtherm tpr_shadow vnmi flexpriority ept vpid fsgsbase tsc_adjust bmi1 avx2 smep bmi2 erms invpcid xsaveopt
bugs		:
bogomips	: 7200.07
clflush size	: 64
cache_alignment	: 64
address sizes	: 39 bits physical, 48 bits virtual
power management:

processor	: 4
vendor_id	: GenuineIntel
cpu family	: 6
model		: 60
model name	: Intel(R) Core(TM) i7-4790 CPU @ 3.60GHz
stepping	: 3
microcode	: 0x1c
cpu MHz		: 3995.578
cache size	: 8192 KB
physical id	: 0
siblings	: 8
core id		: 0
cpu cores	: 4
apicid		: 1
initial apicid	: 1
fpu		: yes
fpu_exception	: yes
cpuid level	: 13
wp		: yes
flags		: fpu vme de pse tsc msr pae mce cx8 apic sep mtrr pge mca cmov pat pse36 clflush dts acpi mmx fxsr sse sse2 ss ht tm pbe syscall nx pdpe1gb rdtscp lm constant_tsc arch_perfmon pebs bts rep_good nopl xtopology nonstop_tsc aperfmperf eagerfpu pni pclmulqdq dtes64 monitor ds_cpl vmx smx est tm2 ssse3 fma cx16 xtpr pdcm pcid sse4_1 sse4_2 x2apic movbe popcnt tsc_deadline_timer aes xsave avx f16c rdrand lahf_lm abm ida arat pln pts dtherm tpr_shadow vnmi flexpriority ept vpid fsgsbase tsc_adjust bmi1 avx2 smep bmi2 erms invpcid xsaveopt
bugs		:
bogomips	: 7200.07
clflush size	: 64
cache_alignment	: 64
address sizes	: 39 bits physical, 48 bits virtual
power management:

processor	: 5
vendor_id	: GenuineIntel
cpu family	: 6
model		: 60
model name	: Intel(R) Core(TM) i7-4790 CPU @ 3.60GHz
stepping	: 3
microcode	: 0x1c
cpu MHz		: 2697.328
cache size	: 8192 KB
physical id	: 0
siblings	: 8
core id		: 1
cpu cores	: 4
apicid		: 3
initial apicid	: 3
fpu		: yes
fpu_exception	: yes
cpuid level	: 13
wp		: yes
flags		: fpu vme de pse tsc msr pae mce cx8 apic sep mtrr pge mca cmov pat pse36 clflush dts acpi mmx fxsr sse sse2 ss ht tm pbe syscall nx pdpe1gb rdtscp lm constant_tsc arch_perfmon pebs bts rep_good nopl xtopology nonstop_tsc aperfmperf eagerfpu pni pclmulqdq dtes64 monitor ds_cpl vmx smx est tm2 ssse3 fma cx16 xtpr pdcm pcid sse4_1 sse4_2 x2apic movbe popcnt tsc_deadline_timer aes xsave avx f16c rdrand lahf_lm abm ida arat pln pts dtherm tpr_shadow vnmi flexpriority ept vpid fsgsbase tsc_adjust bmi1 avx2 smep bmi2 erms invpcid xsaveopt
bugs		:
bogomips	: 7200.07
clflush size	: 64
cache_alignment	: 64
address sizes	: 39 bits physical, 48 bits virtual
power management:

processor	: 6
vendor_id	: GenuineIntel
cpu family	: 6
model		: 60
model name	: Intel(R) Core(TM) i7-4790 CPU @ 3.60GHz
stepping	: 3
microcode	: 0x1c
cpu MHz		: 875.812
cache size	: 8192 KB
physical id	: 0
siblings	: 8
core id		: 2
cpu cores	: 4
apicid		: 5
initial apicid	: 5
fpu		: yes
fpu_exception	: yes
cpuid level	: 13
wp		: yes
flags		: fpu vme de pse tsc msr pae mce cx8 apic sep mtrr pge mca cmov pat pse36 clflush dts acpi mmx fxsr sse sse2 ss ht tm pbe syscall nx pdpe1gb rdtscp lm constant_tsc arch_perfmon pebs bts rep_good nopl xtopology nonstop_tsc aperfmperf eagerfpu pni pclmulqdq dtes64 monitor ds_cpl vmx smx est tm2 ssse3 fma cx16 xtpr pdcm pcid sse4_1 sse4_2 x2apic movbe popcnt tsc_deadline_timer aes xsave avx f16c rdrand lahf_lm abm ida arat pln pts dtherm tpr_shadow vnmi flexpriority ept vpid fsgsbase tsc_adjust bmi1 avx2 smep bmi2 erms invpcid xsaveopt
bugs		:
bogomips	: 7200.07
clflush size	: 64
cache_alignment	: 64
address sizes	: 39 bits physical, 48 bits virtual
power management:

processor	: 7
vendor_id	: GenuineIntel
cpu family	: 6
model		: 60
model name	: Intel(R) Core(TM) i7-4790 CPU @ 3.60GHz
stepping	: 3
microcode	: 0x1c
cpu MHz		: 3877.312
cache size	: 8192 KB
physical id	: 0
siblings	: 8
core id		: 3
cpu cores	: 4
apicid		: 7
initial apicid	: 7
fpu		: yes
fpu_exception	: yes
cpuid level	: 13
wp		: yes
flags		: fpu vme de pse tsc msr pae mce cx8 apic sep mtrr pge mca cmov pat pse36 clflush dts acpi mmx fxsr sse sse2 ss ht tm pbe syscall nx pdpe1gb rdtscp lm constant_tsc arch_perfmon pebs bts rep_good nopl xtopology nonstop_tsc aperfmperf eagerfpu pni pclmulqdq dtes64 monitor ds_cpl vmx smx est tm2 ssse3 fma cx16 xtpr pdcm pcid sse4_1 sse4_2 x2apic movbe popcnt tsc_deadline_timer aes xsave avx f16c rdrand lahf_lm abm ida arat pln pts dtherm tpr_shadow vnmi flexpriority ept vpid fsgsbase tsc_adjust bmi1 avx2 smep bmi2 erms invpcid xsaveopt
bugs		:
bogomips	: 7200.07
clflush size	: 64
cache_alignment	: 64
address sizes	: 39 bits physical, 48 bits virtual
power management:



Memory: 4k page, physical 8058760k(4059644k free), swap 8270844k(8261872k free)

vm_info: OpenJDK 64-Bit Server VM (25.45-b02) for linux-amd64 JRE (1.8.0_45-internal-b14), built on Apr 20 2015 00:35:04 by "buildd" with gcc 4.9.2

time: Sat Jun 13 18:31:01 2015
elapsed time: 0 seconds (0d 0h 0m 0s)

